TN:
SF:src/contracts/OpUSDCBridgeAdapter.sol
FN:46,OpUSDCBridgeAdapter.setLinkedAdapter
FNDA:3072,OpUSDCBridgeAdapter.setLinkedAdapter
DA:47,3072
BRDA:47,0,0,256
BRDA:47,0,1,2816
DA:49,2816
DA:50,2816
FN:59,OpUSDCBridgeAdapter.send
FNDA:1280,OpUSDCBridgeAdapter.send
DA:60,1280
BRDA:60,1,0,256
BRDA:60,1,1,1024
DA:62,1024
BRDA:62,2,0,-
BRDA:62,2,1,256
DA:63,512
BRDA:63,3,0,256
BRDA:63,3,1,256
DA:66,256
DA:67,256
DA:71,512
DA:76,768
DA:79,768
DA:81,768
FN:90,OpUSDCBridgeAdapter.receiveMessage
FNDA:1536,OpUSDCBridgeAdapter.receiveMessage
DA:91,1536
BRDA:91,4,0,256
BRDA:91,4,1,1280
DA:92,1280
BRDA:92,5,0,512
BRDA:92,5,1,768
DA:95,768
DA:98,768
BRDA:98,6,0,-
BRDA:98,6,1,512
DA:99,512
DA:101,256
DA:104,768
FNF:3
FNH:3
LF:19
LH:19
BRF:14
BRH:12
end_of_record
TN:
SF:test/integration/IntegrationBase.sol
FN:9,IntegrationBase.setUp
FNDA:0,IntegrationBase.setUp
FNF:1
FNH:0
LF:0
LH:0
BRF:0
BRH:0
end_of_record
TN:
SF:test/unit/OpUSDCBridgeAdapter.t.sol
FN:21,Base.setUp
FNDA:0,Base.setUp
DA:22,0
DA:23,0
FNF:1
FNH:0
LF:2
LH:0
BRF:0
BRH:0
end_of_record
TN:
SF:test/unit/OpUSDCLockbox.t.sol
FN:9,Base.setUp
FNDA:0,Base.setUp
FNF:1
FNH:0
LF:0
LH:0
BRF:0
BRH:0
end_of_record
