TN:
SF:src/contracts/L1OpUSDCBridgeAdapter.sol
FN:38,L1OpUSDCBridgeAdapter.onlyUpgradeManager
FNDA:3046,L1OpUSDCBridgeAdapter.onlyUpgradeManager
DA:39,3046
DA:39,3046
BRDA:39,0,0,1015
BRDA:39,0,1,1
DA:39,1
FN:47,L1OpUSDCBridgeAdapter.checkSender
FNDA:4060,L1OpUSDCBridgeAdapter.checkSender
DA:50,4060
DA:50,4060
DA:50,4060
DA:51,2030
DA:51,2030
DA:51,2030
BRDA:49,1,0,2030
BRDA:49,1,1,2030
DA:53,2030
DA:53,2030
FN:67,L1OpUSDCBridgeAdapter.
FNDA:45,L1OpUSDCBridgeAdapter.
DA:73,45
DA:73,45
DA:74,45
DA:74,45
FN:83,L1OpUSDCBridgeAdapter.setBurnAmount
FNDA:4060,L1OpUSDCBridgeAdapter.setBurnAmount
DA:85,4060
DA:85,4060
DA:85,4060
DA:86,2030
DA:86,2030
DA:86,2030
BRDA:84,2,0,2030
BRDA:84,2,1,2030
DA:88,2030
DA:88,2030
DA:91,2030
DA:91,2030
DA:93,2030
DA:93,2030
FN:103,L1OpUSDCBridgeAdapter.resumeMessaging
FNDA:4060,L1OpUSDCBridgeAdapter.resumeMessaging
DA:104,3045
DA:104,3045
BRDA:104,3,0,1015
BRDA:104,3,1,2030
DA:104,1015
DA:106,2030
DA:106,2030
DA:108,2030
DA:108,2030
DA:112,2030
DA:112,2030
FN:119,L1OpUSDCBridgeAdapter.burnLockedUSDC
FNDA:2031,L1OpUSDCBridgeAdapter.burnLockedUSDC
DA:120,2031
DA:120,2031
BRDA:120,4,0,1
BRDA:120,4,1,2030
DA:120,1
DA:123,2030
DA:123,2030
DA:126,2030
DA:126,2030
DA:127,2030
DA:127,2030
FN:135,L1OpUSDCBridgeAdapter.initalizeNewMessenger
FNDA:4060,L1OpUSDCBridgeAdapter.initalizeNewMessenger
DA:136,4060
DA:136,4060
BRDA:136,5,0,1015
BRDA:136,5,1,3045
DA:136,1015
DA:137,3045
DA:137,3045
BRDA:137,6,0,1015
BRDA:137,6,1,2030
DA:138,1015
DA:138,1015
DA:141,2030
DA:141,2030
DA:143,2030
DA:143,2030
FN:153,L1OpUSDCBridgeAdapter.sendMessage
FNDA:3045,L1OpUSDCBridgeAdapter.sendMessage
DA:155,3045
DA:155,3045
BRDA:155,7,0,1015
BRDA:155,7,1,2030
DA:155,1015
DA:158,2030
DA:158,2030
DA:161,2030
DA:161,2030
DA:165,2030
DA:165,2030
FN:178,L1OpUSDCBridgeAdapter.sendMessage
FNDA:6079,L1OpUSDCBridgeAdapter.sendMessage
DA:188,6079
DA:188,6079
BRDA:188,8,0,1015
BRDA:188,8,1,5064
DA:188,1015
DA:191,5064
DA:191,5064
BRDA:191,9,0,1004
BRDA:191,9,1,4060
DA:191,1004
DA:194,4060
DA:194,4060
DA:194,4060
DA:196,4060
DA:196,4060
DA:199,4060
DA:199,4060
BRDA:199,10,0,1015
BRDA:199,10,1,3045
DA:199,1015
DA:202,3045
DA:202,3045
DA:205,3045
DA:205,3045
DA:209,3045
DA:209,3045
FN:219,L1OpUSDCBridgeAdapter.sendL2AdapterUpgrade
FNDA:4060,L1OpUSDCBridgeAdapter.sendL2AdapterUpgrade
DA:225,3045
DA:225,3045
BRDA:225,11,0,1015
BRDA:225,11,1,2030
DA:225,1015
DA:227,2030
DA:227,2030
DA:233,2030
DA:233,2030
FN:242,L1OpUSDCBridgeAdapter.receiveMessage
FNDA:4060,L1OpUSDCBridgeAdapter.receiveMessage
DA:244,2030
DA:244,2030
DA:246,2030
DA:246,2030
FN:256,L1OpUSDCBridgeAdapter.migrateToNative
FNDA:5075,L1OpUSDCBridgeAdapter.migrateToNative
DA:258,4060
DA:258,4060
BRDA:258,12,0,-
BRDA:258,12,1,4060
DA:258,0
DA:259,4060
DA:259,4060
DA:259,4060
BRDA:259,13,0,1015
BRDA:259,13,1,3045
DA:259,1015
DA:261,3045
DA:261,3045
DA:262,3045
DA:262,3045
DA:264,3045
DA:264,3045
DA:268,3045
DA:268,3045
DA:269,3045
DA:269,3045
FN:279,L1OpUSDCBridgeAdapter.stopMessaging
FNDA:3046,L1OpUSDCBridgeAdapter.stopMessaging
DA:281,3045
DA:281,3045
BRDA:281,14,0,1015
BRDA:281,14,1,2030
DA:281,1015
DA:283,2030
DA:283,2030
DA:287,2030
DA:287,2030
DA:289,2030
DA:289,2030
FN:296,L1OpUSDCBridgeAdapter._authorizeUpgrade
FNDA:1016,L1OpUSDCBridgeAdapter._authorizeUpgrade
FNF:14
FNH:14
LF:52
LH:52
BRF:30
BRH:29
end_of_record
TN:
SF:src/contracts/L2OpUSDCBridgeAdapter.sol
FN:28,L2OpUSDCBridgeAdapter.checkSender
FNDA:1018,L2OpUSDCBridgeAdapter.checkSender
DA:29,1018
DA:29,1018
DA:29,1018
DA:29,3
DA:29,3
BRDA:29,0,0,2
BRDA:29,0,1,1
DA:30,1016
DA:30,1016
FN:43,L2OpUSDCBridgeAdapter.
FNDA:26,L2OpUSDCBridgeAdapter.
DA:44,26
DA:44,26
DA:45,26
DA:45,26
FN:56,L2OpUSDCBridgeAdapter.sendMessage
FNDA:3045,L2OpUSDCBridgeAdapter.sendMessage
DA:58,3045
BRDA:58,1,0,1015
BRDA:58,1,1,2030
DA:58,1015
DA:61,2030
DA:61,2030
DA:64,2030
DA:64,2030
DA:68,2030
DA:68,2030
FN:80,L2OpUSDCBridgeAdapter.sendMessage
FNDA:6080,L2OpUSDCBridgeAdapter.sendMessage
DA:89,6080
BRDA:89,2,0,1015
BRDA:89,2,1,5065
DA:89,1015
DA:92,5065
DA:92,5065
BRDA:92,3,0,1005
BRDA:92,3,1,4060
DA:92,1005
DA:95,4060
DA:95,4060
DA:95,4060
DA:97,4060
DA:97,4060
DA:100,4060
DA:100,4060
BRDA:100,4,0,1015
BRDA:100,4,1,3045
DA:100,1015
DA:103,3045
DA:103,3045
DA:106,3045
DA:106,3045
DA:110,3045
DA:110,3045
FN:119,L2OpUSDCBridgeAdapter.receiveMessage
FNDA:4060,L2OpUSDCBridgeAdapter.receiveMessage
DA:121,2030
DA:121,2030
DA:122,2030
DA:122,2030
FN:128,L2OpUSDCBridgeAdapter.receiveStopMessaging
FNDA:1018,L2OpUSDCBridgeAdapter.receiveStopMessaging
DA:129,2
DA:129,2
DA:131,2
DA:131,2
FN:137,L2OpUSDCBridgeAdapter.receiveResumeMessaging
FNDA:1018,L2OpUSDCBridgeAdapter.receiveResumeMessaging
DA:139,2
DA:139,2
DA:141,2
DA:141,2
FN:150,L2OpUSDCBridgeAdapter.receiveMigrateToNative
FNDA:0,L2OpUSDCBridgeAdapter.receiveMigrateToNative
DA:152,0
DA:152,0
DA:154,0
DA:154,0
DA:154,0
DA:156,0
DA:156,0
DA:160,0
DA:160,0
DA:162,0
DA:162,0
FN:169,L2OpUSDCBridgeAdapter._authorizeUpgrade
FNDA:3,L2OpUSDCBridgeAdapter._authorizeUpgrade
FNF:9
FNH:8
LF:27
LH:22
BRF:10
BRH:10
end_of_record
TN:
SF:src/contracts/UpgradeManager.sol
FN:34,UpgradeManager.
FNDA:30,UpgradeManager.
DA:35,30
DA:35,30
DA:36,30
DA:36,30
FN:43,UpgradeManager.initialize
FNDA:28,UpgradeManager.initialize
DA:44,28
DA:44,28
FN:52,UpgradeManager.setL2AdapterImplementation
FNDA:3045,UpgradeManager.setL2AdapterImplementation
DA:53,2030
DA:53,2030
DA:55,2030
DA:55,2030
FN:63,UpgradeManager.setBridgedUSDCImplementation
FNDA:3045,UpgradeManager.setBridgedUSDCImplementation
DA:64,2030
DA:64,2030
DA:66,2030
DA:66,2030
FN:73,UpgradeManager.whitelistMessenger
FNDA:3045,UpgradeManager.whitelistMessenger
DA:74,2030
DA:74,2030
DA:76,2030
DA:76,2030
FN:85,UpgradeManager.prepareMigrateToNative
FNDA:4060,UpgradeManager.prepareMigrateToNative
DA:86,3045
BRDA:86,0,0,1015
BRDA:86,0,1,2030
DA:86,1015
DA:88,2030
DA:88,2030
DA:90,2030
DA:90,2030
FN:100,UpgradeManager.resumeMessaging
FNDA:2030,UpgradeManager.resumeMessaging
DA:101,1015
DA:101,1015
FN:111,UpgradeManager.stopMessaging
FNDA:2030,UpgradeManager.stopMessaging
DA:112,1015
DA:112,1015
FN:121,UpgradeManager.executeMigration
FNDA:6090,UpgradeManager.executeMigration
DA:122,6090
DA:122,6090
DA:125,6090
DA:125,6090
DA:125,6090
DA:125,6090
DA:125,5075
DA:125,5075
BRDA:125,1,0,2030
BRDA:125,1,1,4060
DA:126,2030
DA:126,2030
DA:128,4060
BRDA:128,2,0,1015
BRDA:128,2,1,3045
DA:128,1015
DA:129,3045
DA:129,3045
BRDA:129,3,0,1015
BRDA:129,3,1,2030
DA:129,1015
DA:132,2030
DA:132,2030
DA:134,2030
DA:134,2030
DA:136,2030
DA:136,2030
FN:143,UpgradeManager._authorizeUpgrade
FNDA:1016,UpgradeManager._authorizeUpgrade
FNF:10
FNH:10
LF:22
LH:22
BRF:8
BRH:8
end_of_record
TN:
SF:src/contracts/universal/OpUSDCBridgeAdapter.sol
FN:21,OpUSDCBridgeAdapter.
FNDA:73,OpUSDCBridgeAdapter.
DA:22,73
DA:22,73
DA:23,73
DA:23,73
FNF:1
FNH:1
LF:2
LH:2
BRF:0
BRH:0
end_of_record
TN:
SF:test/integration/IntegrationBase.sol
FN:9,IntegrationBase.setUp
FNDA:0,IntegrationBase.setUp
FNF:1
FNH:0
LF:0
LH:0
BRF:0
BRH:0
end_of_record
TN:
SF:test/unit/L1OpUSDCBridgeAdapter.t.sol
FN:9,ForTestL1OpUSDCBridgeAdapter.
FNDA:45,ForTestL1OpUSDCBridgeAdapter.
FN:16,ForTestL1OpUSDCBridgeAdapter.forTest_setBurnAmount
FNDA:2030,ForTestL1OpUSDCBridgeAdapter.forTest_setBurnAmount
DA:17,2030
DA:17,2030
FN:20,ForTestL1OpUSDCBridgeAdapter.forTest_setCircle
FNDA:3045,ForTestL1OpUSDCBridgeAdapter.forTest_setCircle
DA:21,3045
DA:21,3045
FN:24,ForTestL1OpUSDCBridgeAdapter.forTest_setMessagerStatus
FNDA:22319,ForTestL1OpUSDCBridgeAdapter.forTest_setMessagerStatus
DA:25,22319
DA:25,22319
FN:52,Base.setUp
FNDA:44,Base.setUp
DA:53,44
DA:53,44
DA:54,44
DA:54,44
DA:55,44
DA:55,44
DA:56,44
DA:56,44
FNF:5
FNH:5
LF:7
LH:7
BRF:0
BRH:0
end_of_record
TN:
SF:test/unit/L2OpUSDCBridgeAdapter.t.sol
FN:37,Base.setUp
FNDA:25,Base.setUp
DA:38,25
DA:38,25
DA:39,25
DA:39,25
DA:39,25
DA:40,25
DA:40,25
FN:9,ForTestL2OpUSDCBridgeAdapter.
FNDA:26,ForTestL2OpUSDCBridgeAdapter.
FN:15,ForTestL2OpUSDCBridgeAdapter.forTest_setIsMessagingDisabled
FNDA:2030,ForTestL2OpUSDCBridgeAdapter.forTest_setIsMessagingDisabled
DA:16,2030
DA:16,2030
FN:19,ForTestL2OpUSDCBridgeAdapter.forTest_authorizeUpgrade
FNDA:0,ForTestL2OpUSDCBridgeAdapter.forTest_authorizeUpgrade
DA:20,0
DA:20,0
FNF:4
FNH:3
LF:5
LH:4
BRF:0
BRH:0
end_of_record
TN:
SF:test/unit/OpUSDCBridgeAdapter.t.sol
FN:19,Base.setUp
FNDA:2,Base.setUp
DA:20,2
DA:20,2
FN:8,ForTestOpUSDCBridgeAdapter.
FNDA:2,ForTestOpUSDCBridgeAdapter.
FN:10,ForTestOpUSDCBridgeAdapter.receiveMessage
FNDA:1,ForTestOpUSDCBridgeAdapter.receiveMessage
FNF:3
FNH:3
LF:1
LH:1
BRF:0
BRH:0
end_of_record
TN:
SF:test/unit/UpgradeManager.t.sol
FN:9,ForTestUpgradeManager.
FNDA:58,ForTestUpgradeManager.
FN:11,ForTestUpgradeManager.forTest_setMigrationsExecuted
FNDA:2030,ForTestUpgradeManager.forTest_setMigrationsExecuted
DA:12,2030
DA:12,2030
FN:15,ForTestUpgradeManager.forTest_setMigrationsCircle
FNDA:5075,ForTestUpgradeManager.forTest_setMigrationsCircle
DA:16,5075
DA:16,5075
FN:19,ForTestUpgradeManager.forTest_setMigrationsExecutor
FNDA:5075,ForTestUpgradeManager.forTest_setMigrationsExecutor
DA:20,5075
DA:20,5075
FN:42,Base.setUp
FNDA:28,Base.setUp
DA:43,28
DA:43,28
DA:44,28
DA:44,28
DA:45,28
DA:45,28
DA:45,28
DA:46,28
DA:46,28
FNF:5
FNH:5
LF:7
LH:7
BRF:0
BRH:0
end_of_record
TN:
SF:test/utils/Helpers.sol
FN:17,Helpers._mockAndExpect
FNDA:19289,Helpers._mockAndExpect
DA:18,19289
DA:18,19289
DA:19,19289
DA:19,19289
FN:22,Helpers._generateSignature
FNDA:8120,Helpers._generateSignature
DA:30,8120
DA:30,8120
DA:31,8120
DA:31,8120
DA:31,8120
DA:32,8120
DA:32,8120
DA:32,8120
DA:33,8120
DA:33,8120
DA:34,8120
DA:34,8120
FNF:2
FNH:2
LF:7
LH:7
BRF:0
BRH:0
end_of_record
