TN:
SF:/home/hexshire/opUSDC/node_modules/@openzeppelin/contracts/access/Ownable.sol
DA:1,0
DA:39,0
DA:40,0
DA:42,0
DA:49,12
DA:56,4
DA:57,4
DA:63,1
DA:64,3
DA:65,8
DA:76,5
DA:77,1
DA:84,12
DA:85,0
DA:86,8
DA:88,1
DA:95,0
DA:96,0
DA:97,0
DA:98,0
end_of_record

SF:/home/hexshire/opUSDC/node_modules/@openzeppelin/contracts/interfaces/IERC1271.sol
end_of_record

SF:/home/hexshire/opUSDC/node_modules/@openzeppelin/contracts/token/ERC20/IERC20.sol
end_of_record

SF:/home/hexshire/opUSDC/node_modules/@openzeppelin/contracts/token/ERC20/extensions/IERC20Permit.sol
end_of_record

SF:/home/hexshire/opUSDC/node_modules/@openzeppelin/contracts/token/ERC20/utils/SafeERC20.sol
DA:19,0
DA:36,5
DA:37,16
DA:44,6
DA:45,50
DA:91,1
DA:96,10
DA:97,30
DA:98,0
end_of_record

SF:/home/hexshire/opUSDC/node_modules/@openzeppelin/contracts/utils/Address.sol
DA:9,0
DA:70,2
DA:71,6
DA:83,2
DA:84,7
DA:85,0
DA:87,67
DA:88,6
DA:114,1
DA:118,1
DA:119,4
DA:120,4
DA:124,12
DA:125,0
DA:127,3
DA:146,1
DA:148,5
DA:152,2
DA:153,5
DA:156,0
end_of_record

SF:/home/hexshire/opUSDC/node_modules/@openzeppelin/contracts/utils/Context.sol
DA:18,2
end_of_record

SF:/home/hexshire/opUSDC/node_modules/@openzeppelin/contracts/utils/Strings.sol
DA:12,0
end_of_record

SF:/home/hexshire/opUSDC/node_modules/@openzeppelin/contracts/utils/cryptography/ECDSA.sol
DA:12,0
DA:56,10
DA:57,7
DA:58,1
DA:65,5
DA:66,5
DA:67,6
DA:69,16
DA:71,0
DA:122,11
DA:127,3
DA:137,7
DA:138,0
DA:142,40
DA:143,5
DA:144,0
DA:147,5
end_of_record

SF:/home/hexshire/opUSDC/node_modules/@openzeppelin/contracts/utils/cryptography/MessageHashUtils.sol
DA:15,0
DA:30,1
DA:33,4
DA:34,4
DA:35,3
end_of_record

SF:/home/hexshire/opUSDC/node_modules/@openzeppelin/contracts/utils/cryptography/SignatureChecker.sol
DA:14,0
DA:22,9
DA:23,11
DA:24,4
DA:25,24
DA:26,1
DA:36,0
DA:40,0
DA:41,0
DA:42,0
DA:44,0
DA:45,0
DA:46,0
end_of_record

SF:/home/hexshire/opUSDC/node_modules/@openzeppelin/contracts/utils/math/Math.sol
DA:9,0
end_of_record

SF:/home/hexshire/opUSDC/node_modules/@openzeppelin/contracts/utils/math/SignedMath.sol
DA:9,0
end_of_record

SF:/home/hexshire/opUSDC/node_modules/forge-std/src/Base.sol
end_of_record

SF:/home/hexshire/opUSDC/node_modules/forge-std/src/StdAssertions.sol
DA:38,0
DA:39,0
DA:40,0
DA:42,0
end_of_record

SF:/home/hexshire/opUSDC/node_modules/forge-std/src/StdChains.sol
DA:66,0
end_of_record

SF:/home/hexshire/opUSDC/node_modules/forge-std/src/StdCheats.sol
end_of_record

SF:/home/hexshire/opUSDC/node_modules/forge-std/src/StdError.sol
DA:5,0
DA:6,0
DA:7,0
DA:8,0
DA:9,0
DA:10,0
DA:11,0
DA:12,0
DA:13,0
DA:14,0
end_of_record

SF:/home/hexshire/opUSDC/node_modules/forge-std/src/StdInvariant.sol
DA:78,0
DA:79,0
DA:82,0
DA:83,0
DA:86,0
DA:87,0
DA:90,0
DA:91,0
DA:94,0
DA:95,0
DA:98,0
DA:99,0
DA:102,0
DA:103,0
DA:106,0
DA:107,0
DA:110,0
DA:111,0
end_of_record

SF:/home/hexshire/opUSDC/node_modules/forge-std/src/StdJson.sol
DA:25,0
end_of_record

SF:/home/hexshire/opUSDC/node_modules/forge-std/src/StdMath.sol
DA:4,0
end_of_record

SF:/home/hexshire/opUSDC/node_modules/forge-std/src/StdStorage.sol
DA:24,0
DA:334,0
end_of_record

SF:/home/hexshire/opUSDC/node_modules/forge-std/src/StdStyle.sol
DA:6,0
end_of_record

SF:/home/hexshire/opUSDC/node_modules/forge-std/src/StdToml.sol
DA:25,0
end_of_record

SF:/home/hexshire/opUSDC/node_modules/forge-std/src/StdUtils.sol
end_of_record

SF:/home/hexshire/opUSDC/node_modules/forge-std/src/Test.sol
DA:32,0
end_of_record

SF:/home/hexshire/opUSDC/node_modules/forge-std/src/Vm.sol
end_of_record

SF:/home/hexshire/opUSDC/node_modules/forge-std/src/console.sol
DA:4,0
end_of_record

SF:/home/hexshire/opUSDC/node_modules/forge-std/src/console2.sol
DA:9,0
end_of_record

SF:/home/hexshire/opUSDC/node_modules/forge-std/src/interfaces/IERC165.sol
end_of_record

SF:/home/hexshire/opUSDC/node_modules/forge-std/src/interfaces/IERC20.sol
end_of_record

SF:/home/hexshire/opUSDC/node_modules/forge-std/src/interfaces/IERC721.sol
end_of_record

SF:/home/hexshire/opUSDC/node_modules/forge-std/src/interfaces/IMulticall3.sol
end_of_record

SF:/home/hexshire/opUSDC/node_modules/forge-std/src/mocks/MockERC20.sol
DA:8,0
DA:19,0
DA:20,0
DA:23,0
DA:24,0
DA:27,0
DA:28,0
DA:41,0
DA:42,0
DA:45,0
DA:46,0
DA:49,0
DA:50,0
DA:61,0
DA:72,0
DA:73,0
DA:75,0
DA:76,0
DA:77,0
DA:79,0
DA:80,0
DA:82,0
DA:89,0
DA:90,0
DA:92,0
DA:94,0
DA:97,0
DA:98,0
DA:99,0
DA:101,0
DA:106,0
DA:107,0
DA:109,0
DA:111,0
DA:112,0
DA:114,0
DA:116,0
DA:123,0
DA:126,0
DA:127,0
DA:129,0
DA:130,0
DA:131,0
DA:133,0
DA:134,0
DA:135,0
DA:136,0
DA:139,0
DA:140,0
DA:141,0
DA:142,0
DA:153,0
DA:155,0
DA:157,0
DA:160,0
DA:161,0
DA:164,0
DA:165,0
DA:166,0
DA:167,0
DA:168,0
DA:169,0
DA:170,0
DA:171,0
DA:180,0
DA:181,0
DA:182,0
DA:184,0
DA:187,0
DA:188,0
DA:189,0
DA:191,0
DA:198,0
DA:199,0
DA:200,0
DA:204,0
DA:205,0
DA:206,0
DA:217,0
DA:220,0
DA:226,0
DA:227,0
DA:232,0
end_of_record

SF:/home/hexshire/opUSDC/node_modules/forge-std/src/mocks/MockERC721.sol
DA:8,0
DA:17,0
DA:18,0
DA:21,0
DA:22,0
DA:25,0
DA:35,0
DA:36,0
DA:39,0
DA:40,0
DA:42,0
DA:53,0
DA:54,0
DA:57,0
DA:58,0
DA:70,0
DA:71,0
DA:73,0
DA:74,0
DA:76,0
DA:83,0
DA:84,0
DA:86,0
DA:88,0
DA:90,0
DA:93,0
DA:94,0
DA:96,0
DA:99,0
DA:100,0
DA:102,0
DA:104,0
DA:105,0
DA:111,0
DA:113,0
DA:115,0
DA:117,0
DA:119,0
DA:122,0
DA:123,0
DA:125,0
DA:126,0
DA:127,0
DA:128,0
DA:133,0
DA:139,0
DA:141,0
DA:142,0
DA:143,0
DA:144,0
DA:153,0
DA:154,0
DA:155,0
DA:156,0
DA:226,0
DA:229,0
end_of_record

SF:/home/hexshire/opUSDC/node_modules/forge-std/src/safeconsole.sol
DA:6,0
end_of_record

SF:/home/hexshire/opUSDC/node_modules/halmos-cheatcodes/src/SVM.sol
end_of_record

SF:/home/hexshire/opUSDC/node_modules/halmos-cheatcodes/src/SymTest.sol
end_of_record

SF:/home/hexshire/opUSDC/script/utils/USDCImplementationCreationCode.sol
end_of_record

SF:/home/hexshire/opUSDC/src/contracts/L1OpUSDCBridgeAdapter.sol
DA:16,172
DA:20,9
DA:23,16
DA:26,37
DA:32,154
DA:33,26
DA:46,0
DA:51,0
DA:64,26
DA:72,14
DA:75,43
DA:76,13
DA:79,6
DA:80,14
DA:82,49
DA:83,2
DA:84,27
DA:85,2
DA:88,13
DA:96,21
DA:97,32
DA:99,4
DA:100,7
DA:102,5
DA:109,10
DA:110,21
DA:113,19
DA:116,6
DA:122,61
DA:123,14
DA:125,38
DA:128,3
DA:131,8
DA:133,5
DA:146,19
DA:149,43
DA:150,13
DA:153,7
DA:155,41
DA:156,25
DA:159,6
DA:168,14
DA:171,43
DA:172,13
DA:175,6
DA:177,41
DA:178,25
DA:181,13
DA:194,22
DA:196,55
DA:199,9
DA:202,51
DA:203,31
DA:206,25
DA:218,29
DA:225,1
DA:227,32
DA:230,7
DA:233,4
DA:234,55
DA:236,50
DA:239,9
DA:242,51
DA:243,31
DA:246,25
DA:255,20
DA:257,8
DA:258,14
end_of_record

SF:/home/hexshire/opUSDC/src/contracts/L1OpUSDCFactory.sol
DA:19,35
DA:21,8
DA:24,1
DA:27,0
DA:30,0
DA:37,1
DA:40,0
DA:43,0
DA:49,0
DA:50,0
DA:67,24
DA:71,7
DA:74,38
DA:77,16
DA:80,7
DA:83,2
DA:84,173
DA:87,2
DA:89,30
DA:90,1
DA:91,8
DA:92,8
DA:93,1
DA:94,8
DA:98,69
DA:99,16
DA:103,7
DA:105,26
DA:107,11
end_of_record

SF:/home/hexshire/opUSDC/src/contracts/L2OpUSDCBridgeAdapter.sol
DA:18,168
DA:31,8
DA:34,15
DA:37,13
DA:43,388
DA:44,65
DA:57,0
DA:62,0
DA:63,0
DA:77,21
DA:78,7
DA:79,15
DA:81,65
DA:83,45
DA:84,33
DA:87,7
DA:95,22
DA:96,24
DA:99,38
DA:102,43
DA:112,10
DA:113,16
DA:115,16
DA:121,9
DA:123,6
DA:125,6
DA:138,16
DA:140,21
DA:142,9
DA:145,45
DA:148,51
DA:149,31
DA:152,25
DA:164,18
DA:171,1
DA:173,21
DA:176,7
DA:179,4
DA:180,55
DA:182,50
DA:184,9
DA:187,45
DA:190,51
DA:191,31
DA:194,25
DA:203,15
DA:205,45
DA:206,15
DA:221,14
DA:222,8
DA:223,1
DA:225,14
DA:226,0
DA:227,15
DA:228,0
DA:230,41
DA:233,3
DA:234,13
DA:237,0
end_of_record

SF:/home/hexshire/opUSDC/src/contracts/L2OpUSDCFactory.sol
DA:17,0
DA:18,0
DA:30,0
DA:36,0
DA:38,0
DA:39,0
DA:42,0
DA:43,0
DA:44,0
DA:45,0
DA:48,0
DA:49,0
DA:50,0
DA:51,0
DA:54,0
DA:56,0
DA:59,0
DA:60,0
DA:73,0
DA:80,0
DA:81,0
DA:82,0
DA:83,0
DA:84,0
DA:85,0
DA:86,0
DA:87,0
DA:88,0
DA:92,0
DA:94,0
DA:96,0
DA:99,0
DA:100,0
DA:101,0
DA:102,0
DA:112,0
DA:114,0
DA:116,0
DA:117,0
end_of_record

SF:/home/hexshire/opUSDC/src/contracts/universal/OpUSDCBridgeAdapter.sol
DA:14,5
DA:17,22
DA:20,5
DA:23,30
DA:34,0
DA:35,0
DA:36,0
DA:83,1
DA:84,2
DA:86,9
end_of_record

SF:/home/hexshire/opUSDC/src/contracts/utils/FallbackProxyAdmin.sol
DA:15,60
DA:17,15
DA:22,0
DA:23,0
DA:32,12
DA:33,13
DA:40,15
DA:41,41
DA:49,10
DA:50,0
end_of_record

SF:/home/hexshire/opUSDC/src/contracts/utils/USDCInitTxs.sol
DA:8,0
DA:12,26
DA:17,27
DA:22,0
DA:23,53
end_of_record

SF:/home/hexshire/opUSDC/src/contracts/utils/USDCProxyCreationCode.sol
end_of_record

SF:/home/hexshire/opUSDC/src/interfaces/IL1OpUSDCBridgeAdapter.sol
end_of_record

SF:/home/hexshire/opUSDC/src/interfaces/IL1OpUSDCFactory.sol
end_of_record

SF:/home/hexshire/opUSDC/src/interfaces/IL2OpUSDCBridgeAdapter.sol
end_of_record

SF:/home/hexshire/opUSDC/src/interfaces/IL2OpUSDCFactory.sol
end_of_record

SF:/home/hexshire/opUSDC/src/interfaces/IOpUSDCBridgeAdapter.sol
end_of_record

SF:/home/hexshire/opUSDC/src/interfaces/external/ICreate2Deployer.sol
end_of_record

SF:/home/hexshire/opUSDC/src/interfaces/external/ICrossDomainMessenger.sol
end_of_record

SF:/home/hexshire/opUSDC/src/interfaces/external/IUSDC.sol
end_of_record

SF:/home/hexshire/opUSDC/src/libraries/CrossChainDeployments.sol
DA:12,20
DA:25,35
DA:31,3
DA:32,51
DA:33,15
DA:35,1
DA:36,50
DA:37,50
DA:47,3
DA:51,1
DA:53,2
DA:54,5
DA:55,5
DA:56,3
DA:57,5
DA:58,3
DA:59,4
DA:70,3
DA:73,1
DA:74,1
DA:79,7
DA:80,20
DA:87,0
DA:88,0
DA:89,0
DA:90,0
DA:91,0
DA:92,0
DA:93,0
DA:94,0
DA:95,0
DA:96,0
DA:97,0
DA:98,0
DA:99,1
DA:100,0
DA:102,0
DA:105,8
end_of_record

SF:/home/hexshire/opUSDC/test/invariants/AdvancedTestsUtils.sol
DA:53,0
DA:54,0
DA:55,0
DA:58,0
DA:59,0
DA:63,0
DA:69,9
DA:70,32
DA:71,676
DA:75,0
DA:76,0
DA:77,0
DA:81,6
DA:82,21
DA:85,18
DA:86,22
DA:94,0
DA:97,0
DA:99,0
DA:101,4
DA:102,19
DA:105,4
DA:106,12
DA:114,0
DA:116,0
end_of_record

SF:/home/hexshire/opUSDC/test/invariants/fuzz/Create2Deployer.sol
DA:5,24
DA:7,24
DA:8,1
DA:9,7
DA:10,7
DA:13,9
DA:15,5
DA:17,1
end_of_record

SF:/home/hexshire/opUSDC/test/invariants/fuzz/MockBridge.sol
DA:7,43
DA:8,0
DA:12,0
DA:16,18
DA:17,3
DA:20,25
DA:21,8
DA:22,10
DA:23,13
DA:25,65
DA:29,0
DA:36,0
DA:37,0
DA:38,0
DA:39,0
DA:41,0
DA:44,10
DA:45,7
DA:48,15
DA:49,14
end_of_record

SF:/home/hexshire/opUSDC/test/invariants/fuzz/OpUSDC.t.sol
DA:12,230
DA:32,5
DA:33,78
DA:34,78
DA:35,78
DA:37,78
DA:38,78
DA:39,76
DA:46,18
DA:48,35
DA:50,9
DA:52,8
DA:54,68
DA:55,63
DA:56,67
DA:58,44
DA:60,62
DA:62,77
DA:63,73
DA:64,69
DA:66,4
DA:67,65
DA:70,77
DA:71,70
DA:79,16
DA:84,7
DA:86,10
DA:87,35
DA:89,8
DA:92,64
DA:93,62
DA:94,9
DA:95,3
DA:96,20
DA:98,6
DA:100,64
DA:101,63
DA:102,67
DA:104,48
DA:107,77
DA:109,77
DA:110,69
DA:111,69
DA:113,4
DA:114,65
DA:117,77
DA:118,66
DA:126,17
DA:128,35
DA:130,9
DA:132,9
DA:134,69
DA:135,63
DA:137,44
DA:140,61
DA:142,71
DA:143,73
DA:144,31
DA:145,69
DA:148,70
DA:149,72
DA:157,16
DA:162,6
DA:164,10
DA:165,35
DA:167,8
DA:169,64
DA:170,62
DA:171,9
DA:172,3
DA:173,20
DA:175,7
DA:177,61
DA:178,63
DA:180,44
DA:182,67
DA:184,71
DA:185,69
DA:186,12
DA:187,69
DA:190,70
DA:191,64
DA:197,5
DA:198,6
DA:199,66
DA:201,0
DA:207,5
DA:209,111
DA:210,72
DA:212,81
DA:214,68
DA:215,70
DA:216,17
DA:218,117
DA:220,57
DA:221,77
DA:222,65
DA:224,0
DA:230,11
DA:232,70
DA:234,44
DA:237,49
DA:239,78
DA:240,3
DA:241,14
DA:242,10
DA:244,3
DA:247,3
DA:255,14
DA:256,70
DA:258,44
DA:260,49
DA:261,78
DA:262,3
DA:263,14
DA:264,10
DA:266,79
DA:268,3
DA:269,86
DA:270,75
DA:277,9
DA:279,68
DA:280,70
DA:281,70
DA:283,113
DA:286,49
DA:288,13
DA:290,77
DA:291,70
DA:292,8
DA:294,37
DA:300,6
DA:302,87
DA:307,14
DA:310,7
DA:311,78
DA:312,74
DA:315,20
DA:319,49
DA:323,61
DA:324,77
DA:328,60
DA:330,1
DA:336,15
DA:338,39
DA:339,81
DA:341,8
DA:344,44
DA:345,62
DA:348,45
DA:351,63
DA:353,113
DA:355,59
DA:357,31
DA:358,70
DA:360,49
DA:366,11
DA:368,39
DA:369,74
DA:371,78
DA:374,0
DA:377,0
DA:379,0
DA:381,0
DA:383,0
DA:385,0
DA:391,5
DA:393,85
DA:395,2
DA:396,74
DA:398,9
DA:399,10
DA:405,11
DA:406,8
DA:407,117
DA:408,9
DA:409,75
DA:410,54
DA:412,0
DA:413,0
DA:414,0
DA:417,118
DA:419,0
DA:420,0
DA:427,11
DA:428,8
DA:430,117
DA:431,9
DA:432,56
DA:434,45
DA:435,62
DA:436,77
DA:438,9
DA:439,81
DA:440,49
DA:441,44
DA:443,7
DA:444,39
DA:448,0
DA:458,6
DA:459,34
DA:460,17
DA:461,21
DA:462,20
DA:464,5
DA:465,45
DA:467,75
DA:472,19
DA:473,19
DA:475,27
DA:476,20
DA:479,0
DA:485,11
DA:486,67
DA:489,9
DA:491,7
DA:492,226
DA:495,41
DA:497,49
DA:500,73
DA:501,72
DA:507,5
DA:508,2
DA:509,86
DA:510,74
DA:511,74
DA:512,3
DA:522,19
DA:530,4
DA:531,8
DA:533,10
DA:534,62
DA:535,62
DA:536,9
DA:537,3
DA:538,20
DA:540,48
DA:542,9
DA:544,11
DA:545,44
DA:546,62
DA:548,45
DA:549,73
DA:552,69
DA:554,44
DA:555,60
DA:556,4
DA:557,65
DA:559,6
DA:560,69
DA:562,39
DA:566,9
DA:567,56
DA:568,6
DA:569,26
DA:570,7
DA:571,46
DA:573,0
DA:575,6
DA:576,39
DA:577,6
DA:578,16
DA:580,45
DA:584,22
DA:592,4
DA:593,8
DA:595,10
DA:596,62
DA:597,62
DA:598,9
DA:599,3
DA:600,20
DA:602,48
DA:604,7
DA:605,56
DA:606,6
DA:607,30
DA:608,6
DA:609,22
DA:610,6
DA:611,16
DA:612,6
DA:613,39
DA:614,6
DA:615,39
DA:616,7
DA:617,54
DA:620,0
DA:621,0
DA:625,48
DA:626,0
DA:632,21
DA:641,1
DA:642,8
DA:643,1
DA:645,8
DA:646,57
DA:647,8
DA:648,29
DA:650,36
DA:652,8
DA:653,55
DA:654,6
DA:655,24
DA:656,6
DA:657,14
DA:658,8
DA:659,21
DA:660,7
DA:661,14
DA:663,29
DA:666,45
DA:667,59
DA:670,20
DA:678,1
DA:679,8
DA:680,1
DA:682,8
DA:683,57
DA:684,8
DA:685,29
DA:687,36
DA:689,8
DA:690,55
DA:691,6
DA:692,14
DA:693,8
DA:694,21
DA:695,9
DA:696,21
DA:698,55
DA:701,45
DA:702,59
DA:708,19
DA:717,8
DA:719,8
DA:720,61
DA:721,6
DA:722,15
DA:723,6
DA:724,16
DA:725,6
DA:726,16
DA:727,6
DA:728,28
DA:729,8
DA:730,77
DA:731,6
DA:732,16
DA:733,6
DA:734,16
DA:735,6
DA:736,20
DA:738,6
DA:739,22
DA:740,6
DA:741,22
DA:742,6
DA:743,79
DA:748,11
DA:757,8
DA:759,6
DA:760,22
DA:761,6
DA:762,16
DA:763,6
DA:764,16
DA:765,6
DA:766,16
DA:767,6
DA:768,28
DA:769,6
DA:770,22
DA:771,6
DA:772,16
DA:773,6
DA:774,16
DA:775,6
DA:776,20
DA:778,6
DA:779,22
DA:780,6
DA:781,22
DA:782,5
DA:783,24
DA:787,12
DA:796,8
DA:798,1
DA:800,8
DA:801,55
DA:802,6
DA:803,14
DA:804,6
DA:805,14
DA:806,6
DA:807,14
DA:808,6
DA:810,26
DA:811,6
DA:812,20
DA:813,6
DA:814,14
DA:815,6
DA:816,14
DA:817,6
DA:818,18
DA:820,6
DA:821,20
DA:822,6
DA:823,20
DA:824,5
DA:825,51
DA:829,11
DA:838,8
DA:840,1
DA:842,6
DA:843,20
DA:844,6
DA:845,14
DA:846,6
DA:847,14
DA:848,6
DA:849,14
DA:850,6
DA:852,26
DA:853,6
DA:854,20
DA:855,6
DA:856,14
DA:857,6
DA:858,14
DA:859,6
DA:860,18
DA:862,6
DA:863,20
DA:864,6
DA:865,20
DA:866,5
DA:867,22
DA:872,11
DA:873,5
DA:874,125
DA:875,86
DA:878,10
DA:881,1
DA:883,45
DA:884,57
DA:887,41
DA:888,72
DA:894,6
DA:896,45
DA:897,57
DA:899,41
DA:900,73
DA:902,69
DA:904,40
DA:905,59
DA:907,4
DA:908,65
DA:911,41
DA:912,73
DA:915,3
DA:923,1
DA:924,2
DA:925,26
DA:926,40
DA:927,64
DA:928,19
end_of_record

SF:/home/hexshire/opUSDC/test/invariants/fuzz/SetupOpUSDC.sol
DA:17,0
DA:32,0
DA:38,0
DA:39,0
DA:40,0
DA:41,0
DA:44,0
DA:45,0
DA:46,0
DA:48,0
DA:49,0
DA:53,0
DA:54,0
DA:55,0
DA:56,0
DA:59,0
DA:62,0
DA:64,0
DA:65,0
DA:66,0
DA:67,0
DA:69,0
DA:71,0
DA:74,0
DA:75,0
DA:78,0
DA:80,0
DA:81,0
DA:82,0
DA:86,0
DA:87,0
DA:88,0
DA:91,0
DA:92,0
DA:93,0
DA:94,0
DA:96,0
DA:99,0
DA:102,0
DA:103,0
DA:104,0
DA:105,0
DA:106,0
DA:107,0
DA:108,0
DA:109,0
DA:113,0
DA:115,0
DA:116,0
end_of_record

SF:/home/hexshire/opUSDC/test/utils/interfaces/ITestCrossDomainMessenger.sol
end_of_record

