TN:
SF:/home/hexshire/opUSDC/node_modules/@openzeppelin/contracts/access/Ownable.sol
DA:1,0
DA:39,0
DA:40,0
DA:42,0
DA:49,18
DA:56,4
DA:57,4
DA:63,1
DA:64,3
DA:65,8
DA:76,7
DA:77,1
DA:84,23
DA:85,0
DA:86,9
DA:88,1
DA:95,0
DA:96,0
DA:97,0
DA:98,0
end_of_record

SF:/home/hexshire/opUSDC/node_modules/@openzeppelin/contracts/interfaces/IERC1271.sol
end_of_record

SF:/home/hexshire/opUSDC/node_modules/@openzeppelin/contracts/token/ERC20/IERC20.sol
end_of_record

SF:/home/hexshire/opUSDC/node_modules/@openzeppelin/contracts/token/ERC20/extensions/IERC20Permit.sol
end_of_record

SF:/home/hexshire/opUSDC/node_modules/@openzeppelin/contracts/token/ERC20/utils/SafeERC20.sol
DA:19,0
DA:36,5
DA:37,16
DA:44,6
DA:45,50
DA:91,1
DA:96,10
DA:97,30
DA:98,0
end_of_record

SF:/home/hexshire/opUSDC/node_modules/@openzeppelin/contracts/utils/Address.sol
DA:9,0
DA:70,2
DA:71,6
DA:83,2
DA:84,7
DA:85,0
DA:87,67
DA:88,6
DA:114,1
DA:118,1
DA:119,4
DA:120,4
DA:124,12
DA:125,0
DA:127,3
DA:146,1
DA:148,5
DA:152,2
DA:153,6
DA:156,0
end_of_record

SF:/home/hexshire/opUSDC/node_modules/@openzeppelin/contracts/utils/Context.sol
DA:18,2
end_of_record

SF:/home/hexshire/opUSDC/node_modules/@openzeppelin/contracts/utils/Strings.sol
DA:12,0
end_of_record

SF:/home/hexshire/opUSDC/node_modules/@openzeppelin/contracts/utils/cryptography/ECDSA.sol
DA:12,0
DA:56,10
DA:57,8
DA:58,1
DA:65,5
DA:66,5
DA:67,6
DA:69,16
DA:71,6
DA:122,11
DA:127,3
DA:137,7
DA:138,0
DA:142,40
DA:143,5
DA:144,0
DA:147,5
end_of_record

SF:/home/hexshire/opUSDC/node_modules/@openzeppelin/contracts/utils/cryptography/MessageHashUtils.sol
DA:15,0
DA:30,1
DA:33,4
DA:34,4
DA:35,3
end_of_record

SF:/home/hexshire/opUSDC/node_modules/@openzeppelin/contracts/utils/cryptography/SignatureChecker.sol
DA:14,0
DA:22,9
DA:23,11
DA:24,4
DA:25,25
DA:26,7
DA:36,1
DA:40,1
DA:41,40
DA:42,35
DA:44,11
DA:45,5
DA:46,0
end_of_record

SF:/home/hexshire/opUSDC/node_modules/@openzeppelin/contracts/utils/math/Math.sol
DA:9,0
end_of_record

SF:/home/hexshire/opUSDC/node_modules/@openzeppelin/contracts/utils/math/SignedMath.sol
DA:9,0
end_of_record

SF:/home/hexshire/opUSDC/node_modules/forge-std/src/Base.sol
end_of_record

SF:/home/hexshire/opUSDC/node_modules/forge-std/src/StdAssertions.sol
DA:38,0
DA:39,0
DA:40,0
DA:42,0
end_of_record

SF:/home/hexshire/opUSDC/node_modules/forge-std/src/StdChains.sol
DA:66,0
end_of_record

SF:/home/hexshire/opUSDC/node_modules/forge-std/src/StdCheats.sol
end_of_record

SF:/home/hexshire/opUSDC/node_modules/forge-std/src/StdError.sol
DA:5,0
DA:6,0
DA:7,0
DA:8,0
DA:9,0
DA:10,0
DA:11,0
DA:12,0
DA:13,0
DA:14,0
end_of_record

SF:/home/hexshire/opUSDC/node_modules/forge-std/src/StdInvariant.sol
DA:78,0
DA:79,0
DA:82,0
DA:83,0
DA:86,0
DA:87,0
DA:90,0
DA:91,0
DA:94,0
DA:95,0
DA:98,0
DA:99,0
DA:102,0
DA:103,0
DA:106,0
DA:107,0
DA:110,0
DA:111,0
end_of_record

SF:/home/hexshire/opUSDC/node_modules/forge-std/src/StdJson.sol
DA:25,0
end_of_record

SF:/home/hexshire/opUSDC/node_modules/forge-std/src/StdMath.sol
DA:4,0
end_of_record

SF:/home/hexshire/opUSDC/node_modules/forge-std/src/StdStorage.sol
DA:24,0
DA:334,0
end_of_record

SF:/home/hexshire/opUSDC/node_modules/forge-std/src/StdStyle.sol
DA:6,0
end_of_record

SF:/home/hexshire/opUSDC/node_modules/forge-std/src/StdToml.sol
DA:25,0
end_of_record

SF:/home/hexshire/opUSDC/node_modules/forge-std/src/StdUtils.sol
end_of_record

SF:/home/hexshire/opUSDC/node_modules/forge-std/src/Test.sol
DA:32,0
end_of_record

SF:/home/hexshire/opUSDC/node_modules/forge-std/src/Vm.sol
end_of_record

SF:/home/hexshire/opUSDC/node_modules/forge-std/src/console.sol
DA:4,0
end_of_record

SF:/home/hexshire/opUSDC/node_modules/forge-std/src/console2.sol
DA:9,0
end_of_record

SF:/home/hexshire/opUSDC/node_modules/forge-std/src/interfaces/IERC165.sol
end_of_record

SF:/home/hexshire/opUSDC/node_modules/forge-std/src/interfaces/IERC20.sol
end_of_record

SF:/home/hexshire/opUSDC/node_modules/forge-std/src/interfaces/IERC721.sol
end_of_record

SF:/home/hexshire/opUSDC/node_modules/forge-std/src/interfaces/IMulticall3.sol
end_of_record

SF:/home/hexshire/opUSDC/node_modules/forge-std/src/mocks/MockERC20.sol
DA:8,0
DA:19,0
DA:20,0
DA:23,0
DA:24,0
DA:27,0
DA:28,0
DA:41,0
DA:42,0
DA:45,0
DA:46,0
DA:49,0
DA:50,0
DA:61,0
DA:72,0
DA:73,0
DA:75,0
DA:76,0
DA:77,0
DA:79,0
DA:80,0
DA:82,0
DA:89,0
DA:90,0
DA:92,0
DA:94,0
DA:97,0
DA:98,0
DA:99,0
DA:101,0
DA:106,0
DA:107,0
DA:109,0
DA:111,0
DA:112,0
DA:114,0
DA:116,0
DA:123,0
DA:126,0
DA:127,0
DA:129,0
DA:130,0
DA:131,0
DA:133,0
DA:134,0
DA:135,0
DA:136,0
DA:139,0
DA:140,0
DA:141,0
DA:142,0
DA:153,0
DA:155,0
DA:157,0
DA:160,0
DA:161,0
DA:164,0
DA:165,0
DA:166,0
DA:167,0
DA:168,0
DA:169,0
DA:170,0
DA:171,0
DA:180,0
DA:181,0
DA:182,0
DA:184,0
DA:187,0
DA:188,0
DA:189,0
DA:191,0
DA:198,0
DA:199,0
DA:200,0
DA:204,0
DA:205,0
DA:206,0
DA:217,0
DA:220,0
DA:226,0
DA:227,0
DA:232,0
end_of_record

SF:/home/hexshire/opUSDC/node_modules/forge-std/src/mocks/MockERC721.sol
DA:8,0
DA:17,0
DA:18,0
DA:21,0
DA:22,0
DA:25,0
DA:35,0
DA:36,0
DA:39,0
DA:40,0
DA:42,0
DA:53,0
DA:54,0
DA:57,0
DA:58,0
DA:70,0
DA:71,0
DA:73,0
DA:74,0
DA:76,0
DA:83,0
DA:84,0
DA:86,0
DA:88,0
DA:90,0
DA:93,0
DA:94,0
DA:96,0
DA:99,0
DA:100,0
DA:102,0
DA:104,0
DA:105,0
DA:111,0
DA:113,0
DA:115,0
DA:117,0
DA:119,0
DA:122,0
DA:123,0
DA:125,0
DA:126,0
DA:127,0
DA:128,0
DA:133,0
DA:139,0
DA:141,0
DA:142,0
DA:143,0
DA:144,0
DA:153,0
DA:154,0
DA:155,0
DA:156,0
DA:226,0
DA:229,0
end_of_record

SF:/home/hexshire/opUSDC/node_modules/forge-std/src/safeconsole.sol
DA:6,0
end_of_record

SF:/home/hexshire/opUSDC/node_modules/halmos-cheatcodes/src/SVM.sol
end_of_record

SF:/home/hexshire/opUSDC/node_modules/halmos-cheatcodes/src/SymTest.sol
end_of_record

SF:/home/hexshire/opUSDC/script/utils/USDCImplementationCreationCode.sol
end_of_record

SF:/home/hexshire/opUSDC/src/contracts/L1OpUSDCBridgeAdapter.sol
DA:16,195
DA:20,9
DA:23,16
DA:26,37
DA:32,154
DA:33,28
DA:46,0
DA:51,0
DA:64,26
DA:72,27
DA:75,43
DA:76,13
DA:79,6
DA:80,14
DA:82,49
DA:83,2
DA:84,27
DA:85,2
DA:88,13
DA:96,21
DA:97,32
DA:99,4
DA:100,7
DA:102,5
DA:109,10
DA:110,22
DA:113,33
DA:116,6
DA:122,0
DA:123,0
DA:125,0
DA:128,0
DA:131,8
DA:133,5
DA:146,19
DA:149,43
DA:150,13
DA:153,7
DA:155,41
DA:156,25
DA:159,6
DA:168,14
DA:171,43
DA:172,13
DA:175,6
DA:177,41
DA:178,25
DA:181,13
DA:194,22
DA:196,56
DA:199,9
DA:202,51
DA:203,31
DA:206,25
DA:218,29
DA:225,1
DA:227,33
DA:230,21
DA:233,58
DA:235,50
DA:238,9
DA:241,51
DA:242,31
DA:245,25
DA:254,20
DA:256,8
DA:257,14
end_of_record

SF:/home/hexshire/opUSDC/src/contracts/L1OpUSDCFactory.sol
DA:19,71
DA:21,16
DA:24,6
DA:27,20
DA:30,28
DA:37,1
DA:40,5
DA:43,10
DA:49,0
DA:50,0
DA:67,24
DA:71,7
DA:74,41
DA:77,16
DA:80,7
DA:83,2
DA:84,173
DA:87,2
DA:89,30
DA:90,1
DA:91,8
DA:92,8
DA:93,1
DA:94,8
DA:98,77
DA:99,16
DA:103,7
DA:105,34
DA:107,11
end_of_record

SF:/home/hexshire/opUSDC/src/contracts/L2OpUSDCBridgeAdapter.sol
DA:18,187
DA:31,8
DA:34,15
DA:37,13
DA:43,383
DA:44,69
DA:57,0
DA:62,0
DA:63,0
DA:77,14
DA:78,7
DA:79,15
DA:81,65
DA:83,45
DA:84,33
DA:87,7
DA:95,11
DA:96,25
DA:99,38
DA:102,43
DA:112,10
DA:113,16
DA:115,16
DA:121,9
DA:123,6
DA:125,6
DA:138,16
DA:140,22
DA:142,9
DA:145,46
DA:148,51
DA:149,31
DA:152,25
DA:164,23
DA:171,1
DA:173,22
DA:176,21
DA:179,58
DA:181,50
DA:183,9
DA:186,45
DA:189,51
DA:190,31
DA:193,25
DA:202,22
DA:204,45
DA:205,15
DA:220,20
DA:221,8
DA:222,1
DA:224,14
DA:225,0
DA:226,15
DA:227,0
DA:229,41
DA:232,3
DA:233,13
DA:236,0
end_of_record

SF:/home/hexshire/opUSDC/src/contracts/L2OpUSDCFactory.sol
DA:17,9
DA:28,28
DA:34,0
DA:36,3
DA:37,0
DA:40,0
DA:41,0
DA:42,0
DA:43,0
DA:46,0
DA:47,0
DA:48,0
DA:49,0
DA:50,0
DA:53,0
DA:55,0
DA:58,0
DA:59,0
DA:72,0
DA:79,0
DA:80,0
DA:81,0
DA:82,0
DA:83,0
DA:84,0
DA:85,0
DA:86,0
DA:87,0
DA:91,0
DA:93,0
DA:95,0
DA:98,0
DA:99,0
DA:100,0
DA:101,0
DA:111,0
DA:113,0
DA:115,0
DA:116,0
end_of_record

SF:/home/hexshire/opUSDC/src/contracts/universal/OpUSDCBridgeAdapter.sol
DA:14,5
DA:17,23
DA:20,5
DA:23,30
DA:34,0
DA:35,0
DA:36,0
DA:83,1
DA:84,2
DA:86,23
end_of_record

SF:/home/hexshire/opUSDC/src/contracts/utils/FallbackProxyAdmin.sol
DA:15,85
DA:17,21
DA:22,0
DA:23,0
DA:32,12
DA:33,13
DA:40,14
DA:41,41
DA:49,15
DA:50,0
end_of_record

SF:/home/hexshire/opUSDC/src/contracts/utils/USDCInitTxs.sol
DA:8,34
DA:12,30
DA:17,31
DA:22,23
DA:23,41
end_of_record

SF:/home/hexshire/opUSDC/src/contracts/utils/USDCProxyCreationCode.sol
end_of_record

SF:/home/hexshire/opUSDC/src/interfaces/IL1OpUSDCBridgeAdapter.sol
end_of_record

SF:/home/hexshire/opUSDC/src/interfaces/IL1OpUSDCFactory.sol
end_of_record

SF:/home/hexshire/opUSDC/src/interfaces/IL2OpUSDCBridgeAdapter.sol
end_of_record

SF:/home/hexshire/opUSDC/src/interfaces/IL2OpUSDCFactory.sol
end_of_record

SF:/home/hexshire/opUSDC/src/interfaces/IOpUSDCBridgeAdapter.sol
end_of_record

SF:/home/hexshire/opUSDC/src/interfaces/external/ICreate2Deployer.sol
end_of_record

SF:/home/hexshire/opUSDC/src/interfaces/external/ICrossDomainMessenger.sol
end_of_record

SF:/home/hexshire/opUSDC/src/interfaces/external/IUSDC.sol
end_of_record

SF:/home/hexshire/opUSDC/src/libraries/CrossChainDeployments.sol
DA:12,25
DA:25,35
DA:31,3
DA:32,51
DA:33,15
DA:35,1
DA:36,50
DA:37,60
DA:47,3
DA:51,1
DA:53,2
DA:54,5
DA:55,5
DA:56,3
DA:57,5
DA:58,3
DA:59,4
DA:70,3
DA:73,1
DA:74,1
DA:80,7
DA:81,20
DA:88,0
DA:89,0
DA:90,0
DA:91,0
DA:92,0
DA:93,0
DA:94,0
DA:95,0
DA:96,0
DA:97,0
DA:98,0
DA:99,0
DA:100,1
DA:101,0
DA:103,0
DA:106,8
end_of_record

SF:/home/hexshire/opUSDC/test/invariants/AdvancedTestsUtils.sol
DA:53,0
DA:54,0
DA:55,0
DA:58,0
DA:59,0
DA:63,0
DA:69,9
DA:70,32
DA:71,692
DA:75,0
DA:76,0
DA:77,0
DA:81,6
DA:82,21
DA:85,18
DA:86,22
DA:94,0
DA:97,0
DA:99,0
DA:102,0
DA:104,0
end_of_record

SF:/home/hexshire/opUSDC/test/invariants/fuzz/Create2Deployer.sol
DA:5,32
DA:7,24
DA:8,1
DA:9,23
DA:10,15
DA:13,9
DA:15,13
DA:17,1
end_of_record

SF:/home/hexshire/opUSDC/test/invariants/fuzz/MockBridge.sol
DA:7,46
DA:8,21
DA:12,14
DA:16,23
DA:17,3
DA:20,24
DA:21,15
DA:23,65
DA:27,19
DA:34,2
DA:35,10
DA:36,13
DA:37,48
DA:39,25
DA:42,19
DA:43,14
end_of_record

SF:/home/hexshire/opUSDC/test/invariants/fuzz/OpUSDC.t.sol
DA:12,240
DA:42,16
DA:44,8
DA:45,35
DA:48,6
DA:51,9
DA:54,68
DA:56,44
DA:58,61
DA:60,77
DA:61,74
DA:64,77
DA:65,71
DA:70,16
DA:75,5
DA:77,10
DA:78,10
DA:79,35
DA:82,62
DA:84,62
DA:85,9
DA:86,22
DA:89,6
DA:92,6
DA:95,64
DA:97,44
DA:99,67
DA:101,77
DA:102,70
DA:105,77
DA:106,67
DA:111,15
DA:113,8
DA:114,39
DA:115,81
DA:118,45
DA:119,62
DA:122,45
DA:125,63
DA:127,113
DA:129,59
DA:131,31
DA:132,70
DA:134,67
DA:139,11
DA:141,8
DA:142,35
DA:145,6
DA:148,10
DA:151,69
DA:153,44
DA:155,59
DA:157,71
DA:158,26
DA:161,70
DA:162,24
DA:166,11
DA:173,10
DA:174,10
DA:175,35
DA:178,62
DA:180,63
DA:181,21
DA:182,9
DA:185,6
DA:188,7
DA:191,61
DA:193,44
DA:195,65
DA:197,71
DA:198,22
DA:201,70
DA:202,16
DA:207,11
DA:209,8
DA:210,39
DA:211,74
DA:214,45
DA:217,63
DA:219,113
DA:221,54
DA:223,0
DA:225,16
DA:230,5
DA:231,6
DA:232,66
DA:234,0
DA:239,5
DA:241,111
DA:242,72
DA:244,81
DA:246,68
DA:247,70
DA:248,17
DA:250,117
DA:252,57
DA:253,77
DA:254,65
DA:256,0
DA:261,11
DA:263,70
DA:265,44
DA:268,49
DA:270,78
DA:271,3
DA:272,14
DA:273,10
DA:275,3
DA:278,3
DA:285,14
DA:286,70
DA:288,44
DA:290,49
DA:291,78
DA:292,3
DA:293,14
DA:294,10
DA:296,79
DA:298,3
DA:299,86
DA:300,75
DA:306,9
DA:308,68
DA:309,70
DA:310,70
DA:312,113
DA:315,49
DA:317,13
DA:319,77
DA:320,70
DA:321,8
DA:323,37
DA:328,6
DA:330,87
DA:334,14
DA:337,7
DA:338,78
DA:339,74
DA:342,20
DA:345,45
DA:349,61
DA:350,77
DA:354,60
DA:356,1
DA:361,5
DA:363,85
DA:365,2
DA:366,74
DA:368,9
DA:369,10
DA:374,11
DA:375,8
DA:376,117
DA:377,9
DA:378,75
DA:379,54
DA:381,0
DA:382,0
DA:383,0
DA:386,118
DA:388,0
DA:389,0
DA:395,11
DA:396,8
DA:398,117
DA:399,9
DA:400,56
DA:402,45
DA:403,62
DA:404,77
DA:406,9
DA:407,49
DA:408,44
DA:410,7
DA:411,39
DA:415,0
DA:451,11
DA:452,67
DA:455,9
DA:457,7
DA:458,226
DA:461,41
DA:463,49
DA:466,73
DA:467,72
DA:472,5
DA:473,2
DA:474,86
DA:475,74
DA:476,74
DA:477,3
DA:487,19
DA:495,4
DA:496,8
DA:498,10
DA:499,62
DA:500,63
DA:501,21
DA:502,9
DA:504,48
DA:506,9
DA:508,10
DA:509,76
DA:510,45
DA:511,54
DA:513,45
DA:514,73
DA:517,69
DA:519,44
DA:520,60
DA:521,4
DA:522,65
DA:524,9
DA:525,64
DA:526,6
DA:527,22
DA:528,6
DA:529,26
DA:530,7
DA:531,46
DA:533,0
DA:535,6
DA:536,39
DA:537,6
DA:538,16
DA:540,45
DA:544,22
DA:552,4
DA:553,8
DA:555,10
DA:556,62
DA:557,63
DA:558,21
DA:559,9
DA:561,48
DA:563,7
DA:564,56
DA:565,6
DA:566,30
DA:567,6
DA:568,22
DA:569,6
DA:570,16
DA:571,6
DA:572,39
DA:573,6
DA:574,39
DA:575,7
DA:576,54
DA:579,0
DA:580,0
DA:584,48
DA:585,0
DA:591,21
DA:600,1
DA:601,8
DA:602,1
DA:604,8
DA:605,57
DA:606,8
DA:607,29
DA:609,36
DA:611,8
DA:612,55
DA:613,6
DA:614,24
DA:615,6
DA:616,14
DA:617,8
DA:618,21
DA:619,7
DA:620,14
DA:622,29
DA:625,45
DA:626,59
DA:629,20
DA:637,1
DA:638,8
DA:639,1
DA:641,8
DA:642,57
DA:643,8
DA:644,29
DA:646,36
DA:648,8
DA:649,55
DA:650,6
DA:651,14
DA:652,8
DA:653,21
DA:654,9
DA:655,21
DA:657,55
DA:660,45
DA:661,59
DA:664,8
DA:665,34
DA:666,17
DA:667,21
DA:668,20
DA:670,3
DA:671,45
DA:673,44
DA:674,81
DA:677,19
DA:686,8
DA:688,8
DA:689,61
DA:690,6
DA:691,15
DA:692,6
DA:693,16
DA:694,6
DA:695,16
DA:696,6
DA:697,28
DA:698,8
DA:699,77
DA:700,6
DA:701,16
DA:702,6
DA:703,16
DA:704,6
DA:705,20
DA:707,6
DA:708,22
DA:709,6
DA:710,22
DA:711,6
DA:712,77
DA:717,11
DA:726,8
DA:728,6
DA:729,22
DA:730,6
DA:731,16
DA:732,6
DA:733,16
DA:734,6
DA:735,16
DA:736,6
DA:737,28
DA:738,6
DA:739,22
DA:740,6
DA:741,16
DA:742,6
DA:743,16
DA:744,6
DA:745,20
DA:747,6
DA:748,22
DA:749,6
DA:750,22
DA:751,5
DA:752,24
DA:756,12
DA:765,8
DA:767,1
DA:769,8
DA:770,55
DA:771,6
DA:772,14
DA:773,6
DA:774,14
DA:775,6
DA:776,14
DA:777,6
DA:779,26
DA:780,6
DA:781,20
DA:782,6
DA:783,14
DA:784,6
DA:785,14
DA:786,6
DA:787,18
DA:789,6
DA:790,20
DA:791,6
DA:792,20
DA:793,5
DA:794,51
DA:798,11
DA:807,8
DA:809,1
DA:811,6
DA:812,20
DA:813,6
DA:814,14
DA:815,6
DA:816,14
DA:817,6
DA:818,14
DA:819,6
DA:821,26
DA:822,6
DA:823,20
DA:824,6
DA:825,14
DA:826,6
DA:827,14
DA:828,6
DA:829,18
DA:831,6
DA:832,20
DA:833,6
DA:834,20
DA:835,5
DA:836,22
DA:840,11
DA:841,40
DA:845,1
DA:846,72
DA:847,68
DA:848,76
DA:849,71
DA:852,1
DA:854,45
DA:855,57
DA:858,41
DA:859,72
DA:865,1
DA:866,68
DA:868,44
DA:869,57
DA:871,41
DA:872,73
DA:875,45
DA:877,41
DA:878,59
DA:881,41
DA:882,72
DA:885,40
DA:888,3
DA:895,2
DA:896,39
DA:897,32
DA:898,66
DA:899,19
end_of_record

SF:/home/hexshire/opUSDC/test/invariants/fuzz/SetupOpUSDC.sol
DA:17,0
DA:32,0
DA:38,0
DA:39,0
DA:40,0
DA:41,0
DA:44,0
DA:45,0
DA:46,0
DA:48,0
DA:49,0
DA:53,0
DA:54,0
DA:55,0
DA:56,0
DA:59,0
DA:62,0
DA:64,0
DA:65,0
DA:66,0
DA:67,0
DA:69,0
DA:71,0
DA:74,0
DA:75,0
DA:78,0
DA:80,0
DA:81,0
DA:82,0
DA:86,0
DA:87,0
DA:88,0
DA:91,0
DA:92,0
DA:93,0
DA:94,0
DA:96,0
DA:99,0
DA:102,0
DA:103,0
DA:104,0
DA:105,0
DA:106,0
DA:107,0
DA:108,0
DA:109,0
DA:113,0
DA:115,0
DA:116,0
end_of_record

SF:/home/hexshire/opUSDC/test/utils/interfaces/ITestCrossDomainMessenger.sol
end_of_record

