TN:
SF:/Users/drgorilla/Documents/defiSucks/opUSDC/node_modules/@openzeppelin/contracts-upgradeable/access/OwnableUpgradeable.sol
DA:1,0
DA:32,3
DA:51,1
DA:52,4
DA:55,1
DA:66,16
DA:73,10
DA:75,5
DA:81,1
DA:82,6
DA:83,8
DA:94,1
DA:95,1
DA:102,19
DA:103,5
DA:104,0
DA:106,5
DA:113,5
DA:114,2
DA:115,7
DA:116,10
DA:117,5
end_of_record

SF:/Users/drgorilla/Documents/defiSucks/opUSDC/node_modules/@openzeppelin/contracts-upgradeable/proxy/utils/Initializable.sol
DA:104,5
DA:106,1
DA:109,8
DA:110,2
DA:117,11
DA:118,16
DA:120,14
DA:121,13
DA:123,7
DA:124,5
DA:125,6
DA:128,5
DA:129,5
DA:130,11
DA:171,15
DA:178,1
DA:179,2
DA:180,0
DA:192,0
DA:196,0
DA:197,0
DA:199,0
DA:200,0
DA:201,0
DA:216,5
DA:225,2
end_of_record

SF:/Users/drgorilla/Documents/defiSucks/opUSDC/node_modules/@openzeppelin/contracts-upgradeable/proxy/utils/UUPSUpgradeable.sol
DA:22,0
DA:32,0
DA:52,3
DA:61,0
DA:78,0
DA:92,15
DA:93,0
DA:94,1
DA:102,1
DA:103,3
DA:104,9
DA:105,7
DA:107,13
DA:115,0
DA:116,0
DA:118,0
DA:142,0
DA:143,0
DA:144,0
DA:145,0
DA:147,0
DA:150,0
end_of_record

SF:/Users/drgorilla/Documents/defiSucks/opUSDC/node_modules/@openzeppelin/contracts-upgradeable/utils/ContextUpgradeable.sol
DA:24,2
end_of_record

SF:/Users/drgorilla/Documents/defiSucks/opUSDC/node_modules/@openzeppelin/contracts-upgradeable/utils/cryptography/EIP712Upgradeable.sol
DA:34,1
DA:52,2
DA:68,1
DA:69,5
DA:72,2
DA:74,7
DA:75,9
DA:78,4
DA:79,5
DA:85,4
DA:86,6
DA:89,4
DA:90,36
DA:108,4
DA:109,8
DA:115,0
DA:120,0
DA:121,0
DA:129,0
DA:132,8
DA:134,0
DA:136,0
DA:137,0
DA:138,0
DA:139,0
DA:140,0
DA:141,0
DA:151,5
DA:153,74
DA:162,3
DA:164,7
DA:172,5
DA:174,6
DA:175,5
DA:176,8
DA:180,0
DA:181,0
DA:182,0
DA:184,0
DA:194,5
DA:196,6
DA:197,5
DA:198,8
DA:202,0
DA:203,0
DA:204,0
end_of_record

SF:/Users/drgorilla/Documents/defiSucks/opUSDC/node_modules/@openzeppelin/contracts/access/Ownable.sol
DA:39,0
DA:40,0
DA:42,0
DA:49,4
DA:56,5
DA:57,4
DA:63,1
DA:64,3
DA:65,0
DA:76,1
DA:77,1
DA:84,0
DA:85,0
DA:86,0
DA:88,0
DA:95,0
DA:96,0
DA:97,0
DA:98,0
end_of_record

SF:/Users/drgorilla/Documents/defiSucks/opUSDC/node_modules/@openzeppelin/contracts/interfaces/IERC1271.sol
end_of_record

SF:/Users/drgorilla/Documents/defiSucks/opUSDC/node_modules/@openzeppelin/contracts/interfaces/IERC5267.sol
end_of_record

SF:/Users/drgorilla/Documents/defiSucks/opUSDC/node_modules/@openzeppelin/contracts/interfaces/draft-IERC1822.sol
end_of_record

SF:/Users/drgorilla/Documents/defiSucks/opUSDC/node_modules/@openzeppelin/contracts/proxy/ERC1967/ERC1967Proxy.sol
DA:15,6
DA:26,12
DA:27,3
DA:37,6
DA:38,8
end_of_record

SF:/Users/drgorilla/Documents/defiSucks/opUSDC/node_modules/@openzeppelin/contracts/proxy/ERC1967/ERC1967Utils.sol
DA:14,0
DA:37,2
DA:62,2
DA:63,6
DA:69,0
DA:70,0
DA:71,0
DA:73,0
DA:83,0
DA:84,0
DA:85,0
DA:87,0
DA:88,0
DA:90,0
DA:188,0
DA:189,0
DA:190,0
end_of_record

SF:/Users/drgorilla/Documents/defiSucks/opUSDC/node_modules/@openzeppelin/contracts/proxy/Proxy.sol
DA:22,2
DA:27,8
DA:31,10
DA:34,5
DA:36,1
DA:38,7
DA:39,6
DA:42,6
DA:58,2
DA:59,10
DA:67,5
end_of_record

SF:/Users/drgorilla/Documents/defiSucks/opUSDC/node_modules/@openzeppelin/contracts/proxy/beacon/IBeacon.sol
end_of_record

SF:/Users/drgorilla/Documents/defiSucks/opUSDC/node_modules/@openzeppelin/contracts/token/ERC20/IERC20.sol
end_of_record

SF:/Users/drgorilla/Documents/defiSucks/opUSDC/node_modules/@openzeppelin/contracts/token/ERC20/extensions/IERC20Permit.sol
end_of_record

SF:/Users/drgorilla/Documents/defiSucks/opUSDC/node_modules/@openzeppelin/contracts/token/ERC20/utils/SafeERC20.sol
DA:19,0
DA:36,1
DA:37,49
DA:44,6
DA:45,16
DA:91,1
DA:96,10
DA:97,30
DA:98,0
end_of_record

SF:/Users/drgorilla/Documents/defiSucks/opUSDC/node_modules/@openzeppelin/contracts/utils/Address.sol
DA:9,0
DA:70,2
DA:71,6
DA:83,2
DA:84,7
DA:85,0
DA:87,67
DA:88,6
DA:104,0
DA:105,0
DA:106,0
DA:114,1
DA:118,1
DA:119,4
DA:120,4
DA:124,12
DA:125,0
DA:127,3
DA:146,1
DA:148,5
DA:152,2
DA:153,5
DA:156,0
end_of_record

SF:/Users/drgorilla/Documents/defiSucks/opUSDC/node_modules/@openzeppelin/contracts/utils/Context.sol
DA:18,1
end_of_record

SF:/Users/drgorilla/Documents/defiSucks/opUSDC/node_modules/@openzeppelin/contracts/utils/ShortStrings.sol
DA:40,0
DA:42,0
DA:52,0
DA:53,0
DA:54,0
DA:55,0
DA:57,0
DA:89,0
DA:90,0
DA:91,0
DA:93,0
end_of_record

SF:/Users/drgorilla/Documents/defiSucks/opUSDC/node_modules/@openzeppelin/contracts/utils/StorageSlot.sol
DA:31,0
end_of_record

SF:/Users/drgorilla/Documents/defiSucks/opUSDC/node_modules/@openzeppelin/contracts/utils/Strings.sol
DA:12,0
end_of_record

SF:/Users/drgorilla/Documents/defiSucks/opUSDC/node_modules/@openzeppelin/contracts/utils/cryptography/ECDSA.sol
DA:12,0
DA:56,10
DA:57,7
DA:58,1
DA:65,5
DA:66,5
DA:67,6
DA:69,16
DA:71,0
DA:122,11
DA:127,3
DA:137,7
DA:138,0
DA:142,40
DA:143,5
DA:144,0
DA:147,5
end_of_record

SF:/Users/drgorilla/Documents/defiSucks/opUSDC/node_modules/@openzeppelin/contracts/utils/cryptography/MessageHashUtils.sol
DA:15,0
DA:76,1
DA:79,2
DA:80,2
DA:81,7
DA:82,4
DA:83,4
end_of_record

SF:/Users/drgorilla/Documents/defiSucks/opUSDC/node_modules/@openzeppelin/contracts/utils/cryptography/SignatureChecker.sol
DA:14,0
DA:22,9
DA:23,11
DA:24,4
DA:25,24
DA:26,1
DA:36,0
DA:40,0
DA:41,0
DA:42,0
DA:44,0
DA:45,0
DA:46,0
end_of_record

SF:/Users/drgorilla/Documents/defiSucks/opUSDC/node_modules/@openzeppelin/contracts/utils/math/Math.sol
DA:9,0
end_of_record

SF:/Users/drgorilla/Documents/defiSucks/opUSDC/node_modules/@openzeppelin/contracts/utils/math/SignedMath.sol
DA:9,0
end_of_record

SF:/Users/drgorilla/Documents/defiSucks/opUSDC/node_modules/forge-std/src/Base.sol
end_of_record

SF:/Users/drgorilla/Documents/defiSucks/opUSDC/node_modules/forge-std/src/StdAssertions.sol
DA:38,0
DA:39,0
DA:40,0
DA:42,0
end_of_record

SF:/Users/drgorilla/Documents/defiSucks/opUSDC/node_modules/forge-std/src/StdChains.sol
DA:66,0
end_of_record

SF:/Users/drgorilla/Documents/defiSucks/opUSDC/node_modules/forge-std/src/StdCheats.sol
end_of_record

SF:/Users/drgorilla/Documents/defiSucks/opUSDC/node_modules/forge-std/src/StdError.sol
DA:5,0
DA:6,0
DA:7,0
DA:8,0
DA:9,0
DA:10,0
DA:11,0
DA:12,0
DA:13,0
DA:14,0
end_of_record

SF:/Users/drgorilla/Documents/defiSucks/opUSDC/node_modules/forge-std/src/StdInvariant.sol
DA:78,0
DA:79,0
DA:82,0
DA:83,0
DA:86,0
DA:87,0
DA:90,0
DA:91,0
DA:94,0
DA:95,0
DA:98,0
DA:99,0
DA:102,0
DA:103,0
DA:106,0
DA:107,0
DA:110,0
DA:111,0
end_of_record

SF:/Users/drgorilla/Documents/defiSucks/opUSDC/node_modules/forge-std/src/StdJson.sol
DA:25,0
end_of_record

SF:/Users/drgorilla/Documents/defiSucks/opUSDC/node_modules/forge-std/src/StdMath.sol
DA:4,0
end_of_record

SF:/Users/drgorilla/Documents/defiSucks/opUSDC/node_modules/forge-std/src/StdStorage.sol
DA:24,0
DA:334,0
end_of_record

SF:/Users/drgorilla/Documents/defiSucks/opUSDC/node_modules/forge-std/src/StdStyle.sol
DA:6,0
end_of_record

SF:/Users/drgorilla/Documents/defiSucks/opUSDC/node_modules/forge-std/src/StdToml.sol
DA:25,0
end_of_record

SF:/Users/drgorilla/Documents/defiSucks/opUSDC/node_modules/forge-std/src/StdUtils.sol
end_of_record

SF:/Users/drgorilla/Documents/defiSucks/opUSDC/node_modules/forge-std/src/Test.sol
DA:32,0
end_of_record

SF:/Users/drgorilla/Documents/defiSucks/opUSDC/node_modules/forge-std/src/Vm.sol
end_of_record

SF:/Users/drgorilla/Documents/defiSucks/opUSDC/node_modules/forge-std/src/console.sol
DA:4,0
end_of_record

SF:/Users/drgorilla/Documents/defiSucks/opUSDC/node_modules/forge-std/src/console2.sol
DA:9,0
end_of_record

SF:/Users/drgorilla/Documents/defiSucks/opUSDC/node_modules/forge-std/src/interfaces/IERC165.sol
end_of_record

SF:/Users/drgorilla/Documents/defiSucks/opUSDC/node_modules/forge-std/src/interfaces/IERC20.sol
end_of_record

SF:/Users/drgorilla/Documents/defiSucks/opUSDC/node_modules/forge-std/src/interfaces/IERC721.sol
end_of_record

SF:/Users/drgorilla/Documents/defiSucks/opUSDC/node_modules/forge-std/src/interfaces/IMulticall3.sol
end_of_record

SF:/Users/drgorilla/Documents/defiSucks/opUSDC/node_modules/forge-std/src/mocks/MockERC20.sol
DA:8,0
DA:19,0
DA:20,0
DA:23,0
DA:24,0
DA:27,0
DA:28,0
DA:41,0
DA:42,0
DA:45,0
DA:46,0
DA:49,0
DA:50,0
DA:61,0
DA:72,0
DA:73,0
DA:75,0
DA:76,0
DA:77,0
DA:79,0
DA:80,0
DA:82,0
DA:89,0
DA:90,0
DA:92,0
DA:94,0
DA:97,0
DA:98,0
DA:99,0
DA:101,0
DA:106,0
DA:107,0
DA:109,0
DA:111,0
DA:112,0
DA:114,0
DA:116,0
DA:123,0
DA:126,0
DA:127,0
DA:129,0
DA:130,0
DA:131,0
DA:133,0
DA:134,0
DA:135,0
DA:136,0
DA:139,0
DA:140,0
DA:141,0
DA:142,0
DA:153,0
DA:155,0
DA:157,0
DA:160,0
DA:161,0
DA:164,0
DA:165,0
DA:166,0
DA:167,0
DA:168,0
DA:169,0
DA:170,0
DA:171,0
DA:180,0
DA:181,0
DA:182,0
DA:184,0
DA:187,0
DA:188,0
DA:189,0
DA:191,0
DA:198,0
DA:199,0
DA:200,0
DA:204,0
DA:205,0
DA:206,0
DA:217,0
DA:220,0
DA:226,0
DA:227,0
DA:232,0
end_of_record

SF:/Users/drgorilla/Documents/defiSucks/opUSDC/node_modules/forge-std/src/mocks/MockERC721.sol
DA:8,0
DA:17,0
DA:18,0
DA:21,0
DA:22,0
DA:25,0
DA:35,0
DA:36,0
DA:39,0
DA:40,0
DA:42,0
DA:53,0
DA:54,0
DA:57,0
DA:58,0
DA:70,0
DA:71,0
DA:73,0
DA:74,0
DA:76,0
DA:83,0
DA:84,0
DA:86,0
DA:88,0
DA:90,0
DA:93,0
DA:94,0
DA:96,0
DA:99,0
DA:100,0
DA:102,0
DA:104,0
DA:105,0
DA:111,0
DA:113,0
DA:115,0
DA:117,0
DA:119,0
DA:122,0
DA:123,0
DA:125,0
DA:126,0
DA:127,0
DA:128,0
DA:133,0
DA:139,0
DA:141,0
DA:142,0
DA:143,0
DA:144,0
DA:153,0
DA:154,0
DA:155,0
DA:156,0
DA:226,0
DA:229,0
end_of_record

SF:/Users/drgorilla/Documents/defiSucks/opUSDC/node_modules/forge-std/src/safeconsole.sol
DA:6,0
end_of_record

SF:/Users/drgorilla/Documents/defiSucks/opUSDC/node_modules/halmos-cheatcodes/src/SVM.sol
end_of_record

SF:/Users/drgorilla/Documents/defiSucks/opUSDC/node_modules/halmos-cheatcodes/src/SymTest.sol
end_of_record

SF:/Users/drgorilla/Documents/defiSucks/opUSDC/src/contracts/L1OpUSDCBridgeAdapter.sol
DA:18,315
DA:22,29
DA:25,17
DA:37,0
DA:41,0
DA:49,21
DA:50,5
DA:51,21
DA:52,16
DA:53,4
DA:68,22
DA:76,27
DA:79,37
DA:80,13
DA:83,9
DA:84,12
DA:86,46
DA:87,2
DA:88,28
DA:89,2
DA:92,13
DA:100,17
DA:101,29
DA:103,4
DA:104,8
DA:106,5
DA:113,15
DA:114,21
DA:117,29
DA:124,4
DA:125,59
DA:126,10
DA:129,5
DA:130,42
DA:134,3
DA:135,6
DA:136,11
DA:148,17
DA:151,37
DA:152,13
DA:155,8
DA:157,41
DA:158,27
DA:161,6
DA:170,19
DA:173,37
DA:174,13
DA:177,6
DA:179,41
DA:180,25
DA:183,13
DA:196,29
DA:197,18
DA:200,73
DA:203,29
DA:205,7
DA:218,40
DA:226,1
DA:227,18
DA:230,73
DA:233,29
DA:236,43
DA:239,7
DA:242,38
DA:244,53
DA:247,31
DA:249,7
DA:260,32
DA:262,46
DA:263,12
DA:265,46
DA:266,20
DA:276,20
DA:277,29
DA:280,8
DA:282,16
DA:290,21
DA:291,31
DA:292,3
DA:295,7
DA:297,16
DA:308,17
DA:309,6
DA:310,7
DA:323,6
DA:325,9
DA:328,46
DA:329,32
DA:332,23
end_of_record

SF:/Users/drgorilla/Documents/defiSucks/opUSDC/src/contracts/L1OpUSDCFactory.sol
DA:20,53
DA:22,1
DA:25,0
DA:28,0
DA:35,1
DA:38,8
DA:41,0
DA:47,0
DA:48,0
DA:78,26
DA:83,8
DA:86,38
DA:89,21
DA:92,8
DA:95,26
DA:96,175
DA:99,2
DA:101,29
DA:102,1
DA:103,8
DA:104,10
DA:105,1
DA:106,8
DA:110,69
DA:111,16
DA:115,7
DA:118,30
DA:119,54
DA:121,13
end_of_record

SF:/Users/drgorilla/Documents/defiSucks/opUSDC/src/contracts/L2OpUSDCBridgeAdapter.sol
DA:20,202
DA:36,0
DA:39,14
DA:52,0
DA:56,0
DA:65,17
DA:66,0
DA:67,0
DA:68,0
DA:69,0
DA:70,0
DA:83,21
DA:84,8
DA:85,16
DA:87,65
DA:90,59
DA:92,44
DA:93,34
DA:96,13
DA:104,19
DA:105,21
DA:108,45
DA:111,46
DA:121,13
DA:122,29
DA:124,8
DA:126,13
DA:132,12
DA:133,16
DA:135,6
DA:137,6
DA:150,17
DA:151,18
DA:153,80
DA:156,29
DA:158,7
DA:171,28
DA:179,1
DA:180,18
DA:182,80
DA:185,29
DA:188,43
DA:191,7
DA:194,38
DA:196,53
DA:199,31
DA:201,7
DA:212,29
DA:213,17
DA:214,4
DA:216,42
DA:217,29
DA:220,12
DA:223,47
DA:224,12
DA:226,46
DA:227,20
DA:238,21
DA:239,29
DA:240,3
DA:242,16
DA:244,44
DA:245,0
DA:246,1
DA:247,4
DA:249,46
DA:250,2
DA:251,27
DA:254,16
DA:270,22
DA:271,8
DA:272,1
DA:274,4
DA:275,14
DA:276,3
DA:278,0
DA:279,15
DA:280,0
DA:282,66
DA:285,4
DA:286,13
DA:289,11
DA:302,6
DA:303,9
DA:306,45
DA:309,46
DA:310,32
DA:313,23
end_of_record

SF:/Users/drgorilla/Documents/defiSucks/opUSDC/src/contracts/L2OpUSDCDeploy.sol
DA:19,6
DA:20,0
DA:32,0
DA:38,0
DA:40,0
DA:41,0
DA:42,0
DA:43,0
DA:46,0
DA:47,0
DA:48,0
DA:49,0
DA:52,0
DA:54,0
DA:57,0
DA:70,0
DA:77,0
DA:78,0
DA:79,0
DA:80,0
DA:81,0
DA:82,0
DA:83,0
DA:84,0
DA:85,0
DA:89,0
DA:91,0
DA:93,0
DA:96,0
DA:97,0
DA:98,0
DA:99,0
DA:109,0
DA:111,0
DA:113,0
DA:114,0
end_of_record

SF:/Users/drgorilla/Documents/defiSucks/opUSDC/src/contracts/universal/OpUSDCBridgeAdapter.sol
DA:17,0
DA:18,1
DA:21,12
DA:24,38
DA:27,12
DA:33,23
DA:36,44
DA:39,62
DA:45,231
DA:46,26
DA:58,0
DA:59,0
DA:60,0
DA:61,0
DA:62,0
DA:123,0
DA:124,0
DA:130,0
DA:138,1
DA:140,7
DA:142,9
DA:150,6
DA:151,8
DA:152,25
DA:153,20
end_of_record

SF:/Users/drgorilla/Documents/defiSucks/opUSDC/src/contracts/utils/FallbackProxyAdmin.sol
DA:15,67
DA:17,10
DA:23,0
DA:24,0
DA:33,11
DA:34,13
DA:41,4
DA:42,31
DA:50,0
DA:51,0
end_of_record

SF:/Users/drgorilla/Documents/defiSucks/opUSDC/src/contracts/utils/USDCInitTxs.sol
DA:10,34
DA:14,26
DA:19,27
DA:24,53
end_of_record

SF:/Users/drgorilla/Documents/defiSucks/opUSDC/src/contracts/utils/USDCProxyCreationCode.sol
end_of_record

SF:/Users/drgorilla/Documents/defiSucks/opUSDC/src/interfaces/IL1OpUSDCBridgeAdapter.sol
end_of_record

SF:/Users/drgorilla/Documents/defiSucks/opUSDC/src/interfaces/IL1OpUSDCFactory.sol
end_of_record

SF:/Users/drgorilla/Documents/defiSucks/opUSDC/src/interfaces/IL2OpUSDCBridgeAdapter.sol
end_of_record

SF:/Users/drgorilla/Documents/defiSucks/opUSDC/src/interfaces/IL2OpUSDCDeploy.sol
end_of_record

SF:/Users/drgorilla/Documents/defiSucks/opUSDC/src/interfaces/IOpUSDCBridgeAdapter.sol
end_of_record

SF:/Users/drgorilla/Documents/defiSucks/opUSDC/src/interfaces/external/ICreate2Deployer.sol
end_of_record

SF:/Users/drgorilla/Documents/defiSucks/opUSDC/src/interfaces/external/ICrossDomainMessenger.sol
end_of_record

SF:/Users/drgorilla/Documents/defiSucks/opUSDC/src/interfaces/external/IOptimismPortal.sol
end_of_record

SF:/Users/drgorilla/Documents/defiSucks/opUSDC/src/interfaces/external/IUSDC.sol
end_of_record

SF:/Users/drgorilla/Documents/defiSucks/opUSDC/src/libraries/CrossChainDeployments.sol
DA:13,24
DA:21,5
DA:32,35
DA:38,4
DA:39,51
DA:40,15
DA:42,41
DA:47,60
DA:48,1
DA:50,0
DA:53,46
DA:54,6
DA:65,3
DA:69,1
DA:71,2
DA:72,5
DA:73,5
DA:74,3
DA:75,5
DA:76,3
DA:77,5
DA:88,3
DA:91,1
DA:92,1
DA:97,7
DA:98,20
DA:105,0
DA:106,0
DA:107,0
DA:108,0
DA:109,0
DA:110,0
DA:111,0
DA:112,0
DA:113,0
DA:114,0
DA:115,0
DA:116,0
DA:117,1
DA:118,0
DA:120,0
DA:123,8
end_of_record

SF:/Users/drgorilla/Documents/defiSucks/opUSDC/test/invariants/AdvancedTestsUtils.sol
DA:54,0
DA:55,0
DA:56,0
DA:59,0
DA:60,0
DA:64,0
DA:70,8
DA:71,32
DA:72,676
DA:76,0
DA:77,0
DA:78,0
DA:82,6
DA:83,21
DA:86,19
DA:87,22
DA:95,0
DA:98,0
DA:100,0
DA:102,4
DA:103,19
DA:106,4
DA:107,12
DA:115,0
DA:117,0
end_of_record

SF:/Users/drgorilla/Documents/defiSucks/opUSDC/test/invariants/fuzz/Create2Deployer.sol
DA:5,28
DA:7,0
DA:8,0
DA:9,0
DA:10,0
DA:13,0
DA:15,0
DA:17,0
end_of_record

SF:/Users/drgorilla/Documents/defiSucks/opUSDC/test/invariants/fuzz/MockBridge.sol
DA:7,75
DA:8,0
DA:13,25
DA:14,8
DA:15,10
DA:16,13
DA:18,65
DA:22,0
DA:29,0
DA:30,0
DA:31,0
DA:32,0
DA:34,0
DA:37,10
DA:38,7
DA:41,15
DA:42,14
DA:45,0
DA:46,0
DA:49,9
DA:50,3
DA:53,18
DA:54,3
DA:61,0
end_of_record

SF:/Users/drgorilla/Documents/defiSucks/opUSDC/test/invariants/fuzz/MockPortal.sol
DA:6,21
DA:7,16
end_of_record

SF:/Users/drgorilla/Documents/defiSucks/opUSDC/test/invariants/fuzz/OpUsdc.t.sol
DA:15,267
DA:33,5
DA:34,78
DA:35,78
DA:36,78
DA:38,78
DA:39,78
DA:40,76
DA:47,11
DA:49,35
DA:51,67
DA:52,71
DA:53,71
DA:55,9
DA:57,8
DA:59,68
DA:60,63
DA:62,44
DA:64,59
DA:66,77
DA:67,73
DA:68,22
DA:71,77
DA:72,23
DA:80,11
DA:88,10
DA:89,35
DA:90,67
DA:91,71
DA:93,8
DA:96,64
DA:97,62
DA:98,9
DA:99,3
DA:100,23
DA:102,6
DA:104,64
DA:105,63
DA:107,48
DA:110,76
DA:112,77
DA:113,69
DA:114,22
DA:117,148
DA:118,19
DA:126,11
DA:128,35
DA:129,67
DA:130,71
DA:132,9
DA:134,9
DA:136,69
DA:137,63
DA:139,44
DA:142,59
DA:144,77
DA:145,73
DA:146,31
DA:147,5
DA:150,77
DA:151,24
DA:159,17
DA:165,5
DA:167,10
DA:168,35
DA:169,67
DA:171,8
DA:173,64
DA:174,62
DA:175,9
DA:176,3
DA:177,23
DA:179,7
DA:181,61
DA:182,63
DA:184,48
DA:186,78
DA:188,77
DA:189,69
DA:190,31
DA:191,70
DA:194,148
DA:195,64
DA:201,5
DA:203,111
DA:204,72
DA:206,71
DA:208,68
DA:209,70
DA:210,17
DA:212,117
DA:214,57
DA:215,77
DA:216,65
DA:218,3
DA:224,11
DA:226,70
DA:228,44
DA:231,49
DA:233,78
DA:234,3
DA:235,14
DA:236,10
DA:238,3
DA:241,3
DA:249,14
DA:250,70
DA:252,44
DA:254,49
DA:255,78
DA:256,3
DA:257,14
DA:258,10
DA:260,79
DA:262,3
DA:263,86
DA:264,75
DA:271,9
DA:273,68
DA:274,78
DA:275,70
DA:277,113
DA:280,49
DA:282,13
DA:284,77
DA:285,70
DA:286,7
DA:288,37
DA:294,6
DA:296,86
DA:301,14
DA:304,7
DA:305,78
DA:306,74
DA:309,20
DA:313,49
DA:317,61
DA:318,77
DA:322,60
DA:324,1
DA:330,17
DA:332,39
DA:333,81
DA:334,71
DA:336,8
DA:339,44
DA:340,62
DA:343,45
DA:346,63
DA:347,71
DA:349,113
DA:351,61
DA:354,63
DA:355,28
DA:359,31
DA:360,70
DA:363,0
DA:364,49
DA:370,11
DA:372,7
DA:373,51
DA:374,9
DA:376,7
DA:377,42
DA:378,18
DA:380,81
DA:382,90
DA:385,44
DA:386,62
DA:389,45
DA:392,63
DA:393,63
DA:394,63
DA:395,63
DA:397,71
DA:399,113
DA:401,61
DA:403,77
DA:406,10
DA:407,72
DA:409,72
DA:410,66
DA:413,63
DA:414,16
DA:417,69
DA:418,66
DA:420,8
DA:421,16
DA:423,68
DA:428,0
DA:429,0
DA:430,0
DA:432,0
DA:433,49
DA:439,5
DA:441,85
DA:443,2
DA:444,74
DA:446,8
DA:447,10
DA:453,11
DA:454,8
DA:455,8
DA:456,75
DA:457,110
DA:458,59
DA:460,45
DA:461,62
DA:462,44
DA:464,44
DA:467,76
DA:468,113
DA:469,49
DA:471,7
DA:472,78
DA:474,2
DA:475,80
DA:476,75
DA:484,11
DA:485,8
DA:487,8
DA:488,110
DA:489,59
DA:491,45
DA:492,62
DA:493,77
DA:495,77
DA:497,8
DA:498,81
DA:499,110
DA:500,50
DA:501,44
DA:503,44
DA:505,7
DA:506,114
DA:507,56
DA:511,79
DA:512,37
DA:516,0
DA:517,0
DA:532,6
DA:533,34
DA:534,17
DA:535,21
DA:536,25
DA:539,35
DA:541,95
DA:546,19
DA:547,19
DA:549,27
DA:550,20
DA:553,0
DA:559,11
DA:560,67
DA:563,9
DA:565,7
DA:566,234
DA:569,41
DA:571,49
DA:574,81
DA:575,72
DA:581,5
DA:582,3
DA:583,86
DA:584,74
DA:585,74
DA:586,74
DA:588,2
DA:589,82
DA:590,74
DA:591,37
DA:597,13
DA:599,47
DA:601,0
DA:603,71
DA:607,11
DA:609,16
DA:619,11
DA:621,39
DA:622,67
DA:623,71
DA:625,8
DA:628,44
DA:629,62
DA:632,45
DA:635,63
DA:637,113
DA:639,57
DA:641,14
DA:642,66
DA:644,69
DA:646,3
DA:648,66
DA:649,79
DA:653,11
DA:655,7
DA:656,37
DA:657,9
DA:659,71
DA:661,64
DA:662,71
DA:664,55
DA:666,63
DA:667,71
DA:668,68
DA:670,19
DA:674,16
DA:676,39
DA:678,69
DA:679,71
DA:681,57
DA:683,76
DA:684,0
DA:685,1
DA:687,71
DA:689,64
DA:699,20
DA:708,3
DA:709,8
DA:711,10
DA:712,61
DA:713,9
DA:714,3
DA:715,23
DA:717,48
DA:719,9
DA:721,11
DA:722,44
DA:723,62
DA:725,45
DA:726,73
DA:728,45
DA:729,58
DA:730,6
DA:731,41
DA:732,6
DA:733,24
DA:734,6
DA:735,26
DA:736,7
DA:737,46
DA:739,0
DA:741,6
DA:742,39
DA:743,6
DA:744,16
DA:746,45
DA:750,21
DA:759,3
DA:760,8
DA:762,10
DA:763,61
DA:764,9
DA:765,3
DA:766,23
DA:768,48
DA:770,9
DA:771,57
DA:772,6
DA:773,32
DA:774,6
DA:775,24
DA:776,6
DA:777,16
DA:778,6
DA:779,39
DA:780,6
DA:781,39
DA:782,7
DA:783,56
DA:786,31
DA:787,0
DA:791,50
DA:792,7
DA:798,23
DA:807,1
DA:808,8
DA:809,1
DA:811,8
DA:812,57
DA:813,8
DA:814,29
DA:816,36
DA:818,8
DA:819,57
DA:820,6
DA:821,24
DA:822,6
DA:823,14
DA:824,8
DA:825,21
DA:826,6
DA:827,14
DA:828,6
DA:829,14
DA:831,0
DA:834,45
DA:835,59
DA:838,20
DA:846,1
DA:847,8
DA:848,1
DA:850,8
DA:851,57
DA:852,8
DA:853,29
DA:855,36
DA:857,8
DA:858,57
DA:859,6
DA:860,14
DA:861,8
DA:862,21
DA:863,9
DA:864,21
DA:866,55
DA:869,45
DA:870,59
DA:876,19
DA:885,8
DA:887,8
DA:888,61
DA:889,6
DA:890,15
DA:891,6
DA:892,16
DA:893,6
DA:894,16
DA:895,6
DA:896,28
DA:897,8
DA:898,77
DA:899,6
DA:900,16
DA:901,6
DA:902,16
DA:903,6
DA:904,20
DA:906,6
DA:907,22
DA:908,6
DA:909,22
DA:910,6
DA:911,24
DA:912,6
DA:913,16
DA:914,6
DA:915,49
DA:920,11
DA:929,8
DA:931,6
DA:932,22
DA:933,6
DA:934,16
DA:935,6
DA:936,16
DA:937,6
DA:938,16
DA:939,6
DA:940,28
DA:941,6
DA:942,22
DA:943,6
DA:944,16
DA:945,6
DA:946,16
DA:947,6
DA:948,20
DA:950,6
DA:951,22
DA:952,6
DA:953,22
DA:954,6
DA:955,24
DA:956,6
DA:957,16
DA:958,5
DA:959,16
DA:963,19
DA:971,1
DA:972,8
DA:974,1
DA:976,8
DA:977,55
DA:978,6
DA:979,14
DA:980,6
DA:981,14
DA:982,6
DA:983,14
DA:984,6
DA:986,26
DA:987,6
DA:988,20
DA:989,6
DA:990,14
DA:991,6
DA:992,14
DA:993,6
DA:994,18
DA:996,6
DA:997,20
DA:998,6
DA:999,20
DA:1000,6
DA:1001,57
DA:1005,11
DA:1014,8
DA:1016,1
DA:1018,6
DA:1019,20
DA:1020,6
DA:1021,14
DA:1022,6
DA:1023,14
DA:1024,6
DA:1025,14
DA:1026,6
DA:1028,26
DA:1029,6
DA:1030,20
DA:1031,6
DA:1032,14
DA:1033,6
DA:1034,14
DA:1035,6
DA:1036,18
DA:1038,6
DA:1039,20
DA:1040,6
DA:1041,20
DA:1042,5
DA:1043,22
DA:1048,11
DA:1049,5
DA:1050,133
DA:1051,86
DA:1054,10
DA:1057,1
DA:1059,45
DA:1060,57
DA:1063,41
DA:1064,72
DA:1070,1
DA:1072,45
DA:1073,57
DA:1075,41
DA:1076,73
DA:1078,41
DA:1079,59
DA:1082,41
DA:1083,71
DA:1086,3
DA:1095,1
DA:1096,33
DA:1097,1
DA:1098,1
DA:1099,1
DA:1100,1
DA:1101,1
DA:1104,66
DA:1106,40
DA:1107,62
DA:1108,66
DA:1109,19
end_of_record

SF:/Users/drgorilla/Documents/defiSucks/opUSDC/test/invariants/fuzz/SetupOpUSDC.sol
DA:18,0
DA:19,28
DA:26,0
DA:39,0
DA:45,0
DA:46,0
DA:47,0
DA:48,0
DA:51,0
DA:52,0
DA:53,0
DA:55,0
DA:56,0
DA:60,0
DA:61,0
DA:63,0
DA:64,0
DA:68,0
DA:71,0
DA:73,0
DA:74,0
DA:75,0
DA:76,0
DA:78,0
DA:82,0
DA:85,0
DA:87,0
DA:88,0
DA:89,0
DA:92,0
DA:95,0
DA:97,0
DA:98,0
DA:99,0
DA:103,0
DA:104,0
DA:105,0
DA:106,0
DA:107,0
DA:108,0
DA:111,0
DA:112,0
DA:113,0
DA:114,0
DA:116,0
DA:119,0
DA:122,0
DA:123,0
DA:124,0
DA:125,0
DA:126,0
DA:127,0
DA:128,0
DA:131,0
end_of_record

SF:/Users/drgorilla/Documents/defiSucks/opUSDC/test/utils/SigUtils.sol
DA:6,56
DA:10,1
DA:11,4
DA:12,3
DA:24,9
DA:25,2
DA:26,1
DA:28,6
DA:29,7
DA:31,6
DA:39,34
DA:42,2
DA:44,62
DA:53,6
DA:55,12
DA:56,25
end_of_record

SF:/Users/drgorilla/Documents/defiSucks/opUSDC/test/utils/USDCImplementationCreationCode.sol
end_of_record

SF:/Users/drgorilla/Documents/defiSucks/opUSDC/test/utils/interfaces/ITestCrossDomainMessenger.sol
end_of_record

