TN:
SF:/home/hexshire/opUSDC/node_modules/@openzeppelin/contracts/access/Ownable.sol
DA:1,0
DA:39,0
DA:40,0
DA:42,0
DA:49,18
DA:56,6
DA:57,4
DA:63,1
DA:64,3
DA:65,8
DA:76,8
DA:77,1
DA:84,22
DA:85,0
DA:86,9
DA:88,1
DA:95,0
DA:96,0
DA:97,0
DA:98,0
end_of_record

SF:/home/hexshire/opUSDC/node_modules/@openzeppelin/contracts/interfaces/IERC1271.sol
end_of_record

SF:/home/hexshire/opUSDC/node_modules/@openzeppelin/contracts/token/ERC20/IERC20.sol
end_of_record

SF:/home/hexshire/opUSDC/node_modules/@openzeppelin/contracts/token/ERC20/extensions/IERC20Permit.sol
end_of_record

SF:/home/hexshire/opUSDC/node_modules/@openzeppelin/contracts/token/ERC20/utils/SafeERC20.sol
DA:19,0
DA:36,4
DA:37,1
DA:44,6
DA:45,50
DA:91,1
DA:96,10
DA:97,30
DA:98,0
end_of_record

SF:/home/hexshire/opUSDC/node_modules/@openzeppelin/contracts/utils/Address.sol
DA:9,0
DA:70,2
DA:71,6
DA:83,2
DA:84,7
DA:85,0
DA:87,67
DA:88,6
DA:114,1
DA:118,1
DA:119,4
DA:120,4
DA:124,12
DA:125,0
DA:127,3
DA:146,1
DA:148,5
DA:152,2
DA:153,6
DA:156,0
end_of_record

SF:/home/hexshire/opUSDC/node_modules/@openzeppelin/contracts/utils/Context.sol
DA:18,2
end_of_record

SF:/home/hexshire/opUSDC/node_modules/@openzeppelin/contracts/utils/Strings.sol
DA:12,0
end_of_record

SF:/home/hexshire/opUSDC/node_modules/@openzeppelin/contracts/utils/cryptography/ECDSA.sol
DA:12,0
DA:56,10
DA:57,8
DA:58,1
DA:65,5
DA:66,5
DA:67,6
DA:69,16
DA:71,6
DA:122,11
DA:127,3
DA:137,7
DA:138,0
DA:142,40
DA:143,5
DA:144,0
DA:147,5
end_of_record

SF:/home/hexshire/opUSDC/node_modules/@openzeppelin/contracts/utils/cryptography/MessageHashUtils.sol
DA:15,0
DA:30,1
DA:33,4
DA:34,4
DA:35,3
end_of_record

SF:/home/hexshire/opUSDC/node_modules/@openzeppelin/contracts/utils/cryptography/SignatureChecker.sol
DA:14,0
DA:22,9
DA:23,11
DA:24,4
DA:25,25
DA:26,7
DA:36,1
DA:40,1
DA:41,40
DA:42,35
DA:44,11
DA:45,5
DA:46,0
end_of_record

SF:/home/hexshire/opUSDC/node_modules/@openzeppelin/contracts/utils/math/Math.sol
DA:9,0
end_of_record

SF:/home/hexshire/opUSDC/node_modules/@openzeppelin/contracts/utils/math/SignedMath.sol
DA:9,0
end_of_record

SF:/home/hexshire/opUSDC/node_modules/forge-std/src/Base.sol
end_of_record

SF:/home/hexshire/opUSDC/node_modules/forge-std/src/StdAssertions.sol
DA:38,0
DA:39,0
DA:40,0
DA:42,0
end_of_record

SF:/home/hexshire/opUSDC/node_modules/forge-std/src/StdChains.sol
DA:66,0
end_of_record

SF:/home/hexshire/opUSDC/node_modules/forge-std/src/StdCheats.sol
end_of_record

SF:/home/hexshire/opUSDC/node_modules/forge-std/src/StdError.sol
DA:5,0
DA:6,0
DA:7,0
DA:8,0
DA:9,0
DA:10,0
DA:11,0
DA:12,0
DA:13,0
DA:14,0
end_of_record

SF:/home/hexshire/opUSDC/node_modules/forge-std/src/StdInvariant.sol
DA:78,0
DA:79,0
DA:82,0
DA:83,0
DA:86,0
DA:87,0
DA:90,0
DA:91,0
DA:94,0
DA:95,0
DA:98,0
DA:99,0
DA:102,0
DA:103,0
DA:106,0
DA:107,0
DA:110,0
DA:111,0
end_of_record

SF:/home/hexshire/opUSDC/node_modules/forge-std/src/StdJson.sol
DA:25,0
end_of_record

SF:/home/hexshire/opUSDC/node_modules/forge-std/src/StdMath.sol
DA:4,0
end_of_record

SF:/home/hexshire/opUSDC/node_modules/forge-std/src/StdStorage.sol
DA:24,0
DA:334,0
end_of_record

SF:/home/hexshire/opUSDC/node_modules/forge-std/src/StdStyle.sol
DA:6,0
end_of_record

SF:/home/hexshire/opUSDC/node_modules/forge-std/src/StdToml.sol
DA:25,0
end_of_record

SF:/home/hexshire/opUSDC/node_modules/forge-std/src/StdUtils.sol
end_of_record

SF:/home/hexshire/opUSDC/node_modules/forge-std/src/Test.sol
DA:32,0
end_of_record

SF:/home/hexshire/opUSDC/node_modules/forge-std/src/Vm.sol
end_of_record

SF:/home/hexshire/opUSDC/node_modules/forge-std/src/console.sol
DA:4,0
end_of_record

SF:/home/hexshire/opUSDC/node_modules/forge-std/src/console2.sol
DA:9,0
end_of_record

SF:/home/hexshire/opUSDC/node_modules/forge-std/src/interfaces/IERC165.sol
end_of_record

SF:/home/hexshire/opUSDC/node_modules/forge-std/src/interfaces/IERC20.sol
end_of_record

SF:/home/hexshire/opUSDC/node_modules/forge-std/src/interfaces/IERC721.sol
end_of_record

SF:/home/hexshire/opUSDC/node_modules/forge-std/src/interfaces/IMulticall3.sol
end_of_record

SF:/home/hexshire/opUSDC/node_modules/forge-std/src/mocks/MockERC20.sol
DA:8,0
DA:19,0
DA:20,0
DA:23,0
DA:24,0
DA:27,0
DA:28,0
DA:41,0
DA:42,0
DA:45,0
DA:46,0
DA:49,0
DA:50,0
DA:61,0
DA:72,0
DA:73,0
DA:75,0
DA:76,0
DA:77,0
DA:79,0
DA:80,0
DA:82,0
DA:89,0
DA:90,0
DA:92,0
DA:94,0
DA:97,0
DA:98,0
DA:99,0
DA:101,0
DA:106,0
DA:107,0
DA:109,0
DA:111,0
DA:112,0
DA:114,0
DA:116,0
DA:123,0
DA:126,0
DA:127,0
DA:129,0
DA:130,0
DA:131,0
DA:133,0
DA:134,0
DA:135,0
DA:136,0
DA:139,0
DA:140,0
DA:141,0
DA:142,0
DA:153,0
DA:155,0
DA:157,0
DA:160,0
DA:161,0
DA:164,0
DA:165,0
DA:166,0
DA:167,0
DA:168,0
DA:169,0
DA:170,0
DA:171,0
DA:180,0
DA:181,0
DA:182,0
DA:184,0
DA:187,0
DA:188,0
DA:189,0
DA:191,0
DA:198,0
DA:199,0
DA:200,0
DA:204,0
DA:205,0
DA:206,0
DA:217,0
DA:220,0
DA:226,0
DA:227,0
DA:232,0
end_of_record

SF:/home/hexshire/opUSDC/node_modules/forge-std/src/mocks/MockERC721.sol
DA:8,0
DA:17,0
DA:18,0
DA:21,0
DA:22,0
DA:25,0
DA:35,0
DA:36,0
DA:39,0
DA:40,0
DA:42,0
DA:53,0
DA:54,0
DA:57,0
DA:58,0
DA:70,0
DA:71,0
DA:73,0
DA:74,0
DA:76,0
DA:83,0
DA:84,0
DA:86,0
DA:88,0
DA:90,0
DA:93,0
DA:94,0
DA:96,0
DA:99,0
DA:100,0
DA:102,0
DA:104,0
DA:105,0
DA:111,0
DA:113,0
DA:115,0
DA:117,0
DA:119,0
DA:122,0
DA:123,0
DA:125,0
DA:126,0
DA:127,0
DA:128,0
DA:133,0
DA:139,0
DA:141,0
DA:142,0
DA:143,0
DA:144,0
DA:153,0
DA:154,0
DA:155,0
DA:156,0
DA:226,0
DA:229,0
end_of_record

SF:/home/hexshire/opUSDC/node_modules/forge-std/src/safeconsole.sol
DA:6,0
end_of_record

SF:/home/hexshire/opUSDC/node_modules/halmos-cheatcodes/src/SVM.sol
end_of_record

SF:/home/hexshire/opUSDC/node_modules/halmos-cheatcodes/src/SymTest.sol
end_of_record

SF:/home/hexshire/opUSDC/script/utils/USDCImplementationCreationCode.sol
end_of_record

SF:/home/hexshire/opUSDC/src/contracts/L1OpUSDCBridgeAdapter.sol
DA:16,198
DA:20,8
DA:23,14
DA:26,27
DA:32,88
DA:33,28
DA:46,0
DA:51,0
DA:64,22
DA:72,14
DA:75,43
DA:76,13
DA:79,6
DA:80,14
DA:82,49
DA:83,2
DA:84,27
DA:85,2
DA:88,13
DA:96,13
DA:97,0
DA:99,0
DA:100,0
DA:102,0
DA:109,6
DA:110,21
DA:113,0
DA:116,0
DA:117,0
DA:120,0
DA:123,0
DA:125,0
DA:138,15
DA:141,43
DA:142,0
DA:145,7
DA:147,41
DA:148,25
DA:151,6
DA:160,18
DA:163,43
DA:164,13
DA:167,6
DA:169,41
DA:170,25
DA:173,13
DA:186,19
DA:188,49
DA:191,9
DA:194,51
DA:195,31
DA:198,25
DA:210,29
DA:217,1
DA:219,33
DA:222,21
DA:225,58
DA:227,50
DA:230,9
DA:233,51
DA:234,31
DA:237,25
DA:246,15
DA:248,0
DA:249,0
end_of_record

SF:/home/hexshire/opUSDC/src/contracts/L1OpUSDCFactory.sol
DA:19,71
DA:21,16
DA:24,6
DA:27,20
DA:30,28
DA:37,1
DA:40,5
DA:43,10
DA:49,0
DA:50,0
DA:67,24
DA:71,7
DA:74,41
DA:77,16
DA:80,7
DA:83,2
DA:84,173
DA:87,2
DA:89,30
DA:90,1
DA:91,8
DA:92,8
DA:93,1
DA:94,8
DA:98,77
DA:99,16
DA:103,7
DA:105,34
DA:107,11
end_of_record

SF:/home/hexshire/opUSDC/src/contracts/L2OpUSDCBridgeAdapter.sol
DA:18,144
DA:31,5
DA:34,13
DA:37,11
DA:43,308
DA:44,56
DA:57,0
DA:62,0
DA:63,0
DA:77,11
DA:78,7
DA:79,15
DA:81,65
DA:83,45
DA:84,33
DA:87,7
DA:95,11
DA:96,24
DA:99,0
DA:102,0
DA:112,8
DA:113,8
DA:115,13
DA:121,5
DA:123,6
DA:125,6
DA:138,15
DA:140,22
DA:142,9
DA:145,45
DA:148,0
DA:149,0
DA:152,8
DA:164,11
DA:171,0
DA:173,22
DA:176,21
DA:179,58
DA:181,50
DA:183,9
DA:186,44
DA:189,0
DA:190,0
DA:193,0
DA:202,14
DA:204,45
DA:205,15
DA:220,11
DA:221,8
DA:222,1
DA:224,14
DA:225,0
DA:226,15
DA:227,0
DA:229,41
DA:232,3
DA:233,13
DA:236,0
end_of_record

SF:/home/hexshire/opUSDC/src/contracts/L2OpUSDCFactory.sol
DA:17,9
DA:28,27
DA:34,0
DA:36,0
DA:37,0
DA:40,0
DA:41,0
DA:42,0
DA:43,0
DA:46,0
DA:47,0
DA:48,0
DA:49,0
DA:50,0
DA:53,0
DA:55,0
DA:58,0
DA:59,0
DA:72,0
DA:79,0
DA:80,0
DA:81,0
DA:82,0
DA:83,0
DA:84,0
DA:85,0
DA:86,0
DA:87,0
DA:91,0
DA:93,0
DA:95,0
DA:98,0
DA:99,0
DA:100,0
DA:101,0
DA:111,0
DA:113,0
DA:115,0
DA:116,0
end_of_record

SF:/home/hexshire/opUSDC/src/contracts/universal/OpUSDCBridgeAdapter.sol
DA:14,6
DA:17,25
DA:20,7
DA:23,36
DA:34,0
DA:35,0
DA:36,0
DA:83,1
DA:84,2
DA:86,23
end_of_record

SF:/home/hexshire/opUSDC/src/contracts/utils/FallbackProxyAdmin.sol
DA:15,71
DA:17,15
DA:22,0
DA:23,0
DA:32,11
DA:33,0
DA:40,11
DA:41,0
DA:49,11
DA:50,0
end_of_record

SF:/home/hexshire/opUSDC/src/contracts/utils/USDCInitTxs.sol
DA:8,34
DA:12,30
DA:17,31
DA:22,23
DA:23,41
end_of_record

SF:/home/hexshire/opUSDC/src/contracts/utils/USDCProxyCreationCode.sol
end_of_record

SF:/home/hexshire/opUSDC/src/interfaces/IL1OpUSDCBridgeAdapter.sol
end_of_record

SF:/home/hexshire/opUSDC/src/interfaces/IL1OpUSDCFactory.sol
end_of_record

SF:/home/hexshire/opUSDC/src/interfaces/IL2OpUSDCBridgeAdapter.sol
end_of_record

SF:/home/hexshire/opUSDC/src/interfaces/IL2OpUSDCFactory.sol
end_of_record

SF:/home/hexshire/opUSDC/src/interfaces/IOpUSDCBridgeAdapter.sol
end_of_record

SF:/home/hexshire/opUSDC/src/interfaces/external/ICreate2Deployer.sol
end_of_record

SF:/home/hexshire/opUSDC/src/interfaces/external/ICrossDomainMessenger.sol
end_of_record

SF:/home/hexshire/opUSDC/src/interfaces/external/IUSDC.sol
end_of_record

SF:/home/hexshire/opUSDC/src/libraries/CrossChainDeployments.sol
DA:12,25
DA:25,35
DA:31,3
DA:32,51
DA:33,15
DA:35,1
DA:36,50
DA:37,60
DA:47,3
DA:51,1
DA:53,2
DA:54,5
DA:55,5
DA:56,3
DA:57,5
DA:58,3
DA:59,4
DA:70,3
DA:73,1
DA:74,1
DA:80,7
DA:81,20
DA:88,0
DA:89,0
DA:90,0
DA:91,0
DA:92,0
DA:93,0
DA:94,0
DA:95,0
DA:96,0
DA:97,0
DA:98,0
DA:99,0
DA:100,1
DA:101,0
DA:103,0
DA:106,8
end_of_record

SF:/home/hexshire/opUSDC/test/invariants/AdvancedTestsUtils.sol
DA:53,0
DA:54,0
DA:55,0
DA:58,0
DA:59,0
DA:63,0
DA:69,5
DA:70,12
DA:71,264
DA:75,0
DA:76,0
DA:77,0
DA:81,6
DA:82,21
DA:85,18
DA:86,22
DA:94,0
DA:97,0
DA:99,0
DA:102,0
DA:104,0
end_of_record

SF:/home/hexshire/opUSDC/test/invariants/fuzz/Create2Deployer.sol
DA:5,32
DA:7,24
DA:8,1
DA:9,23
DA:10,15
DA:13,9
DA:15,13
DA:17,1
end_of_record

SF:/home/hexshire/opUSDC/test/invariants/fuzz_v2/MockBridge.sol
DA:7,46
DA:8,17
DA:12,14
DA:16,23
DA:17,3
DA:20,24
DA:21,15
DA:23,65
DA:27,19
DA:34,2
DA:35,10
DA:36,13
DA:37,48
DA:39,25
DA:42,19
DA:43,14
end_of_record

SF:/home/hexshire/opUSDC/test/invariants/fuzz_v2/OpUSDC.t.sol
DA:12,110
DA:41,17
DA:43,8
DA:46,11
DA:49,45
DA:52,35
DA:55,45
DA:56,54
DA:59,45
DA:60,73
DA:63,68
DA:64,63
DA:66,44
DA:68,61
DA:70,77
DA:71,69
DA:72,73
DA:75,77
DA:76,63
DA:77,70
DA:82,11
DA:87,0
DA:89,10
DA:90,6
DA:93,62
DA:96,11
DA:99,35
DA:102,45
DA:103,49
DA:106,41
DA:107,73
DA:110,60
DA:111,9
DA:112,22
DA:115,67
DA:116,63
DA:118,44
DA:120,65
DA:122,77
DA:123,72
DA:124,5
DA:127,77
DA:128,63
DA:129,68
DA:499,19
DA:507,4
DA:508,8
DA:510,10
DA:511,62
DA:512,63
DA:513,21
DA:514,9
DA:516,48
DA:518,9
DA:520,6
DA:521,72
DA:522,45
DA:523,54
DA:525,45
DA:526,73
DA:529,69
DA:531,44
DA:532,60
DA:533,4
DA:534,65
DA:536,9
DA:537,64
DA:538,6
DA:539,22
DA:540,6
DA:541,16
DA:542,7
DA:543,46
DA:545,0
DA:547,6
DA:548,39
DA:549,6
DA:550,16
DA:552,45
DA:556,22
DA:564,4
DA:565,8
DA:567,10
DA:568,62
DA:569,63
DA:570,21
DA:571,9
DA:573,48
DA:575,7
DA:576,56
DA:577,6
DA:578,30
DA:579,6
DA:580,22
DA:581,6
DA:582,16
DA:583,6
DA:584,39
DA:585,6
DA:586,39
DA:587,5
DA:588,22
DA:590,1
DA:591,0
DA:597,21
DA:606,1
DA:607,8
DA:608,1
DA:610,8
DA:611,57
DA:612,8
DA:613,29
DA:615,36
DA:617,8
DA:618,55
DA:619,6
DA:620,14
DA:621,6
DA:622,14
DA:623,8
DA:624,21
DA:625,7
DA:626,14
DA:628,29
DA:631,45
DA:632,59
DA:635,20
DA:643,1
DA:644,8
DA:645,1
DA:647,8
DA:648,57
DA:649,8
DA:650,29
DA:652,36
DA:654,8
DA:655,55
DA:656,6
DA:657,14
DA:658,8
DA:659,21
DA:660,9
DA:661,21
DA:663,55
DA:666,45
DA:667,59
DA:670,3
DA:677,2
DA:678,39
DA:679,32
DA:680,66
DA:681,19
DA:692,6
DA:694,5
DA:695,72
DA:696,68
DA:697,72
end_of_record

SF:/home/hexshire/opUSDC/test/invariants/fuzz_v2/SetupOpUSDC.sol
DA:17,0
DA:30,0
DA:36,0
DA:37,0
DA:38,0
DA:39,0
DA:42,0
DA:43,0
DA:44,0
DA:48,0
DA:49,0
DA:50,0
DA:51,0
DA:54,0
DA:57,0
DA:59,0
DA:60,0
DA:61,0
DA:62,0
DA:64,0
DA:66,0
DA:69,0
DA:70,0
DA:73,0
DA:75,0
DA:76,0
DA:77,0
DA:81,0
DA:82,0
DA:83,0
DA:86,0
DA:87,0
DA:88,0
DA:89,0
DA:91,0
DA:94,0
DA:97,0
DA:98,0
DA:99,0
DA:100,0
DA:101,0
DA:102,0
DA:103,0
DA:104,0
DA:108,0
end_of_record

SF:/home/hexshire/opUSDC/test/utils/interfaces/ITestCrossDomainMessenger.sol
end_of_record

