TN:
SF:/Users/drgorilla/Documents/defiSucks/opUSDC/node_modules/@openzeppelin/contracts-upgradeable/access/OwnableUpgradeable.sol
DA:1,0
DA:32,3
DA:51,1
DA:52,4
DA:55,1
DA:66,16
DA:73,10
DA:75,5
DA:81,1
DA:82,6
DA:83,8
DA:94,1
DA:95,1
DA:102,19
DA:103,5
DA:104,0
DA:106,5
DA:113,5
DA:114,2
DA:115,7
DA:116,10
DA:117,5
end_of_record

SF:/Users/drgorilla/Documents/defiSucks/opUSDC/node_modules/@openzeppelin/contracts-upgradeable/proxy/utils/Initializable.sol
DA:104,5
DA:106,1
DA:109,8
DA:110,2
DA:117,11
DA:118,16
DA:120,14
DA:121,13
DA:123,7
DA:124,5
DA:125,6
DA:128,5
DA:129,5
DA:130,11
DA:171,15
DA:178,1
DA:179,2
DA:180,0
DA:192,0
DA:196,0
DA:197,0
DA:199,0
DA:200,0
DA:201,0
DA:216,5
DA:225,2
end_of_record

SF:/Users/drgorilla/Documents/defiSucks/opUSDC/node_modules/@openzeppelin/contracts-upgradeable/proxy/utils/UUPSUpgradeable.sol
DA:22,0
DA:32,0
DA:52,0
DA:61,0
DA:78,0
DA:92,4
DA:93,0
DA:94,1
DA:102,0
DA:103,0
DA:104,0
DA:105,0
DA:107,0
DA:115,0
DA:116,0
DA:118,0
DA:142,0
DA:143,0
DA:144,0
DA:145,0
DA:147,0
DA:150,0
end_of_record

SF:/Users/drgorilla/Documents/defiSucks/opUSDC/node_modules/@openzeppelin/contracts-upgradeable/utils/ContextUpgradeable.sol
DA:24,2
end_of_record

SF:/Users/drgorilla/Documents/defiSucks/opUSDC/node_modules/@openzeppelin/contracts-upgradeable/utils/cryptography/EIP712Upgradeable.sol
DA:34,1
DA:52,2
DA:68,1
DA:69,5
DA:72,2
DA:74,7
DA:75,9
DA:78,4
DA:79,5
DA:85,4
DA:86,6
DA:89,4
DA:90,36
DA:108,4
DA:109,8
DA:115,0
DA:120,0
DA:121,0
DA:129,0
DA:132,8
DA:134,0
DA:136,0
DA:137,0
DA:138,0
DA:139,0
DA:140,0
DA:141,0
DA:151,5
DA:153,74
DA:162,3
DA:164,7
DA:172,5
DA:174,6
DA:175,5
DA:176,8
DA:180,0
DA:181,0
DA:182,0
DA:184,0
DA:194,5
DA:196,6
DA:197,5
DA:198,8
DA:202,0
DA:203,0
DA:204,0
end_of_record

SF:/Users/drgorilla/Documents/defiSucks/opUSDC/node_modules/@openzeppelin/contracts/access/Ownable.sol
DA:39,0
DA:40,0
DA:42,0
DA:49,4
DA:56,1
DA:57,2
DA:63,1
DA:64,3
DA:65,0
DA:76,1
DA:77,1
DA:84,0
DA:85,0
DA:86,0
DA:88,0
DA:95,0
DA:96,0
DA:97,0
DA:98,0
end_of_record

SF:/Users/drgorilla/Documents/defiSucks/opUSDC/node_modules/@openzeppelin/contracts/interfaces/IERC1271.sol
end_of_record

SF:/Users/drgorilla/Documents/defiSucks/opUSDC/node_modules/@openzeppelin/contracts/interfaces/IERC5267.sol
end_of_record

SF:/Users/drgorilla/Documents/defiSucks/opUSDC/node_modules/@openzeppelin/contracts/interfaces/draft-IERC1822.sol
end_of_record

SF:/Users/drgorilla/Documents/defiSucks/opUSDC/node_modules/@openzeppelin/contracts/proxy/ERC1967/ERC1967Proxy.sol
DA:15,7
DA:26,12
DA:27,3
DA:37,7
DA:38,7
end_of_record

SF:/Users/drgorilla/Documents/defiSucks/opUSDC/node_modules/@openzeppelin/contracts/proxy/ERC1967/ERC1967Utils.sol
DA:14,0
DA:37,2
DA:62,1
DA:63,3
DA:69,0
DA:70,0
DA:71,0
DA:73,0
DA:83,0
DA:84,0
DA:85,0
DA:87,0
DA:88,0
DA:90,0
DA:188,0
DA:189,0
DA:190,0
end_of_record

SF:/Users/drgorilla/Documents/defiSucks/opUSDC/node_modules/@openzeppelin/contracts/proxy/Proxy.sol
DA:22,2
DA:27,8
DA:31,14
DA:34,7
DA:36,1
DA:38,7
DA:39,6
DA:42,6
DA:58,2
DA:59,9
DA:67,5
end_of_record

SF:/Users/drgorilla/Documents/defiSucks/opUSDC/node_modules/@openzeppelin/contracts/proxy/beacon/IBeacon.sol
end_of_record

SF:/Users/drgorilla/Documents/defiSucks/opUSDC/node_modules/@openzeppelin/contracts/token/ERC20/IERC20.sol
end_of_record

SF:/Users/drgorilla/Documents/defiSucks/opUSDC/node_modules/@openzeppelin/contracts/token/ERC20/extensions/IERC20Permit.sol
end_of_record

SF:/Users/drgorilla/Documents/defiSucks/opUSDC/node_modules/@openzeppelin/contracts/token/ERC20/utils/SafeERC20.sol
DA:19,0
DA:36,1
DA:37,49
DA:44,6
DA:45,16
DA:91,1
DA:96,10
DA:97,30
DA:98,0
end_of_record

SF:/Users/drgorilla/Documents/defiSucks/opUSDC/node_modules/@openzeppelin/contracts/utils/Address.sol
DA:9,0
DA:70,2
DA:71,6
DA:83,2
DA:84,7
DA:85,0
DA:87,67
DA:88,6
DA:104,0
DA:105,0
DA:106,0
DA:114,1
DA:118,1
DA:119,4
DA:120,4
DA:124,12
DA:125,0
DA:127,3
DA:146,1
DA:148,5
DA:152,2
DA:153,5
DA:156,0
end_of_record

SF:/Users/drgorilla/Documents/defiSucks/opUSDC/node_modules/@openzeppelin/contracts/utils/Context.sol
DA:18,1
end_of_record

SF:/Users/drgorilla/Documents/defiSucks/opUSDC/node_modules/@openzeppelin/contracts/utils/ShortStrings.sol
DA:40,0
DA:42,0
DA:52,0
DA:53,0
DA:54,0
DA:55,0
DA:57,0
DA:89,0
DA:90,0
DA:91,0
DA:93,0
end_of_record

SF:/Users/drgorilla/Documents/defiSucks/opUSDC/node_modules/@openzeppelin/contracts/utils/StorageSlot.sol
DA:31,0
end_of_record

SF:/Users/drgorilla/Documents/defiSucks/opUSDC/node_modules/@openzeppelin/contracts/utils/Strings.sol
DA:12,0
end_of_record

SF:/Users/drgorilla/Documents/defiSucks/opUSDC/node_modules/@openzeppelin/contracts/utils/cryptography/ECDSA.sol
DA:12,0
DA:56,10
DA:57,7
DA:58,1
DA:65,5
DA:66,5
DA:67,6
DA:69,16
DA:71,0
DA:122,11
DA:127,3
DA:137,7
DA:138,0
DA:142,40
DA:143,5
DA:144,0
DA:147,5
end_of_record

SF:/Users/drgorilla/Documents/defiSucks/opUSDC/node_modules/@openzeppelin/contracts/utils/cryptography/MessageHashUtils.sol
DA:15,0
DA:76,1
DA:79,2
DA:80,2
DA:81,7
DA:82,4
DA:83,4
end_of_record

SF:/Users/drgorilla/Documents/defiSucks/opUSDC/node_modules/@openzeppelin/contracts/utils/cryptography/SignatureChecker.sol
DA:14,0
DA:22,9
DA:23,11
DA:24,4
DA:25,24
DA:26,1
DA:36,0
DA:40,0
DA:41,0
DA:42,0
DA:44,0
DA:45,0
DA:46,0
end_of_record

SF:/Users/drgorilla/Documents/defiSucks/opUSDC/node_modules/@openzeppelin/contracts/utils/math/Math.sol
DA:9,0
end_of_record

SF:/Users/drgorilla/Documents/defiSucks/opUSDC/node_modules/@openzeppelin/contracts/utils/math/SignedMath.sol
DA:9,0
end_of_record

SF:/Users/drgorilla/Documents/defiSucks/opUSDC/node_modules/forge-std/src/Base.sol
end_of_record

SF:/Users/drgorilla/Documents/defiSucks/opUSDC/node_modules/forge-std/src/StdAssertions.sol
DA:38,0
DA:39,0
DA:40,0
DA:42,0
end_of_record

SF:/Users/drgorilla/Documents/defiSucks/opUSDC/node_modules/forge-std/src/StdChains.sol
DA:66,0
end_of_record

SF:/Users/drgorilla/Documents/defiSucks/opUSDC/node_modules/forge-std/src/StdCheats.sol
end_of_record

SF:/Users/drgorilla/Documents/defiSucks/opUSDC/node_modules/forge-std/src/StdError.sol
DA:5,0
DA:6,0
DA:7,0
DA:8,0
DA:9,0
DA:10,0
DA:11,0
DA:12,0
DA:13,0
DA:14,0
end_of_record

SF:/Users/drgorilla/Documents/defiSucks/opUSDC/node_modules/forge-std/src/StdInvariant.sol
DA:78,0
DA:79,0
DA:82,0
DA:83,0
DA:86,0
DA:87,0
DA:90,0
DA:91,0
DA:94,0
DA:95,0
DA:98,0
DA:99,0
DA:102,0
DA:103,0
DA:106,0
DA:107,0
DA:110,0
DA:111,0
end_of_record

SF:/Users/drgorilla/Documents/defiSucks/opUSDC/node_modules/forge-std/src/StdJson.sol
DA:25,0
end_of_record

SF:/Users/drgorilla/Documents/defiSucks/opUSDC/node_modules/forge-std/src/StdMath.sol
DA:4,0
end_of_record

SF:/Users/drgorilla/Documents/defiSucks/opUSDC/node_modules/forge-std/src/StdStorage.sol
DA:24,0
DA:334,0
end_of_record

SF:/Users/drgorilla/Documents/defiSucks/opUSDC/node_modules/forge-std/src/StdStyle.sol
DA:6,0
end_of_record

SF:/Users/drgorilla/Documents/defiSucks/opUSDC/node_modules/forge-std/src/StdToml.sol
DA:25,0
end_of_record

SF:/Users/drgorilla/Documents/defiSucks/opUSDC/node_modules/forge-std/src/StdUtils.sol
end_of_record

SF:/Users/drgorilla/Documents/defiSucks/opUSDC/node_modules/forge-std/src/Test.sol
DA:32,0
end_of_record

SF:/Users/drgorilla/Documents/defiSucks/opUSDC/node_modules/forge-std/src/Vm.sol
end_of_record

SF:/Users/drgorilla/Documents/defiSucks/opUSDC/node_modules/forge-std/src/console.sol
DA:4,0
end_of_record

SF:/Users/drgorilla/Documents/defiSucks/opUSDC/node_modules/forge-std/src/console2.sol
DA:9,0
end_of_record

SF:/Users/drgorilla/Documents/defiSucks/opUSDC/node_modules/forge-std/src/interfaces/IERC165.sol
end_of_record

SF:/Users/drgorilla/Documents/defiSucks/opUSDC/node_modules/forge-std/src/interfaces/IERC20.sol
end_of_record

SF:/Users/drgorilla/Documents/defiSucks/opUSDC/node_modules/forge-std/src/interfaces/IERC721.sol
end_of_record

SF:/Users/drgorilla/Documents/defiSucks/opUSDC/node_modules/forge-std/src/interfaces/IMulticall3.sol
end_of_record

SF:/Users/drgorilla/Documents/defiSucks/opUSDC/node_modules/forge-std/src/mocks/MockERC20.sol
DA:8,0
DA:19,0
DA:20,0
DA:23,0
DA:24,0
DA:27,0
DA:28,0
DA:41,0
DA:42,0
DA:45,0
DA:46,0
DA:49,0
DA:50,0
DA:61,0
DA:72,0
DA:73,0
DA:75,0
DA:76,0
DA:77,0
DA:79,0
DA:80,0
DA:82,0
DA:89,0
DA:90,0
DA:92,0
DA:94,0
DA:97,0
DA:98,0
DA:99,0
DA:101,0
DA:106,0
DA:107,0
DA:109,0
DA:111,0
DA:112,0
DA:114,0
DA:116,0
DA:123,0
DA:126,0
DA:127,0
DA:129,0
DA:130,0
DA:131,0
DA:133,0
DA:134,0
DA:135,0
DA:136,0
DA:139,0
DA:140,0
DA:141,0
DA:142,0
DA:153,0
DA:155,0
DA:157,0
DA:160,0
DA:161,0
DA:164,0
DA:165,0
DA:166,0
DA:167,0
DA:168,0
DA:169,0
DA:170,0
DA:171,0
DA:180,0
DA:181,0
DA:182,0
DA:184,0
DA:187,0
DA:188,0
DA:189,0
DA:191,0
DA:198,0
DA:199,0
DA:200,0
DA:204,0
DA:205,0
DA:206,0
DA:217,0
DA:220,0
DA:226,0
DA:227,0
DA:232,0
end_of_record

SF:/Users/drgorilla/Documents/defiSucks/opUSDC/node_modules/forge-std/src/mocks/MockERC721.sol
DA:8,0
DA:17,0
DA:18,0
DA:21,0
DA:22,0
DA:25,0
DA:35,0
DA:36,0
DA:39,0
DA:40,0
DA:42,0
DA:53,0
DA:54,0
DA:57,0
DA:58,0
DA:70,0
DA:71,0
DA:73,0
DA:74,0
DA:76,0
DA:83,0
DA:84,0
DA:86,0
DA:88,0
DA:90,0
DA:93,0
DA:94,0
DA:96,0
DA:99,0
DA:100,0
DA:102,0
DA:104,0
DA:105,0
DA:111,0
DA:113,0
DA:115,0
DA:117,0
DA:119,0
DA:122,0
DA:123,0
DA:125,0
DA:126,0
DA:127,0
DA:128,0
DA:133,0
DA:139,0
DA:141,0
DA:142,0
DA:143,0
DA:144,0
DA:153,0
DA:154,0
DA:155,0
DA:156,0
DA:226,0
DA:229,0
end_of_record

SF:/Users/drgorilla/Documents/defiSucks/opUSDC/node_modules/forge-std/src/safeconsole.sol
DA:6,0
end_of_record

SF:/Users/drgorilla/Documents/defiSucks/opUSDC/node_modules/halmos-cheatcodes/src/SVM.sol
end_of_record

SF:/Users/drgorilla/Documents/defiSucks/opUSDC/node_modules/halmos-cheatcodes/src/SymTest.sol
end_of_record

SF:/Users/drgorilla/Documents/defiSucks/opUSDC/src/contracts/L1OpUSDCBridgeAdapter.sol
DA:18,308
DA:22,20
DA:25,26
DA:37,0
DA:41,0
DA:49,21
DA:50,5
DA:51,21
DA:52,16
DA:53,4
DA:68,22
DA:76,27
DA:79,37
DA:80,13
DA:83,9
DA:84,12
DA:86,46
DA:87,2
DA:88,28
DA:89,2
DA:92,13
DA:100,17
DA:101,29
DA:103,4
DA:104,8
DA:106,5
DA:113,15
DA:114,21
DA:117,16
DA:124,4
DA:125,59
DA:126,10
DA:129,5
DA:130,42
DA:134,3
DA:135,6
DA:136,11
DA:148,17
DA:151,37
DA:152,13
DA:155,8
DA:157,41
DA:158,27
DA:161,6
DA:170,19
DA:173,37
DA:174,13
DA:177,6
DA:179,41
DA:180,25
DA:183,13
DA:196,25
DA:197,18
DA:200,73
DA:203,29
DA:205,7
DA:218,40
DA:226,1
DA:227,18
DA:230,73
DA:233,29
DA:236,43
DA:239,7
DA:242,38
DA:244,53
DA:247,31
DA:249,7
DA:260,32
DA:262,46
DA:263,12
DA:265,46
DA:266,20
DA:276,20
DA:277,29
DA:280,8
DA:282,16
DA:290,21
DA:291,31
DA:292,3
DA:295,7
DA:297,16
DA:308,17
DA:309,6
DA:310,7
DA:323,6
DA:325,9
DA:328,46
DA:329,32
DA:332,23
end_of_record

SF:/Users/drgorilla/Documents/defiSucks/opUSDC/src/contracts/L1OpUSDCFactory.sol
DA:20,53
DA:22,1
DA:25,0
DA:28,0
DA:35,1
DA:38,8
DA:41,0
DA:47,0
DA:48,0
DA:78,26
DA:83,8
DA:86,38
DA:89,21
DA:92,8
DA:95,26
DA:96,175
DA:99,2
DA:101,29
DA:102,1
DA:103,8
DA:104,10
DA:105,1
DA:106,8
DA:110,69
DA:111,16
DA:115,7
DA:118,30
DA:119,54
DA:121,13
end_of_record

SF:/Users/drgorilla/Documents/defiSucks/opUSDC/src/contracts/L2OpUSDCBridgeAdapter.sol
DA:20,189
DA:36,0
DA:39,14
DA:52,0
DA:56,0
DA:65,17
DA:66,0
DA:67,0
DA:68,0
DA:69,0
DA:70,0
DA:83,21
DA:84,8
DA:85,16
DA:87,65
DA:90,59
DA:92,44
DA:93,34
DA:96,13
DA:104,19
DA:105,21
DA:108,45
DA:111,46
DA:121,13
DA:122,16
DA:124,8
DA:126,13
DA:132,12
DA:133,16
DA:135,6
DA:137,6
DA:150,17
DA:151,5
DA:153,80
DA:156,29
DA:158,7
DA:171,28
DA:179,1
DA:180,18
DA:182,80
DA:185,29
DA:188,43
DA:191,7
DA:194,38
DA:196,53
DA:199,31
DA:201,7
DA:212,29
DA:213,17
DA:214,4
DA:216,42
DA:217,29
DA:220,12
DA:223,47
DA:224,12
DA:226,46
DA:227,20
DA:238,21
DA:239,29
DA:240,3
DA:242,16
DA:244,44
DA:245,0
DA:246,1
DA:247,4
DA:249,46
DA:250,2
DA:251,27
DA:254,16
DA:270,22
DA:271,8
DA:272,1
DA:274,4
DA:275,14
DA:276,3
DA:278,0
DA:279,15
DA:280,0
DA:282,66
DA:285,4
DA:286,13
DA:289,11
DA:302,6
DA:303,9
DA:306,45
DA:309,46
DA:310,32
DA:313,23
end_of_record

SF:/Users/drgorilla/Documents/defiSucks/opUSDC/src/contracts/L2OpUSDCDeploy.sol
DA:19,6
DA:20,0
DA:32,0
DA:38,0
DA:40,0
DA:41,0
DA:42,0
DA:43,0
DA:46,0
DA:47,0
DA:48,0
DA:49,0
DA:52,0
DA:54,0
DA:57,0
DA:70,0
DA:77,0
DA:78,0
DA:79,0
DA:80,0
DA:81,0
DA:82,0
DA:83,0
DA:84,0
DA:85,0
DA:89,0
DA:91,0
DA:93,0
DA:96,0
DA:97,0
DA:98,0
DA:99,0
DA:109,0
DA:111,0
DA:113,0
DA:114,0
end_of_record

SF:/Users/drgorilla/Documents/defiSucks/opUSDC/src/contracts/universal/OpUSDCBridgeAdapter.sol
DA:17,0
DA:18,1
DA:21,12
DA:24,38
DA:27,12
DA:33,23
DA:36,44
DA:39,62
DA:45,231
DA:46,26
DA:58,0
DA:59,0
DA:60,0
DA:61,0
DA:62,0
DA:123,0
DA:124,0
DA:130,0
DA:138,1
DA:140,7
DA:142,9
DA:150,6
DA:151,8
DA:152,25
DA:153,20
end_of_record

SF:/Users/drgorilla/Documents/defiSucks/opUSDC/src/contracts/utils/FallbackProxyAdmin.sol
DA:15,39
DA:17,0
DA:23,0
DA:24,0
DA:33,11
DA:34,13
DA:41,4
DA:42,31
DA:50,0
DA:51,0
end_of_record

SF:/Users/drgorilla/Documents/defiSucks/opUSDC/src/contracts/utils/USDCInitTxs.sol
DA:10,34
DA:14,26
DA:19,27
DA:24,53
end_of_record

SF:/Users/drgorilla/Documents/defiSucks/opUSDC/src/contracts/utils/USDCProxyCreationCode.sol
end_of_record

SF:/Users/drgorilla/Documents/defiSucks/opUSDC/src/interfaces/IL1OpUSDCBridgeAdapter.sol
end_of_record

SF:/Users/drgorilla/Documents/defiSucks/opUSDC/src/interfaces/IL1OpUSDCFactory.sol
end_of_record

SF:/Users/drgorilla/Documents/defiSucks/opUSDC/src/interfaces/IL2OpUSDCBridgeAdapter.sol
end_of_record

SF:/Users/drgorilla/Documents/defiSucks/opUSDC/src/interfaces/IL2OpUSDCDeploy.sol
end_of_record

SF:/Users/drgorilla/Documents/defiSucks/opUSDC/src/interfaces/IOpUSDCBridgeAdapter.sol
end_of_record

SF:/Users/drgorilla/Documents/defiSucks/opUSDC/src/interfaces/external/ICreate2Deployer.sol
end_of_record

SF:/Users/drgorilla/Documents/defiSucks/opUSDC/src/interfaces/external/ICrossDomainMessenger.sol
end_of_record

SF:/Users/drgorilla/Documents/defiSucks/opUSDC/src/interfaces/external/IOptimismPortal.sol
end_of_record

SF:/Users/drgorilla/Documents/defiSucks/opUSDC/src/interfaces/external/IUSDC.sol
end_of_record

SF:/Users/drgorilla/Documents/defiSucks/opUSDC/src/libraries/CrossChainDeployments.sol
DA:13,24
DA:21,5
DA:32,35
DA:38,4
DA:39,51
DA:40,15
DA:42,41
DA:47,60
DA:48,1
DA:50,0
DA:53,46
DA:54,6
DA:65,3
DA:69,1
DA:71,2
DA:72,5
DA:73,5
DA:74,3
DA:75,5
DA:76,3
DA:77,5
DA:88,3
DA:91,1
DA:92,1
DA:97,7
DA:98,20
DA:105,0
DA:106,0
DA:107,0
DA:108,0
DA:109,0
DA:110,0
DA:111,0
DA:112,0
DA:113,0
DA:114,0
DA:115,0
DA:116,0
DA:117,1
DA:118,0
DA:120,0
DA:123,8
end_of_record

SF:/Users/drgorilla/Documents/defiSucks/opUSDC/test/invariants/AdvancedTestsUtils.sol
DA:54,0
DA:55,0
DA:56,0
DA:59,0
DA:60,0
DA:64,0
DA:70,8
DA:71,32
DA:72,676
DA:76,0
DA:77,0
DA:78,0
DA:82,6
DA:83,21
DA:86,19
DA:87,22
DA:95,0
DA:98,0
DA:100,0
DA:102,4
DA:103,19
DA:106,4
DA:107,12
DA:115,0
DA:117,0
end_of_record

SF:/Users/drgorilla/Documents/defiSucks/opUSDC/test/invariants/fuzz/Create2Deployer.sol
DA:5,28
DA:7,0
DA:8,0
DA:9,0
DA:10,0
DA:13,0
DA:15,0
DA:17,0
end_of_record

SF:/Users/drgorilla/Documents/defiSucks/opUSDC/test/invariants/fuzz/MockBridge.sol
DA:7,75
DA:8,0
DA:13,25
DA:14,8
DA:15,10
DA:16,13
DA:18,65
DA:22,0
DA:29,0
DA:30,0
DA:31,0
DA:32,0
DA:34,0
DA:37,10
DA:38,7
DA:41,15
DA:42,14
DA:45,0
DA:46,0
DA:49,9
DA:50,3
DA:53,18
DA:54,3
DA:61,0
end_of_record

SF:/Users/drgorilla/Documents/defiSucks/opUSDC/test/invariants/fuzz/MockPortal.sol
DA:6,21
DA:7,16
end_of_record

SF:/Users/drgorilla/Documents/defiSucks/opUSDC/test/invariants/fuzz/OpUsdc.t.sol
DA:15,267
DA:33,5
DA:34,78
DA:35,78
DA:36,78
DA:38,78
DA:39,78
DA:40,76
DA:47,11
DA:49,35
DA:51,67
DA:52,71
DA:53,67
DA:55,9
DA:57,8
DA:59,68
DA:60,63
DA:62,44
DA:64,59
DA:66,77
DA:67,73
DA:68,22
DA:71,77
DA:72,23
DA:80,11
DA:88,10
DA:89,35
DA:90,67
DA:91,71
DA:93,8
DA:96,64
DA:97,62
DA:98,9
DA:99,3
DA:100,23
DA:102,6
DA:104,64
DA:105,63
DA:107,48
DA:110,76
DA:112,77
DA:113,69
DA:114,22
DA:117,148
DA:118,19
DA:126,11
DA:128,35
DA:129,67
DA:130,71
DA:132,9
DA:134,9
DA:136,69
DA:137,63
DA:139,44
DA:142,59
DA:144,77
DA:145,73
DA:146,31
DA:147,5
DA:150,77
DA:151,24
DA:159,17
DA:165,5
DA:167,10
DA:168,35
DA:169,67
DA:171,8
DA:173,64
DA:174,62
DA:175,9
DA:176,3
DA:177,23
DA:179,7
DA:181,61
DA:182,63
DA:184,48
DA:186,78
DA:188,77
DA:189,69
DA:190,31
DA:191,70
DA:194,148
DA:195,64
DA:201,5
DA:203,111
DA:204,72
DA:206,81
DA:207,71
DA:209,68
DA:210,70
DA:211,17
DA:213,117
DA:215,57
DA:216,77
DA:217,65
DA:219,0
DA:225,11
DA:227,70
DA:229,44
DA:232,49
DA:234,78
DA:235,3
DA:236,14
DA:237,10
DA:239,3
DA:242,3
DA:250,14
DA:251,70
DA:253,44
DA:255,49
DA:256,78
DA:257,3
DA:258,14
DA:259,10
DA:261,79
DA:263,3
DA:264,86
DA:265,75
DA:272,9
DA:274,68
DA:275,78
DA:276,70
DA:278,113
DA:281,49
DA:283,13
DA:285,77
DA:286,70
DA:287,7
DA:289,37
DA:295,6
DA:297,86
DA:302,14
DA:305,7
DA:306,78
DA:307,74
DA:310,20
DA:314,49
DA:318,61
DA:319,77
DA:323,60
DA:325,1
DA:331,17
DA:333,39
DA:334,81
DA:335,71
DA:337,8
DA:340,44
DA:341,62
DA:344,45
DA:347,63
DA:348,71
DA:350,113
DA:352,61
DA:355,63
DA:356,28
DA:360,31
DA:361,70
DA:364,0
DA:365,49
DA:371,11
DA:373,39
DA:374,39
DA:375,81
DA:380,45
DA:383,71
DA:384,63
DA:385,63
DA:386,63
DA:388,71
DA:390,113
DA:392,61
DA:394,10
DA:395,10
DA:396,10
DA:397,10
DA:398,67
DA:399,70
DA:400,67
DA:401,70
DA:402,77
DA:404,63
DA:405,69
DA:406,63
DA:407,19
DA:410,72
DA:411,66
DA:413,72
DA:414,7
DA:415,16
DA:417,0
DA:422,0
DA:423,0
DA:424,0
DA:425,52
DA:431,5
DA:433,85
DA:435,2
DA:436,74
DA:438,8
DA:439,10
DA:445,11
DA:446,8
DA:447,117
DA:448,9
DA:449,75
DA:450,56
DA:452,0
DA:453,0
DA:454,0
DA:457,126
DA:459,0
DA:460,0
DA:467,11
DA:468,8
DA:470,117
DA:471,9
DA:472,58
DA:474,45
DA:475,62
DA:476,77
DA:478,9
DA:479,81
DA:480,49
DA:481,44
DA:483,7
DA:484,39
DA:488,0
DA:498,6
DA:499,34
DA:500,17
DA:501,21
DA:502,25
DA:505,35
DA:507,95
DA:512,19
DA:513,19
DA:515,27
DA:516,20
DA:519,0
DA:525,11
DA:526,67
DA:529,9
DA:531,7
DA:532,234
DA:535,41
DA:537,49
DA:540,81
DA:541,72
DA:547,5
DA:548,3
DA:549,86
DA:550,74
DA:551,74
DA:552,74
DA:554,2
DA:555,82
DA:556,74
DA:557,37
DA:563,13
DA:565,47
DA:567,0
DA:569,71
DA:573,11
DA:575,16
DA:585,11
DA:587,39
DA:588,67
DA:589,67
DA:591,8
DA:594,44
DA:595,62
DA:598,45
DA:601,63
DA:603,113
DA:605,57
DA:607,14
DA:608,66
DA:610,69
DA:612,3
DA:614,66
DA:615,76
DA:619,11
DA:621,7
DA:622,37
DA:623,9
DA:625,71
DA:627,64
DA:628,71
DA:630,55
DA:632,63
DA:633,71
DA:634,68
DA:636,19
DA:640,16
DA:642,39
DA:644,69
DA:645,71
DA:647,57
DA:649,76
DA:650,0
DA:651,1
DA:653,71
DA:655,64
DA:665,20
DA:674,3
DA:675,8
DA:677,10
DA:678,61
DA:679,9
DA:680,3
DA:681,23
DA:683,48
DA:685,9
DA:687,11
DA:688,44
DA:689,62
DA:691,45
DA:692,73
DA:694,45
DA:695,58
DA:696,6
DA:697,41
DA:698,6
DA:699,24
DA:700,6
DA:701,26
DA:702,7
DA:703,46
DA:705,0
DA:707,6
DA:708,39
DA:709,6
DA:710,16
DA:712,45
DA:716,21
DA:725,3
DA:726,8
DA:728,10
DA:729,61
DA:730,9
DA:731,3
DA:732,23
DA:734,48
DA:736,9
DA:737,57
DA:738,6
DA:739,32
DA:740,6
DA:741,24
DA:742,6
DA:743,16
DA:744,6
DA:745,39
DA:746,6
DA:747,39
DA:748,7
DA:749,56
DA:752,31
DA:753,0
DA:757,50
DA:758,7
DA:764,23
DA:773,1
DA:774,8
DA:775,1
DA:777,8
DA:778,57
DA:779,8
DA:780,29
DA:782,36
DA:784,8
DA:785,57
DA:786,6
DA:787,24
DA:788,6
DA:789,14
DA:790,8
DA:791,21
DA:792,6
DA:793,14
DA:794,6
DA:795,14
DA:797,0
DA:800,45
DA:801,59
DA:804,20
DA:812,1
DA:813,8
DA:814,1
DA:816,8
DA:817,57
DA:818,8
DA:819,29
DA:821,36
DA:823,8
DA:824,57
DA:825,6
DA:826,14
DA:827,8
DA:828,21
DA:829,9
DA:830,21
DA:832,55
DA:835,45
DA:836,59
DA:842,19
DA:851,8
DA:853,8
DA:854,61
DA:855,6
DA:856,15
DA:857,6
DA:858,16
DA:859,6
DA:860,16
DA:861,6
DA:862,28
DA:863,8
DA:864,77
DA:865,6
DA:866,16
DA:867,6
DA:868,16
DA:869,6
DA:870,20
DA:872,6
DA:873,22
DA:874,6
DA:875,22
DA:876,6
DA:877,24
DA:878,6
DA:879,16
DA:880,6
DA:881,49
DA:886,11
DA:895,8
DA:897,6
DA:898,22
DA:899,6
DA:900,16
DA:901,6
DA:902,16
DA:903,6
DA:904,16
DA:905,6
DA:906,28
DA:907,6
DA:908,22
DA:909,6
DA:910,16
DA:911,6
DA:912,16
DA:913,6
DA:914,20
DA:916,6
DA:917,22
DA:918,6
DA:919,22
DA:920,6
DA:921,24
DA:922,6
DA:923,16
DA:924,5
DA:925,16
DA:929,19
DA:937,1
DA:938,8
DA:940,1
DA:942,8
DA:943,55
DA:944,6
DA:945,14
DA:946,6
DA:947,14
DA:948,6
DA:949,14
DA:950,6
DA:952,26
DA:953,6
DA:954,20
DA:955,6
DA:956,14
DA:957,6
DA:958,14
DA:959,6
DA:960,18
DA:962,6
DA:963,20
DA:964,6
DA:965,20
DA:966,6
DA:967,57
DA:971,11
DA:980,8
DA:982,1
DA:984,6
DA:985,20
DA:986,6
DA:987,14
DA:988,6
DA:989,14
DA:990,6
DA:991,14
DA:992,6
DA:994,26
DA:995,6
DA:996,20
DA:997,6
DA:998,14
DA:999,6
DA:1000,14
DA:1001,6
DA:1002,18
DA:1004,6
DA:1005,20
DA:1006,6
DA:1007,20
DA:1008,5
DA:1009,22
DA:1014,11
DA:1015,5
DA:1016,133
DA:1017,86
DA:1020,13
DA:1023,1
DA:1025,45
DA:1026,57
DA:1029,41
DA:1030,72
DA:1036,1
DA:1038,45
DA:1039,57
DA:1041,41
DA:1042,73
DA:1044,41
DA:1045,59
DA:1048,41
DA:1049,71
DA:1052,3
DA:1061,1
DA:1062,33
DA:1063,1
DA:1064,1
DA:1065,1
DA:1066,1
DA:1067,1
DA:1070,66
DA:1072,40
DA:1073,62
DA:1074,66
DA:1075,19
end_of_record

SF:/Users/drgorilla/Documents/defiSucks/opUSDC/test/invariants/fuzz/SetupOpUSDC.sol
DA:18,0
DA:19,28
DA:26,0
DA:39,0
DA:45,0
DA:46,0
DA:47,0
DA:48,0
DA:51,0
DA:52,0
DA:53,0
DA:55,0
DA:56,0
DA:60,0
DA:61,0
DA:63,0
DA:64,0
DA:68,0
DA:71,0
DA:73,0
DA:74,0
DA:75,0
DA:76,0
DA:78,0
DA:82,0
DA:85,0
DA:87,0
DA:88,0
DA:89,0
DA:92,0
DA:95,0
DA:97,0
DA:98,0
DA:99,0
DA:103,0
DA:104,0
DA:105,0
DA:106,0
DA:107,0
DA:108,0
DA:111,0
DA:112,0
DA:113,0
DA:114,0
DA:116,0
DA:119,0
DA:122,0
DA:123,0
DA:124,0
DA:125,0
DA:126,0
DA:127,0
DA:128,0
DA:131,0
end_of_record

SF:/Users/drgorilla/Documents/defiSucks/opUSDC/test/utils/SigUtils.sol
DA:6,56
DA:10,1
DA:11,4
DA:12,3
DA:24,9
DA:25,2
DA:26,1
DA:28,6
DA:29,7
DA:31,6
DA:39,34
DA:42,2
DA:44,62
DA:53,6
DA:55,12
DA:56,25
end_of_record

SF:/Users/drgorilla/Documents/defiSucks/opUSDC/test/utils/USDCImplementationCreationCode.sol
end_of_record

SF:/Users/drgorilla/Documents/defiSucks/opUSDC/test/utils/interfaces/ITestCrossDomainMessenger.sol
end_of_record

