TN:
SF:/home/hexshire/opUSDC/node_modules/@openzeppelin/contracts/access/Ownable.sol
DA:1,0
DA:39,0
DA:40,0
DA:42,0
DA:49,0
DA:56,0
DA:57,0
DA:63,0
DA:64,0
DA:65,0
DA:76,0
DA:77,0
DA:84,0
DA:85,0
DA:86,0
DA:88,0
DA:95,0
DA:96,0
DA:97,0
DA:98,0
end_of_record

SF:/home/hexshire/opUSDC/node_modules/@openzeppelin/contracts/interfaces/IERC1271.sol
end_of_record

SF:/home/hexshire/opUSDC/node_modules/@openzeppelin/contracts/token/ERC20/IERC20.sol
end_of_record

SF:/home/hexshire/opUSDC/node_modules/@openzeppelin/contracts/token/ERC20/extensions/IERC20Permit.sol
end_of_record

SF:/home/hexshire/opUSDC/node_modules/@openzeppelin/contracts/token/ERC20/utils/SafeERC20.sol
DA:19,0
DA:36,0
DA:37,0
DA:44,0
DA:45,0
DA:91,0
DA:96,0
DA:97,0
DA:98,0
end_of_record

SF:/home/hexshire/opUSDC/node_modules/@openzeppelin/contracts/utils/Address.sol
DA:9,0
DA:70,0
DA:71,0
DA:83,0
DA:84,0
DA:85,0
DA:87,0
DA:88,0
DA:114,0
DA:118,0
DA:119,0
DA:120,0
DA:124,0
DA:125,0
DA:127,0
DA:146,0
DA:148,0
DA:152,0
DA:153,0
DA:156,0
end_of_record

SF:/home/hexshire/opUSDC/node_modules/@openzeppelin/contracts/utils/Context.sol
DA:18,0
end_of_record

SF:/home/hexshire/opUSDC/node_modules/@openzeppelin/contracts/utils/Strings.sol
DA:12,0
end_of_record

SF:/home/hexshire/opUSDC/node_modules/@openzeppelin/contracts/utils/cryptography/ECDSA.sol
DA:12,0
DA:56,0
DA:57,0
DA:58,0
DA:65,0
DA:66,0
DA:67,0
DA:69,0
DA:71,0
DA:122,0
DA:127,0
DA:137,0
DA:138,0
DA:142,0
DA:143,0
DA:144,0
DA:147,0
end_of_record

SF:/home/hexshire/opUSDC/node_modules/@openzeppelin/contracts/utils/cryptography/MessageHashUtils.sol
DA:15,0
DA:30,0
DA:33,0
DA:34,0
DA:35,0
end_of_record

SF:/home/hexshire/opUSDC/node_modules/@openzeppelin/contracts/utils/cryptography/SignatureChecker.sol
DA:14,0
DA:22,0
DA:23,0
DA:24,0
DA:25,0
DA:26,0
DA:36,0
DA:40,0
DA:41,0
DA:42,0
DA:44,0
DA:45,0
DA:46,0
end_of_record

SF:/home/hexshire/opUSDC/node_modules/@openzeppelin/contracts/utils/math/Math.sol
DA:9,0
end_of_record

SF:/home/hexshire/opUSDC/node_modules/@openzeppelin/contracts/utils/math/SignedMath.sol
DA:9,0
end_of_record

SF:/home/hexshire/opUSDC/node_modules/forge-std/src/interfaces/IERC20.sol
end_of_record

SF:/home/hexshire/opUSDC/node_modules/forge-std/src/mocks/MockERC20.sol
DA:8,0
DA:19,0
DA:20,0
DA:23,0
DA:24,0
DA:27,0
DA:28,0
DA:41,0
DA:42,0
DA:45,0
DA:46,0
DA:49,0
DA:50,0
DA:61,0
DA:72,0
DA:73,0
DA:75,0
DA:76,0
DA:77,0
DA:79,0
DA:80,0
DA:82,0
DA:89,0
DA:90,0
DA:92,0
DA:94,0
DA:97,0
DA:98,0
DA:99,0
DA:101,0
DA:106,0
DA:107,0
DA:109,0
DA:111,0
DA:112,0
DA:114,0
DA:116,0
DA:123,0
DA:126,0
DA:127,0
DA:129,0
DA:130,0
DA:131,0
DA:133,0
DA:134,0
DA:135,0
DA:136,0
DA:139,0
DA:140,0
DA:141,0
DA:142,0
DA:153,0
DA:155,0
DA:157,0
DA:160,0
DA:161,0
DA:164,0
DA:165,0
DA:166,0
DA:167,0
DA:168,0
DA:169,0
DA:170,0
DA:171,0
DA:180,0
DA:181,0
DA:182,0
DA:184,0
DA:187,0
DA:188,0
DA:189,0
DA:191,0
DA:198,0
DA:199,0
DA:200,0
DA:204,0
DA:205,0
DA:206,0
DA:217,0
DA:220,0
DA:226,0
DA:227,0
DA:232,0
end_of_record

SF:/home/hexshire/opUSDC/node_modules/halmos-cheatcodes/src/SVM.sol
end_of_record

SF:/home/hexshire/opUSDC/node_modules/halmos-cheatcodes/src/SymTest.sol
end_of_record

SF:/home/hexshire/opUSDC/script/utils/USDCImplementationCreationCode.sol
end_of_record

SF:/home/hexshire/opUSDC/src/contracts/L1OpUSDCBridgeAdapter.sol
DA:16,0
DA:20,0
DA:23,0
DA:26,0
DA:32,0
DA:33,0
DA:46,0
DA:51,0
DA:63,0
DA:70,0
DA:73,0
DA:74,0
DA:77,0
DA:78,0
DA:80,0
DA:81,0
DA:82,0
DA:83,0
DA:86,0
DA:94,0
DA:95,0
DA:97,0
DA:98,0
DA:100,0
DA:107,0
DA:108,0
DA:111,0
DA:114,0
DA:115,0
DA:118,0
DA:121,0
DA:123,0
DA:136,0
DA:138,0
DA:140,0
DA:142,0
DA:143,0
DA:146,0
DA:155,0
DA:157,0
DA:159,0
DA:161,0
DA:162,0
DA:165,0
DA:178,0
DA:180,0
DA:183,0
DA:186,0
DA:187,0
DA:190,0
DA:202,0
DA:209,0
DA:211,0
DA:214,0
DA:217,0
DA:219,0
DA:222,0
DA:225,0
DA:226,0
DA:229,0
DA:238,0
DA:240,0
DA:241,0
end_of_record

SF:/home/hexshire/opUSDC/src/contracts/L1OpUSDCFactory.sol
DA:19,0
DA:21,0
DA:24,0
DA:27,0
DA:30,0
DA:37,0
DA:40,0
DA:43,0
DA:49,0
DA:50,0
DA:67,0
DA:71,0
DA:74,0
DA:77,0
DA:80,0
DA:83,0
DA:84,0
DA:87,0
DA:89,0
DA:90,0
DA:91,0
DA:92,0
DA:93,0
DA:94,0
DA:98,0
DA:99,0
DA:103,0
DA:105,0
DA:107,0
end_of_record

SF:/home/hexshire/opUSDC/src/contracts/L2OpUSDCBridgeAdapter.sol
DA:18,0
DA:31,0
DA:34,0
DA:40,0
DA:41,0
DA:54,0
DA:59,0
DA:60,0
DA:74,0
DA:75,0
DA:77,0
DA:80,0
DA:82,0
DA:84,0
DA:85,0
DA:88,0
DA:98,0
DA:99,0
DA:101,0
DA:107,0
DA:109,0
DA:111,0
DA:124,0
DA:126,0
DA:128,0
DA:131,0
DA:134,0
DA:135,0
DA:138,0
DA:150,0
DA:157,0
DA:159,0
DA:162,0
DA:165,0
DA:167,0
DA:169,0
DA:172,0
DA:175,0
DA:176,0
DA:179,0
DA:188,0
DA:190,0
DA:191,0
DA:206,0
DA:207,0
DA:208,0
DA:210,0
DA:211,0
DA:212,0
DA:213,0
DA:215,0
DA:218,0
DA:219,0
DA:222,0
end_of_record

SF:/home/hexshire/opUSDC/src/contracts/L2OpUSDCFactory.sol
DA:17,0
DA:28,0
DA:34,0
DA:36,0
DA:37,0
DA:40,0
DA:41,0
DA:42,0
DA:43,0
DA:46,0
DA:47,0
DA:48,0
DA:49,0
DA:50,0
DA:53,0
DA:55,0
DA:58,0
DA:59,0
DA:72,0
DA:79,0
DA:80,0
DA:81,0
DA:82,0
DA:83,0
DA:84,0
DA:85,0
DA:86,0
DA:87,0
DA:91,0
DA:93,0
DA:95,0
DA:98,0
DA:99,0
DA:100,0
DA:101,0
DA:111,0
DA:113,0
DA:115,0
DA:116,0
end_of_record

SF:/home/hexshire/opUSDC/src/contracts/universal/OpUSDCBridgeAdapter.sol
DA:14,0
DA:17,0
DA:20,0
DA:23,0
DA:34,0
DA:35,0
DA:36,0
DA:83,0
DA:84,0
DA:86,0
end_of_record

SF:/home/hexshire/opUSDC/src/contracts/utils/FallbackProxyAdmin.sol
DA:15,0
DA:17,0
DA:22,0
DA:23,0
DA:32,0
DA:33,0
DA:40,0
DA:41,0
DA:49,0
DA:50,0
end_of_record

SF:/home/hexshire/opUSDC/src/contracts/utils/USDCInitTxs.sol
DA:8,34
DA:12,30
DA:17,31
DA:22,23
DA:23,41
end_of_record

SF:/home/hexshire/opUSDC/src/contracts/utils/USDCProxyCreationCode.sol
end_of_record

SF:/home/hexshire/opUSDC/src/interfaces/IL1OpUSDCBridgeAdapter.sol
end_of_record

SF:/home/hexshire/opUSDC/src/interfaces/IL1OpUSDCFactory.sol
end_of_record

SF:/home/hexshire/opUSDC/src/interfaces/IL2OpUSDCBridgeAdapter.sol
end_of_record

SF:/home/hexshire/opUSDC/src/interfaces/IL2OpUSDCFactory.sol
end_of_record

SF:/home/hexshire/opUSDC/src/interfaces/IOpUSDCBridgeAdapter.sol
end_of_record

SF:/home/hexshire/opUSDC/src/interfaces/external/ICreate2Deployer.sol
end_of_record

SF:/home/hexshire/opUSDC/src/interfaces/external/ICrossDomainMessenger.sol
end_of_record

SF:/home/hexshire/opUSDC/src/interfaces/external/IUSDC.sol
end_of_record

SF:/home/hexshire/opUSDC/src/libraries/CrossChainDeployments.sol
DA:12,25
DA:25,0
DA:31,0
DA:32,0
DA:33,0
DA:35,0
DA:36,0
DA:37,0
DA:47,0
DA:51,0
DA:53,0
DA:54,0
DA:55,0
DA:56,0
DA:57,0
DA:58,0
DA:59,0
DA:70,0
DA:73,0
DA:74,0
DA:80,0
DA:81,0
DA:88,0
DA:89,0
DA:90,0
DA:91,0
DA:92,0
DA:93,0
DA:94,0
DA:95,0
DA:96,0
DA:97,0
DA:98,0
DA:99,0
DA:100,0
DA:101,0
DA:103,0
DA:106,0
end_of_record

SF:/home/hexshire/opUSDC/test/invariants/AdvancedTestsUtils.sol
DA:52,0
DA:53,0
DA:54,0
DA:57,0
DA:58,0
DA:62,0
DA:68,0
DA:69,14
DA:70,300
DA:74,0
DA:75,0
DA:76,0
DA:80,6
DA:81,21
DA:84,19
DA:85,22
DA:89,0
DA:92,0
DA:94,0
DA:97,0
end_of_record

SF:/home/hexshire/opUSDC/test/invariants/fuzz/Create2Deployer.sol
DA:5,32
DA:7,24
DA:8,1
DA:9,23
DA:10,7
DA:13,9
DA:15,13
DA:17,1
end_of_record

SF:/home/hexshire/opUSDC/test/invariants/fuzz/MockBridge.sol
DA:7,46
DA:8,17
DA:9,18
DA:13,14
DA:17,20
DA:18,3
DA:21,24
DA:22,10
DA:23,13
DA:24,42
DA:27,19
DA:34,2
DA:35,10
DA:36,13
DA:37,48
DA:39,4
DA:40,21
end_of_record

SF:/home/hexshire/opUSDC/test/invariants/fuzz/OpUSDC.t.sol
DA:8,146
DA:22,5
DA:23,72
DA:24,0
DA:25,0
DA:27,0
DA:28,0
DA:29,0
DA:34,11
DA:40,73
DA:43,0
DA:44,0
DA:45,0
DA:48,0
DA:51,0
DA:52,0
DA:53,0
DA:55,0
DA:56,0
DA:58,0
DA:59,0
DA:61,0
DA:64,0
DA:66,0
DA:67,0
DA:68,0
DA:71,0
DA:72,0
DA:73,0
DA:81,11
DA:83,73
DA:86,0
DA:87,0
DA:90,0
DA:93,0
DA:94,0
DA:96,0
DA:97,0
DA:99,0
DA:100,0
DA:102,0
DA:105,0
DA:108,0
DA:111,0
DA:112,0
DA:115,0
DA:118,0
DA:121,0
DA:122,0
DA:127,5
DA:133,0
DA:134,65
DA:135,0
DA:136,0
DA:141,5
DA:142,6
DA:143,62
DA:145,0
DA:150,5
DA:152,72
DA:153,0
DA:155,0
DA:156,0
DA:157,0
DA:159,0
DA:169,11
DA:179,8
DA:181,48
DA:183,6
DA:185,66
DA:187,0
DA:188,0
DA:189,0
DA:190,0
DA:192,6
DA:193,53
DA:194,6
DA:195,16
DA:196,6
DA:197,16
DA:198,6
DA:199,16
DA:200,6
DA:201,43
DA:202,6
DA:203,16
DA:205,35
DA:209,13
DA:218,8
DA:220,48
DA:222,6
DA:223,45
DA:224,6
DA:225,32
DA:226,6
DA:227,16
DA:228,6
DA:229,16
DA:230,6
DA:231,43
DA:232,6
DA:233,43
DA:235,43
DA:240,11
DA:249,0
DA:250,8
DA:251,1
DA:253,8
DA:254,57
DA:255,8
DA:256,29
DA:258,36
DA:260,8
DA:261,48
DA:262,6
DA:263,14
DA:264,6
DA:265,14
DA:266,8
DA:267,21
DA:268,7
DA:269,14
DA:271,29
DA:274,45
DA:275,49
DA:278,11
DA:286,0
DA:287,8
DA:288,1
DA:290,8
DA:291,57
DA:292,8
DA:293,29
DA:295,36
DA:297,8
DA:298,55
DA:299,8
DA:300,28
DA:301,8
DA:302,21
DA:303,9
DA:304,21
DA:306,55
DA:309,45
DA:310,49
DA:313,6
end_of_record

SF:/home/hexshire/opUSDC/test/invariants/fuzz/SetupOpUSDC.sol
DA:20,0
DA:24,8
DA:25,8
DA:27,8
DA:28,8
DA:30,8
DA:31,8
DA:32,0
end_of_record

SF:/home/hexshire/opUSDC/test/utils/interfaces/ITestCrossDomainMessenger.sol
end_of_record

