TN:
SF:/home/hexshire/opUSDC/node_modules/@openzeppelin/contracts/access/Ownable.sol
DA:1,0
DA:39,0
DA:40,0
DA:42,0
DA:49,18
DA:56,5
DA:57,5
DA:63,1
DA:64,3
DA:65,8
DA:76,7
DA:77,1
DA:84,23
DA:85,0
DA:86,9
DA:88,1
DA:95,0
DA:96,0
DA:97,0
DA:98,0
end_of_record

SF:/home/hexshire/opUSDC/node_modules/@openzeppelin/contracts/interfaces/IERC1271.sol
end_of_record

SF:/home/hexshire/opUSDC/node_modules/@openzeppelin/contracts/token/ERC20/IERC20.sol
end_of_record

SF:/home/hexshire/opUSDC/node_modules/@openzeppelin/contracts/token/ERC20/extensions/IERC20Permit.sol
end_of_record

SF:/home/hexshire/opUSDC/node_modules/@openzeppelin/contracts/token/ERC20/utils/SafeERC20.sol
DA:19,0
DA:36,5
DA:37,16
DA:44,6
DA:45,50
DA:91,1
DA:96,10
DA:97,30
DA:98,0
end_of_record

SF:/home/hexshire/opUSDC/node_modules/@openzeppelin/contracts/utils/Address.sol
DA:9,0
DA:70,2
DA:71,6
DA:83,2
DA:84,7
DA:85,0
DA:87,67
DA:88,6
DA:114,1
DA:118,1
DA:119,4
DA:120,4
DA:124,12
DA:125,0
DA:127,3
DA:146,1
DA:148,5
DA:152,2
DA:153,6
DA:156,0
end_of_record

SF:/home/hexshire/opUSDC/node_modules/@openzeppelin/contracts/utils/Context.sol
DA:18,2
end_of_record

SF:/home/hexshire/opUSDC/node_modules/@openzeppelin/contracts/utils/Strings.sol
DA:12,0
end_of_record

SF:/home/hexshire/opUSDC/node_modules/@openzeppelin/contracts/utils/cryptography/ECDSA.sol
DA:12,0
DA:56,10
DA:57,8
DA:58,1
DA:65,5
DA:66,5
DA:67,6
DA:69,16
DA:71,6
DA:122,11
DA:127,3
DA:137,7
DA:138,0
DA:142,40
DA:143,5
DA:144,0
DA:147,5
end_of_record

SF:/home/hexshire/opUSDC/node_modules/@openzeppelin/contracts/utils/cryptography/MessageHashUtils.sol
DA:15,0
DA:30,1
DA:33,4
DA:34,4
DA:35,3
end_of_record

SF:/home/hexshire/opUSDC/node_modules/@openzeppelin/contracts/utils/cryptography/SignatureChecker.sol
DA:14,0
DA:22,9
DA:23,11
DA:24,4
DA:25,25
DA:26,7
DA:36,1
DA:40,1
DA:41,40
DA:42,35
DA:44,11
DA:45,5
DA:46,0
end_of_record

SF:/home/hexshire/opUSDC/node_modules/@openzeppelin/contracts/utils/math/Math.sol
DA:9,0
end_of_record

SF:/home/hexshire/opUSDC/node_modules/@openzeppelin/contracts/utils/math/SignedMath.sol
DA:9,0
end_of_record

SF:/home/hexshire/opUSDC/node_modules/forge-std/src/Base.sol
end_of_record

SF:/home/hexshire/opUSDC/node_modules/forge-std/src/StdAssertions.sol
DA:38,0
DA:39,0
DA:40,0
DA:42,0
end_of_record

SF:/home/hexshire/opUSDC/node_modules/forge-std/src/StdChains.sol
DA:66,0
end_of_record

SF:/home/hexshire/opUSDC/node_modules/forge-std/src/StdCheats.sol
end_of_record

SF:/home/hexshire/opUSDC/node_modules/forge-std/src/StdError.sol
DA:5,0
DA:6,0
DA:7,0
DA:8,0
DA:9,0
DA:10,0
DA:11,0
DA:12,0
DA:13,0
DA:14,0
end_of_record

SF:/home/hexshire/opUSDC/node_modules/forge-std/src/StdInvariant.sol
DA:78,0
DA:79,0
DA:82,0
DA:83,0
DA:86,0
DA:87,0
DA:90,0
DA:91,0
DA:94,0
DA:95,0
DA:98,0
DA:99,0
DA:102,0
DA:103,0
DA:106,0
DA:107,0
DA:110,0
DA:111,0
end_of_record

SF:/home/hexshire/opUSDC/node_modules/forge-std/src/StdJson.sol
DA:25,0
end_of_record

SF:/home/hexshire/opUSDC/node_modules/forge-std/src/StdMath.sol
DA:4,0
end_of_record

SF:/home/hexshire/opUSDC/node_modules/forge-std/src/StdStorage.sol
DA:24,0
DA:334,0
end_of_record

SF:/home/hexshire/opUSDC/node_modules/forge-std/src/StdStyle.sol
DA:6,0
end_of_record

SF:/home/hexshire/opUSDC/node_modules/forge-std/src/StdToml.sol
DA:25,0
end_of_record

SF:/home/hexshire/opUSDC/node_modules/forge-std/src/StdUtils.sol
end_of_record

SF:/home/hexshire/opUSDC/node_modules/forge-std/src/Test.sol
DA:32,0
end_of_record

SF:/home/hexshire/opUSDC/node_modules/forge-std/src/Vm.sol
end_of_record

SF:/home/hexshire/opUSDC/node_modules/forge-std/src/console.sol
DA:4,0
end_of_record

SF:/home/hexshire/opUSDC/node_modules/forge-std/src/console2.sol
DA:9,0
end_of_record

SF:/home/hexshire/opUSDC/node_modules/forge-std/src/interfaces/IERC165.sol
end_of_record

SF:/home/hexshire/opUSDC/node_modules/forge-std/src/interfaces/IERC20.sol
end_of_record

SF:/home/hexshire/opUSDC/node_modules/forge-std/src/interfaces/IERC721.sol
end_of_record

SF:/home/hexshire/opUSDC/node_modules/forge-std/src/interfaces/IMulticall3.sol
end_of_record

SF:/home/hexshire/opUSDC/node_modules/forge-std/src/mocks/MockERC20.sol
DA:8,0
DA:19,0
DA:20,0
DA:23,0
DA:24,0
DA:27,0
DA:28,0
DA:41,0
DA:42,0
DA:45,0
DA:46,0
DA:49,0
DA:50,0
DA:61,0
DA:72,0
DA:73,0
DA:75,0
DA:76,0
DA:77,0
DA:79,0
DA:80,0
DA:82,0
DA:89,0
DA:90,0
DA:92,0
DA:94,0
DA:97,0
DA:98,0
DA:99,0
DA:101,0
DA:106,0
DA:107,0
DA:109,0
DA:111,0
DA:112,0
DA:114,0
DA:116,0
DA:123,0
DA:126,0
DA:127,0
DA:129,0
DA:130,0
DA:131,0
DA:133,0
DA:134,0
DA:135,0
DA:136,0
DA:139,0
DA:140,0
DA:141,0
DA:142,0
DA:153,0
DA:155,0
DA:157,0
DA:160,0
DA:161,0
DA:164,0
DA:165,0
DA:166,0
DA:167,0
DA:168,0
DA:169,0
DA:170,0
DA:171,0
DA:180,0
DA:181,0
DA:182,0
DA:184,0
DA:187,0
DA:188,0
DA:189,0
DA:191,0
DA:198,0
DA:199,0
DA:200,0
DA:204,0
DA:205,0
DA:206,0
DA:217,0
DA:220,0
DA:226,0
DA:227,0
DA:232,0
end_of_record

SF:/home/hexshire/opUSDC/node_modules/forge-std/src/mocks/MockERC721.sol
DA:8,0
DA:17,0
DA:18,0
DA:21,0
DA:22,0
DA:25,0
DA:35,0
DA:36,0
DA:39,0
DA:40,0
DA:42,0
DA:53,0
DA:54,0
DA:57,0
DA:58,0
DA:70,0
DA:71,0
DA:73,0
DA:74,0
DA:76,0
DA:83,0
DA:84,0
DA:86,0
DA:88,0
DA:90,0
DA:93,0
DA:94,0
DA:96,0
DA:99,0
DA:100,0
DA:102,0
DA:104,0
DA:105,0
DA:111,0
DA:113,0
DA:115,0
DA:117,0
DA:119,0
DA:122,0
DA:123,0
DA:125,0
DA:126,0
DA:127,0
DA:128,0
DA:133,0
DA:139,0
DA:141,0
DA:142,0
DA:143,0
DA:144,0
DA:153,0
DA:154,0
DA:155,0
DA:156,0
DA:226,0
DA:229,0
end_of_record

SF:/home/hexshire/opUSDC/node_modules/forge-std/src/safeconsole.sol
DA:6,0
end_of_record

SF:/home/hexshire/opUSDC/node_modules/halmos-cheatcodes/src/SVM.sol
end_of_record

SF:/home/hexshire/opUSDC/node_modules/halmos-cheatcodes/src/SymTest.sol
end_of_record

SF:/home/hexshire/opUSDC/script/utils/USDCImplementationCreationCode.sol
end_of_record

SF:/home/hexshire/opUSDC/src/contracts/L1OpUSDCBridgeAdapter.sol
DA:16,193
DA:20,9
DA:23,10
DA:26,37
DA:32,154
DA:33,28
DA:46,0
DA:51,0
DA:64,26
DA:72,27
DA:75,43
DA:76,13
DA:79,6
DA:80,14
DA:82,49
DA:83,2
DA:84,27
DA:85,2
DA:88,13
DA:96,21
DA:97,32
DA:99,4
DA:100,7
DA:102,5
DA:109,7
DA:110,22
DA:113,32
DA:116,0
DA:122,0
DA:123,0
DA:125,0
DA:128,0
DA:131,0
DA:133,0
DA:146,21
DA:149,43
DA:150,13
DA:153,7
DA:155,41
DA:156,25
DA:159,6
DA:168,14
DA:171,43
DA:172,13
DA:175,6
DA:177,41
DA:178,25
DA:181,13
DA:194,22
DA:196,56
DA:199,9
DA:202,51
DA:203,31
DA:206,25
DA:218,29
DA:225,1
DA:227,33
DA:230,21
DA:233,58
DA:235,50
DA:238,9
DA:241,51
DA:242,31
DA:245,25
DA:254,24
DA:256,8
DA:257,14
end_of_record

SF:/home/hexshire/opUSDC/src/contracts/L1OpUSDCFactory.sol
DA:19,71
DA:21,16
DA:24,6
DA:27,20
DA:30,28
DA:37,1
DA:40,5
DA:43,10
DA:49,0
DA:50,0
DA:67,24
DA:71,7
DA:74,41
DA:77,16
DA:80,7
DA:83,2
DA:84,173
DA:87,2
DA:89,30
DA:90,1
DA:91,8
DA:92,8
DA:93,1
DA:94,8
DA:98,77
DA:99,16
DA:103,7
DA:105,34
DA:107,11
end_of_record

SF:/home/hexshire/opUSDC/src/contracts/L2OpUSDCBridgeAdapter.sol
DA:18,185
DA:31,8
DA:34,15
DA:37,13
DA:43,383
DA:44,69
DA:57,0
DA:62,0
DA:63,0
DA:77,14
DA:78,7
DA:79,15
DA:81,65
DA:83,45
DA:84,33
DA:87,7
DA:95,15
DA:96,25
DA:99,38
DA:102,43
DA:112,10
DA:113,16
DA:115,16
DA:121,9
DA:123,6
DA:125,6
DA:138,16
DA:140,22
DA:142,9
DA:145,46
DA:148,51
DA:149,31
DA:152,25
DA:164,23
DA:171,1
DA:173,22
DA:176,21
DA:179,58
DA:181,50
DA:183,9
DA:186,45
DA:189,51
DA:190,31
DA:193,25
DA:202,24
DA:204,45
DA:205,15
DA:220,14
DA:221,8
DA:222,1
DA:224,14
DA:225,0
DA:226,15
DA:227,0
DA:229,41
DA:232,3
DA:233,13
DA:236,0
end_of_record

SF:/home/hexshire/opUSDC/src/contracts/L2OpUSDCFactory.sol
DA:17,9
DA:28,28
DA:34,0
DA:36,3
DA:37,0
DA:40,0
DA:41,0
DA:42,0
DA:43,0
DA:46,0
DA:47,0
DA:48,0
DA:49,0
DA:50,0
DA:53,0
DA:55,0
DA:58,0
DA:59,0
DA:72,0
DA:79,0
DA:80,0
DA:81,0
DA:82,0
DA:83,0
DA:84,0
DA:85,0
DA:86,0
DA:87,0
DA:91,0
DA:93,0
DA:95,0
DA:98,0
DA:99,0
DA:100,0
DA:101,0
DA:111,0
DA:113,0
DA:115,0
DA:116,0
end_of_record

SF:/home/hexshire/opUSDC/src/contracts/universal/OpUSDCBridgeAdapter.sol
DA:14,5
DA:17,25
DA:20,8
DA:23,30
DA:34,0
DA:35,0
DA:36,0
DA:83,1
DA:84,2
DA:86,23
end_of_record

SF:/home/hexshire/opUSDC/src/contracts/utils/FallbackProxyAdmin.sol
DA:15,85
DA:17,21
DA:22,0
DA:23,0
DA:32,12
DA:33,13
DA:40,14
DA:41,41
DA:49,15
DA:50,0
end_of_record

SF:/home/hexshire/opUSDC/src/contracts/utils/USDCInitTxs.sol
DA:8,34
DA:12,30
DA:17,31
DA:22,23
DA:23,41
end_of_record

SF:/home/hexshire/opUSDC/src/contracts/utils/USDCProxyCreationCode.sol
end_of_record

SF:/home/hexshire/opUSDC/src/interfaces/IL1OpUSDCBridgeAdapter.sol
end_of_record

SF:/home/hexshire/opUSDC/src/interfaces/IL1OpUSDCFactory.sol
end_of_record

SF:/home/hexshire/opUSDC/src/interfaces/IL2OpUSDCBridgeAdapter.sol
end_of_record

SF:/home/hexshire/opUSDC/src/interfaces/IL2OpUSDCFactory.sol
end_of_record

SF:/home/hexshire/opUSDC/src/interfaces/IOpUSDCBridgeAdapter.sol
end_of_record

SF:/home/hexshire/opUSDC/src/interfaces/external/ICreate2Deployer.sol
end_of_record

SF:/home/hexshire/opUSDC/src/interfaces/external/ICrossDomainMessenger.sol
end_of_record

SF:/home/hexshire/opUSDC/src/interfaces/external/IUSDC.sol
end_of_record

SF:/home/hexshire/opUSDC/src/libraries/CrossChainDeployments.sol
DA:12,25
DA:25,35
DA:31,3
DA:32,51
DA:33,15
DA:35,1
DA:36,50
DA:37,60
DA:47,3
DA:51,1
DA:53,2
DA:54,5
DA:55,5
DA:56,3
DA:57,5
DA:58,3
DA:59,4
DA:70,3
DA:73,1
DA:74,1
DA:80,7
DA:81,20
DA:88,0
DA:89,0
DA:90,0
DA:91,0
DA:92,0
DA:93,0
DA:94,0
DA:95,0
DA:96,0
DA:97,0
DA:98,0
DA:99,0
DA:100,1
DA:101,0
DA:103,0
DA:106,8
end_of_record

SF:/home/hexshire/opUSDC/test/invariants/AdvancedTestsUtils.sol
DA:53,0
DA:54,0
DA:55,0
DA:58,0
DA:59,0
DA:63,0
DA:69,9
DA:70,32
DA:71,692
DA:75,0
DA:76,0
DA:77,0
DA:81,6
DA:82,21
DA:85,18
DA:86,22
DA:94,0
DA:97,0
DA:99,0
DA:102,0
DA:104,0
end_of_record

SF:/home/hexshire/opUSDC/test/invariants/fuzz/Create2Deployer.sol
DA:5,32
DA:7,24
DA:8,1
DA:9,23
DA:10,15
DA:13,9
DA:15,13
DA:17,1
end_of_record

SF:/home/hexshire/opUSDC/test/invariants/fuzz/MockBridge.sol
DA:7,46
DA:8,21
DA:12,14
DA:16,23
DA:17,3
DA:20,24
DA:21,15
DA:23,65
DA:27,19
DA:34,2
DA:35,10
DA:36,13
DA:37,48
DA:39,25
DA:42,19
DA:43,14
end_of_record

SF:/home/hexshire/opUSDC/test/invariants/fuzz/OpUSDC.t.sol
DA:12,240
DA:42,16
DA:44,8
DA:45,35
DA:48,6
DA:51,9
DA:54,68
DA:56,44
DA:58,61
DA:60,77
DA:61,74
DA:64,77
DA:65,71
DA:70,16
DA:75,5
DA:77,10
DA:78,10
DA:79,35
DA:82,62
DA:84,62
DA:85,9
DA:86,22
DA:89,6
DA:92,6
DA:95,64
DA:97,44
DA:99,67
DA:101,77
DA:102,70
DA:105,77
DA:106,67
DA:111,15
DA:113,8
DA:114,39
DA:115,81
DA:118,45
DA:119,62
DA:122,45
DA:125,63
DA:127,113
DA:129,59
DA:131,12
DA:132,70
DA:134,49
DA:139,11
DA:141,8
DA:142,35
DA:145,6
DA:148,10
DA:151,69
DA:153,44
DA:155,59
DA:157,71
DA:158,26
DA:161,70
DA:162,24
DA:166,11
DA:173,10
DA:174,10
DA:175,35
DA:178,62
DA:180,63
DA:181,21
DA:182,9
DA:185,6
DA:188,7
DA:191,61
DA:193,44
DA:195,65
DA:197,71
DA:198,22
DA:201,70
DA:202,16
DA:207,11
DA:209,8
DA:210,39
DA:211,74
DA:214,45
DA:217,63
DA:219,113
DA:221,54
DA:223,0
DA:225,16
DA:230,5
DA:231,6
DA:232,34
DA:234,0
DA:239,5
DA:241,111
DA:242,72
DA:244,81
DA:246,114
DA:248,54
DA:249,0
DA:250,32
DA:252,76
DA:257,11
DA:259,70
DA:261,44
DA:264,49
DA:266,78
DA:267,3
DA:268,14
DA:269,10
DA:271,3
DA:274,3
DA:281,14
DA:282,70
DA:284,44
DA:286,49
DA:287,78
DA:288,3
DA:289,14
DA:290,10
DA:292,79
DA:294,3
DA:295,86
DA:296,75
DA:302,9
DA:304,68
DA:305,70
DA:306,70
DA:308,113
DA:311,49
DA:313,13
DA:315,77
DA:316,70
DA:317,8
DA:319,65
DA:324,6
DA:326,87
DA:330,14
DA:333,7
DA:334,78
DA:335,74
DA:338,20
DA:341,45
DA:345,61
DA:346,77
DA:350,60
DA:352,1
DA:357,5
DA:359,85
DA:361,2
DA:362,74
DA:364,9
DA:365,10
DA:370,11
DA:371,8
DA:372,117
DA:373,9
DA:374,75
DA:375,54
DA:377,0
DA:378,0
DA:379,0
DA:382,118
DA:384,0
DA:385,0
DA:391,11
DA:392,8
DA:394,117
DA:395,9
DA:396,56
DA:398,45
DA:399,54
DA:400,77
DA:402,9
DA:403,49
DA:404,44
DA:406,7
DA:407,39
DA:411,0
DA:447,11
DA:448,67
DA:451,9
DA:453,7
DA:454,226
DA:457,41
DA:459,49
DA:462,73
DA:463,72
DA:468,5
DA:469,2
DA:470,86
DA:471,74
DA:472,74
DA:473,3
DA:483,19
DA:491,4
DA:492,8
DA:494,10
DA:495,62
DA:496,63
DA:497,21
DA:498,9
DA:500,48
DA:502,9
DA:504,10
DA:505,76
DA:506,45
DA:507,54
DA:509,45
DA:510,73
DA:513,69
DA:515,44
DA:516,60
DA:517,4
DA:518,65
DA:520,9
DA:521,64
DA:522,6
DA:523,22
DA:524,6
DA:525,26
DA:526,7
DA:527,46
DA:529,0
DA:531,6
DA:532,39
DA:533,6
DA:534,16
DA:536,45
DA:540,22
DA:548,4
DA:549,8
DA:551,10
DA:552,62
DA:553,63
DA:554,21
DA:555,9
DA:557,48
DA:559,7
DA:560,56
DA:561,6
DA:562,30
DA:563,6
DA:564,22
DA:565,6
DA:566,16
DA:567,6
DA:568,39
DA:569,6
DA:570,39
DA:571,7
DA:572,54
DA:575,0
DA:576,0
DA:580,48
DA:581,0
DA:587,21
DA:596,1
DA:597,8
DA:598,1
DA:600,8
DA:601,57
DA:602,8
DA:603,29
DA:605,36
DA:607,8
DA:608,55
DA:609,6
DA:610,24
DA:611,6
DA:612,14
DA:613,8
DA:614,21
DA:615,7
DA:616,14
DA:618,29
DA:621,45
DA:622,59
DA:625,20
DA:633,1
DA:634,8
DA:635,1
DA:637,8
DA:638,57
DA:639,8
DA:640,29
DA:642,36
DA:644,8
DA:645,55
DA:646,6
DA:647,14
DA:648,8
DA:649,21
DA:650,9
DA:651,21
DA:653,55
DA:656,45
DA:657,59
DA:660,8
DA:661,34
DA:662,17
DA:663,21
DA:664,20
DA:666,3
DA:667,45
DA:669,44
DA:670,81
DA:673,19
DA:682,8
DA:684,8
DA:685,61
DA:686,6
DA:687,15
DA:688,6
DA:689,16
DA:690,6
DA:691,16
DA:692,6
DA:693,28
DA:694,8
DA:695,77
DA:696,6
DA:697,16
DA:698,6
DA:699,16
DA:700,6
DA:701,20
DA:703,6
DA:704,22
DA:705,6
DA:706,22
DA:707,6
DA:708,77
DA:713,11
DA:722,8
DA:724,6
DA:725,22
DA:726,6
DA:727,16
DA:728,6
DA:729,16
DA:730,6
DA:731,16
DA:732,6
DA:733,28
DA:734,6
DA:735,22
DA:736,6
DA:737,16
DA:738,6
DA:739,16
DA:740,6
DA:741,20
DA:743,6
DA:744,22
DA:745,6
DA:746,22
DA:747,5
DA:748,24
DA:752,12
DA:761,8
DA:763,1
DA:765,8
DA:766,55
DA:767,6
DA:768,14
DA:769,6
DA:770,14
DA:771,6
DA:772,14
DA:773,6
DA:775,26
DA:776,6
DA:777,20
DA:778,6
DA:779,14
DA:780,6
DA:781,14
DA:782,6
DA:783,18
DA:785,6
DA:786,20
DA:787,6
DA:788,20
DA:789,5
DA:790,51
DA:794,11
DA:803,8
DA:805,1
DA:807,6
DA:808,20
DA:809,6
DA:810,14
DA:811,6
DA:812,14
DA:813,6
DA:814,14
DA:815,6
DA:817,26
DA:818,6
DA:819,20
DA:820,6
DA:821,14
DA:822,6
DA:823,14
DA:824,6
DA:825,18
DA:827,6
DA:828,20
DA:829,6
DA:830,20
DA:831,5
DA:832,22
DA:836,11
DA:837,40
DA:841,1
DA:842,72
DA:843,68
DA:844,76
DA:845,71
DA:848,1
DA:850,45
DA:851,57
DA:854,41
DA:855,72
DA:861,1
DA:862,68
DA:864,44
DA:865,57
DA:867,41
DA:868,73
DA:871,45
DA:873,41
DA:874,59
DA:877,41
DA:878,72
DA:881,40
DA:884,3
DA:891,2
DA:892,39
DA:893,32
DA:894,66
DA:895,19
end_of_record

SF:/home/hexshire/opUSDC/test/invariants/fuzz/SetupOpUSDC.sol
DA:17,0
DA:32,0
DA:38,0
DA:39,0
DA:40,0
DA:41,0
DA:44,0
DA:45,0
DA:46,0
DA:48,0
DA:49,0
DA:53,0
DA:54,0
DA:55,0
DA:56,0
DA:59,0
DA:62,0
DA:64,0
DA:65,0
DA:66,0
DA:67,0
DA:69,0
DA:71,0
DA:74,0
DA:75,0
DA:78,0
DA:80,0
DA:81,0
DA:82,0
DA:86,0
DA:87,0
DA:88,0
DA:91,0
DA:92,0
DA:93,0
DA:94,0
DA:96,0
DA:99,0
DA:102,0
DA:103,0
DA:104,0
DA:105,0
DA:106,0
DA:107,0
DA:108,0
DA:109,0
DA:113,0
DA:115,0
DA:116,0
end_of_record

SF:/home/hexshire/opUSDC/test/utils/interfaces/ITestCrossDomainMessenger.sol
end_of_record

