TN:
SF:/Users/drgorilla/Documents/defiSucks/opUSDC/node_modules/@openzeppelin/contracts-upgradeable/access/OwnableUpgradeable.sol
DA:1,0
DA:32,3
DA:51,1
DA:52,4
DA:55,1
DA:66,16
DA:73,10
DA:75,5
DA:81,1
DA:82,6
DA:83,8
DA:94,1
DA:95,1
DA:102,19
DA:103,5
DA:104,0
DA:106,5
DA:113,5
DA:114,2
DA:115,7
DA:116,10
DA:117,5
end_of_record

SF:/Users/drgorilla/Documents/defiSucks/opUSDC/node_modules/@openzeppelin/contracts-upgradeable/proxy/utils/Initializable.sol
DA:104,5
DA:106,1
DA:109,8
DA:110,2
DA:117,11
DA:118,16
DA:120,14
DA:121,13
DA:123,7
DA:124,5
DA:125,6
DA:128,5
DA:129,5
DA:130,11
DA:171,15
DA:178,1
DA:179,2
DA:180,0
DA:192,0
DA:196,0
DA:197,0
DA:199,0
DA:200,0
DA:201,0
DA:216,5
DA:225,2
end_of_record

SF:/Users/drgorilla/Documents/defiSucks/opUSDC/node_modules/@openzeppelin/contracts-upgradeable/proxy/utils/UUPSUpgradeable.sol
DA:22,0
DA:32,0
DA:52,3
DA:61,0
DA:78,0
DA:92,15
DA:93,0
DA:94,1
DA:102,1
DA:103,3
DA:104,9
DA:105,7
DA:107,13
DA:115,0
DA:116,0
DA:118,0
DA:142,0
DA:143,0
DA:144,0
DA:145,0
DA:147,0
DA:150,0
end_of_record

SF:/Users/drgorilla/Documents/defiSucks/opUSDC/node_modules/@openzeppelin/contracts-upgradeable/utils/ContextUpgradeable.sol
DA:24,2
end_of_record

SF:/Users/drgorilla/Documents/defiSucks/opUSDC/node_modules/@openzeppelin/contracts-upgradeable/utils/cryptography/EIP712Upgradeable.sol
DA:34,1
DA:52,2
DA:68,1
DA:69,5
DA:72,2
DA:74,7
DA:75,9
DA:78,4
DA:79,5
DA:85,4
DA:86,6
DA:89,4
DA:90,36
DA:108,4
DA:109,8
DA:115,0
DA:120,0
DA:121,0
DA:129,0
DA:132,8
DA:134,0
DA:136,0
DA:137,0
DA:138,0
DA:139,0
DA:140,0
DA:141,0
DA:151,5
DA:153,74
DA:162,3
DA:164,7
DA:172,5
DA:174,6
DA:175,5
DA:176,8
DA:180,0
DA:181,0
DA:182,0
DA:184,0
DA:194,5
DA:196,6
DA:197,5
DA:198,8
DA:202,0
DA:203,0
DA:204,0
end_of_record

SF:/Users/drgorilla/Documents/defiSucks/opUSDC/node_modules/@openzeppelin/contracts/access/Ownable.sol
DA:39,0
DA:40,0
DA:42,0
DA:49,4
DA:56,1
DA:57,2
DA:63,1
DA:64,3
DA:65,0
DA:76,1
DA:77,1
DA:84,0
DA:85,0
DA:86,0
DA:88,0
DA:95,0
DA:96,0
DA:97,0
DA:98,0
end_of_record

SF:/Users/drgorilla/Documents/defiSucks/opUSDC/node_modules/@openzeppelin/contracts/interfaces/IERC1271.sol
end_of_record

SF:/Users/drgorilla/Documents/defiSucks/opUSDC/node_modules/@openzeppelin/contracts/interfaces/IERC5267.sol
end_of_record

SF:/Users/drgorilla/Documents/defiSucks/opUSDC/node_modules/@openzeppelin/contracts/interfaces/draft-IERC1822.sol
end_of_record

SF:/Users/drgorilla/Documents/defiSucks/opUSDC/node_modules/@openzeppelin/contracts/proxy/ERC1967/ERC1967Proxy.sol
DA:15,6
DA:26,12
DA:27,3
DA:37,6
DA:38,8
end_of_record

SF:/Users/drgorilla/Documents/defiSucks/opUSDC/node_modules/@openzeppelin/contracts/proxy/ERC1967/ERC1967Utils.sol
DA:14,0
DA:37,2
DA:62,2
DA:63,6
DA:69,0
DA:70,0
DA:71,0
DA:73,0
DA:83,0
DA:84,0
DA:85,0
DA:87,0
DA:88,0
DA:90,0
DA:188,0
DA:189,0
DA:190,0
end_of_record

SF:/Users/drgorilla/Documents/defiSucks/opUSDC/node_modules/@openzeppelin/contracts/proxy/Proxy.sol
DA:22,2
DA:27,8
DA:31,10
DA:34,5
DA:36,1
DA:38,7
DA:39,6
DA:42,6
DA:58,2
DA:59,10
DA:67,5
end_of_record

SF:/Users/drgorilla/Documents/defiSucks/opUSDC/node_modules/@openzeppelin/contracts/proxy/beacon/IBeacon.sol
end_of_record

SF:/Users/drgorilla/Documents/defiSucks/opUSDC/node_modules/@openzeppelin/contracts/token/ERC20/IERC20.sol
end_of_record

SF:/Users/drgorilla/Documents/defiSucks/opUSDC/node_modules/@openzeppelin/contracts/token/ERC20/extensions/IERC20Permit.sol
end_of_record

SF:/Users/drgorilla/Documents/defiSucks/opUSDC/node_modules/@openzeppelin/contracts/token/ERC20/utils/SafeERC20.sol
DA:19,0
DA:36,1
DA:37,49
DA:44,6
DA:45,16
DA:91,1
DA:96,10
DA:97,30
DA:98,0
end_of_record

SF:/Users/drgorilla/Documents/defiSucks/opUSDC/node_modules/@openzeppelin/contracts/utils/Address.sol
DA:9,0
DA:70,2
DA:71,6
DA:83,2
DA:84,7
DA:85,0
DA:87,67
DA:88,6
DA:104,0
DA:105,0
DA:106,0
DA:114,1
DA:118,1
DA:119,4
DA:120,4
DA:124,12
DA:125,0
DA:127,3
DA:146,1
DA:148,5
DA:152,2
DA:153,5
DA:156,0
end_of_record

SF:/Users/drgorilla/Documents/defiSucks/opUSDC/node_modules/@openzeppelin/contracts/utils/Context.sol
DA:18,1
end_of_record

SF:/Users/drgorilla/Documents/defiSucks/opUSDC/node_modules/@openzeppelin/contracts/utils/ShortStrings.sol
DA:40,0
DA:42,0
DA:52,0
DA:53,0
DA:54,0
DA:55,0
DA:57,0
DA:89,0
DA:90,0
DA:91,0
DA:93,0
end_of_record

SF:/Users/drgorilla/Documents/defiSucks/opUSDC/node_modules/@openzeppelin/contracts/utils/StorageSlot.sol
DA:31,0
end_of_record

SF:/Users/drgorilla/Documents/defiSucks/opUSDC/node_modules/@openzeppelin/contracts/utils/Strings.sol
DA:12,0
end_of_record

SF:/Users/drgorilla/Documents/defiSucks/opUSDC/node_modules/@openzeppelin/contracts/utils/cryptography/ECDSA.sol
DA:12,0
DA:56,10
DA:57,7
DA:58,1
DA:65,5
DA:66,5
DA:67,6
DA:69,16
DA:71,0
DA:122,11
DA:127,3
DA:137,7
DA:138,0
DA:142,40
DA:143,5
DA:144,0
DA:147,5
end_of_record

SF:/Users/drgorilla/Documents/defiSucks/opUSDC/node_modules/@openzeppelin/contracts/utils/cryptography/MessageHashUtils.sol
DA:15,0
DA:76,1
DA:79,2
DA:80,2
DA:81,7
DA:82,4
DA:83,4
end_of_record

SF:/Users/drgorilla/Documents/defiSucks/opUSDC/node_modules/@openzeppelin/contracts/utils/cryptography/SignatureChecker.sol
DA:14,0
DA:22,9
DA:23,11
DA:24,4
DA:25,24
DA:26,1
DA:36,0
DA:40,0
DA:41,0
DA:42,0
DA:44,0
DA:45,0
DA:46,0
end_of_record

SF:/Users/drgorilla/Documents/defiSucks/opUSDC/node_modules/@openzeppelin/contracts/utils/math/Math.sol
DA:9,0
end_of_record

SF:/Users/drgorilla/Documents/defiSucks/opUSDC/node_modules/@openzeppelin/contracts/utils/math/SignedMath.sol
DA:9,0
end_of_record

SF:/Users/drgorilla/Documents/defiSucks/opUSDC/node_modules/forge-std/src/Base.sol
end_of_record

SF:/Users/drgorilla/Documents/defiSucks/opUSDC/node_modules/forge-std/src/StdAssertions.sol
DA:38,0
DA:39,0
DA:40,0
DA:42,0
end_of_record

SF:/Users/drgorilla/Documents/defiSucks/opUSDC/node_modules/forge-std/src/StdChains.sol
DA:66,0
end_of_record

SF:/Users/drgorilla/Documents/defiSucks/opUSDC/node_modules/forge-std/src/StdCheats.sol
end_of_record

SF:/Users/drgorilla/Documents/defiSucks/opUSDC/node_modules/forge-std/src/StdError.sol
DA:5,0
DA:6,0
DA:7,0
DA:8,0
DA:9,0
DA:10,0
DA:11,0
DA:12,0
DA:13,0
DA:14,0
end_of_record

SF:/Users/drgorilla/Documents/defiSucks/opUSDC/node_modules/forge-std/src/StdInvariant.sol
DA:78,0
DA:79,0
DA:82,0
DA:83,0
DA:86,0
DA:87,0
DA:90,0
DA:91,0
DA:94,0
DA:95,0
DA:98,0
DA:99,0
DA:102,0
DA:103,0
DA:106,0
DA:107,0
DA:110,0
DA:111,0
end_of_record

SF:/Users/drgorilla/Documents/defiSucks/opUSDC/node_modules/forge-std/src/StdJson.sol
DA:25,0
end_of_record

SF:/Users/drgorilla/Documents/defiSucks/opUSDC/node_modules/forge-std/src/StdMath.sol
DA:4,0
end_of_record

SF:/Users/drgorilla/Documents/defiSucks/opUSDC/node_modules/forge-std/src/StdStorage.sol
DA:24,0
DA:334,0
end_of_record

SF:/Users/drgorilla/Documents/defiSucks/opUSDC/node_modules/forge-std/src/StdStyle.sol
DA:6,0
end_of_record

SF:/Users/drgorilla/Documents/defiSucks/opUSDC/node_modules/forge-std/src/StdToml.sol
DA:25,0
end_of_record

SF:/Users/drgorilla/Documents/defiSucks/opUSDC/node_modules/forge-std/src/StdUtils.sol
end_of_record

SF:/Users/drgorilla/Documents/defiSucks/opUSDC/node_modules/forge-std/src/Test.sol
DA:32,0
end_of_record

SF:/Users/drgorilla/Documents/defiSucks/opUSDC/node_modules/forge-std/src/Vm.sol
end_of_record

SF:/Users/drgorilla/Documents/defiSucks/opUSDC/node_modules/forge-std/src/console.sol
DA:4,0
end_of_record

SF:/Users/drgorilla/Documents/defiSucks/opUSDC/node_modules/forge-std/src/console2.sol
DA:9,0
end_of_record

SF:/Users/drgorilla/Documents/defiSucks/opUSDC/node_modules/forge-std/src/interfaces/IERC165.sol
end_of_record

SF:/Users/drgorilla/Documents/defiSucks/opUSDC/node_modules/forge-std/src/interfaces/IERC20.sol
end_of_record

SF:/Users/drgorilla/Documents/defiSucks/opUSDC/node_modules/forge-std/src/interfaces/IERC721.sol
end_of_record

SF:/Users/drgorilla/Documents/defiSucks/opUSDC/node_modules/forge-std/src/interfaces/IMulticall3.sol
end_of_record

SF:/Users/drgorilla/Documents/defiSucks/opUSDC/node_modules/forge-std/src/mocks/MockERC20.sol
DA:8,0
DA:19,0
DA:20,0
DA:23,0
DA:24,0
DA:27,0
DA:28,0
DA:41,0
DA:42,0
DA:45,0
DA:46,0
DA:49,0
DA:50,0
DA:61,0
DA:72,0
DA:73,0
DA:75,0
DA:76,0
DA:77,0
DA:79,0
DA:80,0
DA:82,0
DA:89,0
DA:90,0
DA:92,0
DA:94,0
DA:97,0
DA:98,0
DA:99,0
DA:101,0
DA:106,0
DA:107,0
DA:109,0
DA:111,0
DA:112,0
DA:114,0
DA:116,0
DA:123,0
DA:126,0
DA:127,0
DA:129,0
DA:130,0
DA:131,0
DA:133,0
DA:134,0
DA:135,0
DA:136,0
DA:139,0
DA:140,0
DA:141,0
DA:142,0
DA:153,0
DA:155,0
DA:157,0
DA:160,0
DA:161,0
DA:164,0
DA:165,0
DA:166,0
DA:167,0
DA:168,0
DA:169,0
DA:170,0
DA:171,0
DA:180,0
DA:181,0
DA:182,0
DA:184,0
DA:187,0
DA:188,0
DA:189,0
DA:191,0
DA:198,0
DA:199,0
DA:200,0
DA:204,0
DA:205,0
DA:206,0
DA:217,0
DA:220,0
DA:226,0
DA:227,0
DA:232,0
end_of_record

SF:/Users/drgorilla/Documents/defiSucks/opUSDC/node_modules/forge-std/src/mocks/MockERC721.sol
DA:8,0
DA:17,0
DA:18,0
DA:21,0
DA:22,0
DA:25,0
DA:35,0
DA:36,0
DA:39,0
DA:40,0
DA:42,0
DA:53,0
DA:54,0
DA:57,0
DA:58,0
DA:70,0
DA:71,0
DA:73,0
DA:74,0
DA:76,0
DA:83,0
DA:84,0
DA:86,0
DA:88,0
DA:90,0
DA:93,0
DA:94,0
DA:96,0
DA:99,0
DA:100,0
DA:102,0
DA:104,0
DA:105,0
DA:111,0
DA:113,0
DA:115,0
DA:117,0
DA:119,0
DA:122,0
DA:123,0
DA:125,0
DA:126,0
DA:127,0
DA:128,0
DA:133,0
DA:139,0
DA:141,0
DA:142,0
DA:143,0
DA:144,0
DA:153,0
DA:154,0
DA:155,0
DA:156,0
DA:226,0
DA:229,0
end_of_record

SF:/Users/drgorilla/Documents/defiSucks/opUSDC/node_modules/forge-std/src/safeconsole.sol
DA:6,0
end_of_record

SF:/Users/drgorilla/Documents/defiSucks/opUSDC/node_modules/halmos-cheatcodes/src/SVM.sol
end_of_record

SF:/Users/drgorilla/Documents/defiSucks/opUSDC/node_modules/halmos-cheatcodes/src/SymTest.sol
end_of_record

SF:/Users/drgorilla/Documents/defiSucks/opUSDC/src/contracts/L1OpUSDCBridgeAdapter.sol
DA:18,309
DA:22,20
DA:25,26
DA:37,0
DA:41,0
DA:49,21
DA:50,5
DA:51,21
DA:52,16
DA:53,4
DA:68,22
DA:76,27
DA:79,37
DA:80,13
DA:83,9
DA:84,12
DA:86,46
DA:87,2
DA:88,28
DA:89,2
DA:92,13
DA:100,17
DA:101,29
DA:103,4
DA:104,8
DA:106,5
DA:113,15
DA:114,21
DA:117,16
DA:124,4
DA:125,59
DA:126,12
DA:129,5
DA:130,42
DA:134,3
DA:135,6
DA:136,11
DA:148,17
DA:151,37
DA:152,13
DA:155,8
DA:157,41
DA:158,27
DA:161,6
DA:170,19
DA:173,37
DA:174,13
DA:177,6
DA:179,41
DA:180,25
DA:183,13
DA:196,25
DA:197,18
DA:200,73
DA:203,29
DA:205,7
DA:218,40
DA:226,1
DA:227,18
DA:230,73
DA:233,29
DA:236,43
DA:239,7
DA:242,38
DA:244,53
DA:247,31
DA:249,7
DA:260,32
DA:262,46
DA:263,12
DA:265,46
DA:266,20
DA:276,20
DA:277,29
DA:280,8
DA:282,16
DA:290,21
DA:291,31
DA:292,3
DA:295,7
DA:297,16
DA:308,17
DA:309,6
DA:310,7
DA:323,6
DA:325,9
DA:328,46
DA:329,32
DA:332,23
end_of_record

SF:/Users/drgorilla/Documents/defiSucks/opUSDC/src/contracts/L1OpUSDCFactory.sol
DA:20,53
DA:22,1
DA:25,0
DA:28,0
DA:35,1
DA:38,8
DA:41,0
DA:47,0
DA:48,0
DA:78,26
DA:83,8
DA:86,38
DA:89,21
DA:92,8
DA:95,26
DA:96,175
DA:99,2
DA:101,29
DA:102,1
DA:103,8
DA:104,10
DA:105,1
DA:106,8
DA:110,69
DA:111,16
DA:115,7
DA:118,30
DA:119,54
DA:121,13
end_of_record

SF:/Users/drgorilla/Documents/defiSucks/opUSDC/src/contracts/L2OpUSDCBridgeAdapter.sol
DA:20,202
DA:36,0
DA:39,14
DA:52,0
DA:56,0
DA:65,17
DA:66,0
DA:67,0
DA:68,0
DA:69,0
DA:70,0
DA:83,21
DA:84,8
DA:85,16
DA:87,65
DA:90,59
DA:92,44
DA:93,34
DA:96,13
DA:104,19
DA:105,21
DA:108,45
DA:111,46
DA:121,13
DA:122,16
DA:124,8
DA:126,13
DA:132,12
DA:133,16
DA:135,6
DA:137,6
DA:150,17
DA:151,18
DA:153,80
DA:156,29
DA:158,7
DA:171,28
DA:179,1
DA:180,18
DA:182,80
DA:185,29
DA:188,43
DA:191,7
DA:194,38
DA:196,53
DA:199,31
DA:201,7
DA:212,29
DA:213,17
DA:214,4
DA:216,42
DA:217,29
DA:220,12
DA:223,47
DA:224,12
DA:226,46
DA:227,20
DA:238,21
DA:239,29
DA:240,3
DA:242,16
DA:244,44
DA:245,0
DA:246,1
DA:247,4
DA:249,46
DA:250,2
DA:251,27
DA:254,16
DA:270,22
DA:271,8
DA:272,1
DA:274,4
DA:275,14
DA:276,3
DA:278,0
DA:279,15
DA:280,0
DA:282,66
DA:285,4
DA:286,13
DA:289,11
DA:302,6
DA:303,9
DA:306,45
DA:309,46
DA:310,32
DA:313,23
end_of_record

SF:/Users/drgorilla/Documents/defiSucks/opUSDC/src/contracts/L2OpUSDCDeploy.sol
DA:19,6
DA:20,0
DA:32,0
DA:38,0
DA:40,0
DA:41,0
DA:42,0
DA:43,0
DA:46,0
DA:47,0
DA:48,0
DA:49,0
DA:52,0
DA:54,0
DA:57,0
DA:70,0
DA:77,0
DA:78,0
DA:79,0
DA:80,0
DA:81,0
DA:82,0
DA:83,0
DA:84,0
DA:85,0
DA:89,0
DA:91,0
DA:93,0
DA:96,0
DA:97,0
DA:98,0
DA:99,0
DA:109,0
DA:111,0
DA:113,0
DA:114,0
end_of_record

SF:/Users/drgorilla/Documents/defiSucks/opUSDC/src/contracts/universal/OpUSDCBridgeAdapter.sol
DA:17,0
DA:18,1
DA:21,12
DA:24,38
DA:27,12
DA:33,23
DA:36,44
DA:39,62
DA:45,231
DA:46,26
DA:58,0
DA:59,0
DA:60,0
DA:61,0
DA:62,0
DA:123,0
DA:124,0
DA:130,0
DA:138,1
DA:140,7
DA:142,9
DA:150,6
DA:151,8
DA:152,25
DA:153,20
end_of_record

SF:/Users/drgorilla/Documents/defiSucks/opUSDC/src/contracts/utils/FallbackProxyAdmin.sol
DA:15,67
DA:17,0
DA:23,0
DA:24,0
DA:33,11
DA:34,13
DA:41,4
DA:42,31
DA:50,0
DA:51,0
end_of_record

SF:/Users/drgorilla/Documents/defiSucks/opUSDC/src/contracts/utils/USDCInitTxs.sol
DA:10,34
DA:14,26
DA:19,27
DA:24,53
end_of_record

SF:/Users/drgorilla/Documents/defiSucks/opUSDC/src/contracts/utils/USDCProxyCreationCode.sol
end_of_record

SF:/Users/drgorilla/Documents/defiSucks/opUSDC/src/interfaces/IL1OpUSDCBridgeAdapter.sol
end_of_record

SF:/Users/drgorilla/Documents/defiSucks/opUSDC/src/interfaces/IL1OpUSDCFactory.sol
end_of_record

SF:/Users/drgorilla/Documents/defiSucks/opUSDC/src/interfaces/IL2OpUSDCBridgeAdapter.sol
end_of_record

SF:/Users/drgorilla/Documents/defiSucks/opUSDC/src/interfaces/IL2OpUSDCDeploy.sol
end_of_record

SF:/Users/drgorilla/Documents/defiSucks/opUSDC/src/interfaces/IOpUSDCBridgeAdapter.sol
end_of_record

SF:/Users/drgorilla/Documents/defiSucks/opUSDC/src/interfaces/external/ICreate2Deployer.sol
end_of_record

SF:/Users/drgorilla/Documents/defiSucks/opUSDC/src/interfaces/external/ICrossDomainMessenger.sol
end_of_record

SF:/Users/drgorilla/Documents/defiSucks/opUSDC/src/interfaces/external/IOptimismPortal.sol
end_of_record

SF:/Users/drgorilla/Documents/defiSucks/opUSDC/src/interfaces/external/IUSDC.sol
end_of_record

SF:/Users/drgorilla/Documents/defiSucks/opUSDC/src/libraries/CrossChainDeployments.sol
DA:13,24
DA:21,5
DA:32,35
DA:38,4
DA:39,51
DA:40,15
DA:42,41
DA:47,60
DA:48,1
DA:50,0
DA:53,46
DA:54,6
DA:65,3
DA:69,1
DA:71,2
DA:72,5
DA:73,5
DA:74,3
DA:75,5
DA:76,3
DA:77,5
DA:88,3
DA:91,1
DA:92,1
DA:97,7
DA:98,20
DA:105,0
DA:106,0
DA:107,0
DA:108,0
DA:109,0
DA:110,0
DA:111,0
DA:112,0
DA:113,0
DA:114,0
DA:115,0
DA:116,0
DA:117,1
DA:118,0
DA:120,0
DA:123,8
end_of_record

SF:/Users/drgorilla/Documents/defiSucks/opUSDC/test/invariants/AdvancedTestsUtils.sol
DA:54,0
DA:55,0
DA:56,0
DA:59,0
DA:60,0
DA:64,0
DA:70,8
DA:71,32
DA:72,676
DA:76,0
DA:77,0
DA:78,0
DA:82,6
DA:83,21
DA:86,19
DA:87,22
DA:95,0
DA:98,0
DA:100,0
DA:102,4
DA:103,19
DA:106,4
DA:107,12
DA:115,0
DA:117,0
end_of_record

SF:/Users/drgorilla/Documents/defiSucks/opUSDC/test/invariants/fuzz/Create2Deployer.sol
DA:5,28
DA:7,0
DA:8,0
DA:9,0
DA:10,0
DA:13,0
DA:15,0
DA:17,0
end_of_record

SF:/Users/drgorilla/Documents/defiSucks/opUSDC/test/invariants/fuzz/MockBridge.sol
DA:7,75
DA:8,0
DA:13,25
DA:14,8
DA:15,10
DA:16,13
DA:18,65
DA:22,0
DA:29,0
DA:30,0
DA:31,0
DA:32,0
DA:34,0
DA:37,10
DA:38,7
DA:41,15
DA:42,14
DA:45,0
DA:46,0
DA:49,9
DA:50,3
DA:53,18
DA:54,3
DA:61,0
end_of_record

SF:/Users/drgorilla/Documents/defiSucks/opUSDC/test/invariants/fuzz/MockPortal.sol
DA:6,21
DA:7,16
end_of_record

SF:/Users/drgorilla/Documents/defiSucks/opUSDC/test/invariants/fuzz/OpUsdc.t.sol
DA:15,267
DA:33,5
DA:34,78
DA:35,78
DA:36,78
DA:38,78
DA:39,78
DA:40,76
DA:47,11
DA:49,35
DA:51,67
DA:52,71
DA:53,67
DA:55,9
DA:57,8
DA:59,68
DA:60,63
DA:62,44
DA:64,59
DA:66,77
DA:67,73
DA:68,22
DA:71,77
DA:72,23
DA:80,11
DA:88,10
DA:89,35
DA:90,67
DA:91,71
DA:93,8
DA:96,64
DA:97,62
DA:98,9
DA:99,3
DA:100,23
DA:102,6
DA:104,64
DA:105,63
DA:107,48
DA:110,76
DA:112,77
DA:113,69
DA:114,22
DA:117,148
DA:118,19
DA:126,11
DA:128,35
DA:129,67
DA:130,71
DA:132,9
DA:134,9
DA:136,69
DA:137,63
DA:139,44
DA:142,59
DA:144,77
DA:145,73
DA:146,31
DA:147,5
DA:150,77
DA:151,24
DA:159,17
DA:165,5
DA:167,10
DA:168,35
DA:169,67
DA:171,8
DA:173,64
DA:174,62
DA:175,9
DA:176,3
DA:177,23
DA:179,7
DA:181,61
DA:182,63
DA:184,48
DA:186,78
DA:188,77
DA:189,69
DA:190,31
DA:191,70
DA:194,148
DA:195,64
DA:201,5
DA:203,111
DA:204,72
DA:206,81
DA:207,71
DA:209,68
DA:210,70
DA:211,19
DA:213,117
DA:215,57
DA:216,77
DA:217,65
DA:219,0
DA:225,11
DA:227,70
DA:229,44
DA:232,49
DA:234,78
DA:235,3
DA:236,14
DA:237,10
DA:239,3
DA:242,3
DA:250,14
DA:251,70
DA:253,44
DA:255,49
DA:256,78
DA:257,3
DA:258,14
DA:259,10
DA:261,79
DA:263,3
DA:264,86
DA:265,75
DA:272,9
DA:274,68
DA:275,78
DA:276,70
DA:278,113
DA:281,49
DA:283,13
DA:285,77
DA:286,70
DA:287,7
DA:289,37
DA:295,6
DA:297,86
DA:302,14
DA:305,7
DA:306,78
DA:307,74
DA:310,20
DA:314,49
DA:318,61
DA:319,77
DA:323,60
DA:325,1
DA:331,17
DA:333,39
DA:334,81
DA:335,71
DA:337,8
DA:340,44
DA:341,62
DA:344,45
DA:347,63
DA:348,71
DA:350,113
DA:352,61
DA:355,63
DA:356,28
DA:360,31
DA:361,70
DA:364,0
DA:365,49
DA:371,11
DA:373,39
DA:374,39
DA:375,81
DA:377,90
DA:380,44
DA:383,63
DA:384,63
DA:385,63
DA:386,63
DA:388,71
DA:390,113
DA:392,61
DA:394,10
DA:395,10
DA:396,10
DA:397,10
DA:398,67
DA:399,70
DA:400,67
DA:401,70
DA:402,77
DA:405,10
DA:406,72
DA:408,72
DA:409,66
DA:412,67
DA:413,16
DA:416,69
DA:417,66
DA:419,8
DA:420,22
DA:423,68
DA:428,0
DA:429,0
DA:430,0
DA:431,49
DA:437,5
DA:439,85
DA:441,2
DA:442,74
DA:444,8
DA:445,10
DA:451,11
DA:452,8
DA:453,117
DA:454,9
DA:455,75
DA:456,56
DA:458,0
DA:459,0
DA:460,0
DA:463,126
DA:465,0
DA:466,0
DA:473,11
DA:474,8
DA:476,117
DA:477,9
DA:478,58
DA:480,45
DA:481,62
DA:482,77
DA:484,9
DA:485,81
DA:486,49
DA:487,44
DA:489,7
DA:490,39
DA:494,0
DA:504,6
DA:505,34
DA:506,17
DA:507,21
DA:508,25
DA:511,35
DA:513,95
DA:518,19
DA:519,19
DA:521,27
DA:522,20
DA:525,0
DA:531,11
DA:532,67
DA:535,9
DA:537,7
DA:538,234
DA:541,41
DA:543,49
DA:546,81
DA:547,72
DA:553,5
DA:554,3
DA:555,86
DA:556,74
DA:557,74
DA:558,74
DA:560,2
DA:561,82
DA:562,74
DA:563,37
DA:569,13
DA:571,47
DA:573,0
DA:575,71
DA:579,11
DA:581,16
DA:591,11
DA:593,39
DA:594,67
DA:595,71
DA:597,8
DA:600,44
DA:601,62
DA:604,45
DA:607,63
DA:609,113
DA:611,57
DA:613,14
DA:614,66
DA:616,69
DA:618,3
DA:620,66
DA:621,76
DA:625,11
DA:627,7
DA:628,37
DA:629,9
DA:631,71
DA:633,64
DA:634,71
DA:636,55
DA:638,63
DA:639,71
DA:640,68
DA:642,19
DA:646,16
DA:648,39
DA:650,69
DA:651,71
DA:653,57
DA:655,76
DA:656,0
DA:657,1
DA:659,71
DA:661,64
DA:671,20
DA:680,3
DA:681,8
DA:683,10
DA:684,61
DA:685,9
DA:686,3
DA:687,23
DA:689,48
DA:691,9
DA:693,11
DA:694,44
DA:695,62
DA:697,45
DA:698,73
DA:700,45
DA:701,58
DA:702,6
DA:703,41
DA:704,6
DA:705,24
DA:706,6
DA:707,26
DA:708,7
DA:709,46
DA:711,0
DA:713,6
DA:714,39
DA:715,6
DA:716,16
DA:718,45
DA:722,21
DA:731,3
DA:732,8
DA:734,10
DA:735,61
DA:736,9
DA:737,3
DA:738,23
DA:740,48
DA:742,9
DA:743,57
DA:744,6
DA:745,32
DA:746,6
DA:747,24
DA:748,6
DA:749,16
DA:750,6
DA:751,39
DA:752,6
DA:753,39
DA:754,7
DA:755,56
DA:758,31
DA:759,0
DA:763,50
DA:764,7
DA:770,23
DA:779,1
DA:780,8
DA:781,1
DA:783,8
DA:784,57
DA:785,8
DA:786,29
DA:788,36
DA:790,8
DA:791,57
DA:792,6
DA:793,24
DA:794,6
DA:795,14
DA:796,8
DA:797,21
DA:798,6
DA:799,14
DA:800,6
DA:801,14
DA:803,0
DA:806,45
DA:807,59
DA:810,20
DA:818,1
DA:819,8
DA:820,1
DA:822,8
DA:823,57
DA:824,8
DA:825,29
DA:827,36
DA:829,8
DA:830,57
DA:831,6
DA:832,14
DA:833,8
DA:834,21
DA:835,9
DA:836,21
DA:838,55
DA:841,45
DA:842,59
DA:848,19
DA:857,8
DA:859,8
DA:860,61
DA:861,6
DA:862,15
DA:863,6
DA:864,16
DA:865,6
DA:866,16
DA:867,6
DA:868,28
DA:869,8
DA:870,77
DA:871,6
DA:872,16
DA:873,6
DA:874,16
DA:875,6
DA:876,20
DA:878,6
DA:879,22
DA:880,6
DA:881,22
DA:882,6
DA:883,24
DA:884,6
DA:885,16
DA:886,6
DA:887,49
DA:892,11
DA:901,8
DA:903,6
DA:904,22
DA:905,6
DA:906,16
DA:907,6
DA:908,16
DA:909,6
DA:910,16
DA:911,6
DA:912,28
DA:913,6
DA:914,22
DA:915,6
DA:916,16
DA:917,6
DA:918,16
DA:919,6
DA:920,20
DA:922,6
DA:923,22
DA:924,6
DA:925,22
DA:926,6
DA:927,24
DA:928,6
DA:929,16
DA:930,5
DA:931,16
DA:935,19
DA:943,1
DA:944,8
DA:946,1
DA:948,8
DA:949,55
DA:950,6
DA:951,14
DA:952,6
DA:953,14
DA:954,6
DA:955,14
DA:956,6
DA:958,26
DA:959,6
DA:960,20
DA:961,6
DA:962,14
DA:963,6
DA:964,14
DA:965,6
DA:966,18
DA:968,6
DA:969,20
DA:970,6
DA:971,20
DA:972,6
DA:973,57
DA:977,11
DA:986,8
DA:988,1
DA:990,6
DA:991,20
DA:992,6
DA:993,14
DA:994,6
DA:995,14
DA:996,6
DA:997,14
DA:998,6
DA:1000,26
DA:1001,6
DA:1002,20
DA:1003,6
DA:1004,14
DA:1005,6
DA:1006,14
DA:1007,6
DA:1008,18
DA:1010,6
DA:1011,20
DA:1012,6
DA:1013,20
DA:1014,5
DA:1015,22
DA:1020,11
DA:1021,5
DA:1022,133
DA:1023,86
DA:1026,10
DA:1029,1
DA:1031,45
DA:1032,57
DA:1035,41
DA:1036,72
DA:1042,1
DA:1044,45
DA:1045,57
DA:1047,41
DA:1048,73
DA:1050,41
DA:1051,59
DA:1054,41
DA:1055,71
DA:1058,3
DA:1067,1
DA:1068,33
DA:1069,1
DA:1070,1
DA:1071,1
DA:1072,1
DA:1073,1
DA:1076,66
DA:1078,40
DA:1079,62
DA:1080,66
DA:1081,19
end_of_record

SF:/Users/drgorilla/Documents/defiSucks/opUSDC/test/invariants/fuzz/SetupOpUSDC.sol
DA:18,0
DA:19,28
DA:26,0
DA:39,0
DA:45,0
DA:46,0
DA:47,0
DA:48,0
DA:51,0
DA:52,0
DA:53,0
DA:55,0
DA:56,0
DA:60,0
DA:61,0
DA:63,0
DA:64,0
DA:68,0
DA:71,0
DA:73,0
DA:74,0
DA:75,0
DA:76,0
DA:78,0
DA:82,0
DA:85,0
DA:87,0
DA:88,0
DA:89,0
DA:92,0
DA:95,0
DA:97,0
DA:98,0
DA:99,0
DA:103,0
DA:104,0
DA:105,0
DA:106,0
DA:107,0
DA:108,0
DA:111,0
DA:112,0
DA:113,0
DA:114,0
DA:116,0
DA:119,0
DA:122,0
DA:123,0
DA:124,0
DA:125,0
DA:126,0
DA:127,0
DA:128,0
DA:131,0
end_of_record

SF:/Users/drgorilla/Documents/defiSucks/opUSDC/test/utils/SigUtils.sol
DA:6,56
DA:10,1
DA:11,4
DA:12,3
DA:24,9
DA:25,2
DA:26,1
DA:28,6
DA:29,7
DA:31,6
DA:39,34
DA:42,2
DA:44,62
DA:53,6
DA:55,12
DA:56,25
end_of_record

SF:/Users/drgorilla/Documents/defiSucks/opUSDC/test/utils/USDCImplementationCreationCode.sol
end_of_record

SF:/Users/drgorilla/Documents/defiSucks/opUSDC/test/utils/interfaces/ITestCrossDomainMessenger.sol
end_of_record

