TN:
SF:/Users/corvus/Repos/opUSDC/node_modules/@openzeppelin/contracts-upgradeable/access/OwnableUpgradeable.sol
DA:1,0
DA:32,3
DA:51,1
DA:52,4
DA:55,1
DA:66,16
DA:73,10
DA:75,5
DA:81,1
DA:82,6
DA:83,8
DA:94,1
DA:95,1
DA:102,19
DA:103,5
DA:104,0
DA:106,5
DA:113,5
DA:114,2
DA:115,7
DA:116,10
DA:117,5
end_of_record

SF:/Users/corvus/Repos/opUSDC/node_modules/@openzeppelin/contracts-upgradeable/proxy/utils/Initializable.sol
DA:104,5
DA:106,1
DA:109,8
DA:110,2
DA:117,11
DA:118,13
DA:120,11
DA:121,0
DA:123,7
DA:124,5
DA:125,6
DA:128,5
DA:129,5
DA:130,11
DA:171,15
DA:178,1
DA:179,2
DA:180,0
DA:192,0
DA:196,0
DA:197,0
DA:199,0
DA:200,0
DA:201,0
DA:216,5
DA:225,2
end_of_record

SF:/Users/corvus/Repos/opUSDC/node_modules/@openzeppelin/contracts-upgradeable/proxy/utils/UUPSUpgradeable.sol
DA:22,0
DA:32,0
DA:52,0
DA:61,0
DA:78,3
DA:92,6
DA:93,0
DA:94,1
DA:102,0
DA:103,0
DA:104,0
DA:105,0
DA:107,0
DA:115,0
DA:116,0
DA:118,0
DA:142,0
DA:143,0
DA:144,0
DA:145,0
DA:147,0
DA:150,0
end_of_record

SF:/Users/corvus/Repos/opUSDC/node_modules/@openzeppelin/contracts-upgradeable/utils/ContextUpgradeable.sol
DA:24,2
end_of_record

SF:/Users/corvus/Repos/opUSDC/node_modules/@openzeppelin/contracts-upgradeable/utils/cryptography/EIP712Upgradeable.sol
DA:34,1
DA:52,2
DA:68,1
DA:69,5
DA:72,2
DA:74,7
DA:75,9
DA:78,4
DA:79,5
DA:85,4
DA:86,6
DA:89,4
DA:90,36
DA:108,4
DA:109,8
DA:115,0
DA:120,0
DA:121,0
DA:129,0
DA:132,8
DA:134,0
DA:136,0
DA:137,0
DA:138,0
DA:139,0
DA:140,0
DA:141,0
DA:151,5
DA:153,74
DA:162,3
DA:164,7
DA:172,5
DA:174,6
DA:175,5
DA:176,8
DA:180,0
DA:181,0
DA:182,0
DA:184,0
DA:194,5
DA:196,6
DA:197,5
DA:198,8
DA:202,0
DA:203,0
DA:204,0
end_of_record

SF:/Users/corvus/Repos/opUSDC/node_modules/@openzeppelin/contracts/access/Ownable.sol
DA:39,0
DA:40,0
DA:42,0
DA:49,7
DA:56,5
DA:57,4
DA:63,1
DA:64,3
DA:65,8
DA:76,1
DA:77,1
DA:84,11
DA:85,0
DA:86,8
DA:88,0
DA:95,0
DA:96,0
DA:97,0
DA:98,0
end_of_record

SF:/Users/corvus/Repos/opUSDC/node_modules/@openzeppelin/contracts/interfaces/IERC1271.sol
end_of_record

SF:/Users/corvus/Repos/opUSDC/node_modules/@openzeppelin/contracts/interfaces/IERC5267.sol
end_of_record

SF:/Users/corvus/Repos/opUSDC/node_modules/@openzeppelin/contracts/interfaces/draft-IERC1822.sol
end_of_record

SF:/Users/corvus/Repos/opUSDC/node_modules/@openzeppelin/contracts/proxy/ERC1967/ERC1967Proxy.sol
DA:15,6
DA:26,12
DA:27,3
DA:37,6
DA:38,8
end_of_record

SF:/Users/corvus/Repos/opUSDC/node_modules/@openzeppelin/contracts/proxy/ERC1967/ERC1967Utils.sol
DA:14,0
DA:37,2
DA:62,2
DA:63,6
DA:69,0
DA:70,0
DA:71,0
DA:73,0
DA:83,0
DA:84,0
DA:85,0
DA:87,0
DA:88,0
DA:90,0
DA:188,0
DA:189,0
DA:190,0
end_of_record

SF:/Users/corvus/Repos/opUSDC/node_modules/@openzeppelin/contracts/proxy/Proxy.sol
DA:22,2
DA:27,8
DA:31,10
DA:34,5
DA:36,2
DA:38,9
DA:39,3
DA:42,6
DA:58,2
DA:59,10
DA:67,5
end_of_record

SF:/Users/corvus/Repos/opUSDC/node_modules/@openzeppelin/contracts/proxy/beacon/IBeacon.sol
end_of_record

SF:/Users/corvus/Repos/opUSDC/node_modules/@openzeppelin/contracts/token/ERC20/IERC20.sol
end_of_record

SF:/Users/corvus/Repos/opUSDC/node_modules/@openzeppelin/contracts/token/ERC20/extensions/IERC20Permit.sol
end_of_record

SF:/Users/corvus/Repos/opUSDC/node_modules/@openzeppelin/contracts/token/ERC20/utils/SafeERC20.sol
DA:19,0
DA:36,1
DA:37,49
DA:44,6
DA:45,16
DA:91,1
DA:96,10
DA:97,30
DA:98,0
end_of_record

SF:/Users/corvus/Repos/opUSDC/node_modules/@openzeppelin/contracts/utils/Address.sol
DA:9,0
DA:70,2
DA:71,6
DA:83,2
DA:84,7
DA:85,0
DA:87,67
DA:88,6
DA:104,0
DA:105,0
DA:106,0
DA:114,1
DA:118,1
DA:119,4
DA:120,4
DA:124,12
DA:125,0
DA:127,3
DA:146,1
DA:148,5
DA:152,2
DA:153,5
DA:156,0
end_of_record

SF:/Users/corvus/Repos/opUSDC/node_modules/@openzeppelin/contracts/utils/Context.sol
DA:18,2
end_of_record

SF:/Users/corvus/Repos/opUSDC/node_modules/@openzeppelin/contracts/utils/StorageSlot.sol
DA:31,0
end_of_record

SF:/Users/corvus/Repos/opUSDC/node_modules/@openzeppelin/contracts/utils/Strings.sol
DA:12,0
end_of_record

SF:/Users/corvus/Repos/opUSDC/node_modules/@openzeppelin/contracts/utils/cryptography/ECDSA.sol
DA:12,0
DA:56,10
DA:57,7
DA:58,1
DA:65,5
DA:66,5
DA:67,6
DA:69,16
DA:71,0
DA:122,11
DA:127,3
DA:137,7
DA:138,0
DA:142,40
DA:143,5
DA:144,0
DA:147,5
end_of_record

SF:/Users/corvus/Repos/opUSDC/node_modules/@openzeppelin/contracts/utils/cryptography/MessageHashUtils.sol
DA:15,0
DA:33,4
DA:34,5
DA:35,3
DA:76,1
DA:79,2
DA:80,2
DA:81,7
DA:82,4
DA:83,4
end_of_record

SF:/Users/corvus/Repos/opUSDC/node_modules/@openzeppelin/contracts/utils/cryptography/SignatureChecker.sol
DA:14,0
DA:22,9
DA:23,11
DA:24,4
DA:25,25
DA:26,7
DA:36,1
DA:40,1
DA:41,40
DA:42,35
DA:44,11
DA:45,5
DA:46,0
end_of_record

SF:/Users/corvus/Repos/opUSDC/node_modules/@openzeppelin/contracts/utils/math/Math.sol
DA:9,0
end_of_record

SF:/Users/corvus/Repos/opUSDC/node_modules/@openzeppelin/contracts/utils/math/SignedMath.sol
DA:9,0
end_of_record

SF:/Users/corvus/Repos/opUSDC/node_modules/forge-std/src/Base.sol
end_of_record

SF:/Users/corvus/Repos/opUSDC/node_modules/forge-std/src/StdAssertions.sol
DA:38,0
DA:39,0
DA:40,0
DA:42,0
end_of_record

SF:/Users/corvus/Repos/opUSDC/node_modules/forge-std/src/StdChains.sol
DA:66,0
end_of_record

SF:/Users/corvus/Repos/opUSDC/node_modules/forge-std/src/StdCheats.sol
end_of_record

SF:/Users/corvus/Repos/opUSDC/node_modules/forge-std/src/StdError.sol
DA:5,0
DA:6,0
DA:7,0
DA:8,0
DA:9,0
DA:10,0
DA:11,0
DA:12,0
DA:13,0
DA:14,0
end_of_record

SF:/Users/corvus/Repos/opUSDC/node_modules/forge-std/src/StdInvariant.sol
DA:78,0
DA:79,0
DA:82,0
DA:83,0
DA:86,0
DA:87,0
DA:90,0
DA:91,0
DA:94,0
DA:95,0
DA:98,0
DA:99,0
DA:102,0
DA:103,0
DA:106,0
DA:107,0
DA:110,0
DA:111,0
end_of_record

SF:/Users/corvus/Repos/opUSDC/node_modules/forge-std/src/StdJson.sol
DA:25,0
end_of_record

SF:/Users/corvus/Repos/opUSDC/node_modules/forge-std/src/StdMath.sol
DA:4,0
end_of_record

SF:/Users/corvus/Repos/opUSDC/node_modules/forge-std/src/StdStorage.sol
DA:24,0
DA:334,0
end_of_record

SF:/Users/corvus/Repos/opUSDC/node_modules/forge-std/src/StdStyle.sol
DA:6,0
end_of_record

SF:/Users/corvus/Repos/opUSDC/node_modules/forge-std/src/StdToml.sol
DA:25,0
end_of_record

SF:/Users/corvus/Repos/opUSDC/node_modules/forge-std/src/StdUtils.sol
end_of_record

SF:/Users/corvus/Repos/opUSDC/node_modules/forge-std/src/Test.sol
DA:32,0
end_of_record

SF:/Users/corvus/Repos/opUSDC/node_modules/forge-std/src/Vm.sol
end_of_record

SF:/Users/corvus/Repos/opUSDC/node_modules/forge-std/src/console.sol
DA:4,0
end_of_record

SF:/Users/corvus/Repos/opUSDC/node_modules/forge-std/src/console2.sol
DA:9,0
end_of_record

SF:/Users/corvus/Repos/opUSDC/node_modules/forge-std/src/interfaces/IERC165.sol
end_of_record

SF:/Users/corvus/Repos/opUSDC/node_modules/forge-std/src/interfaces/IERC20.sol
end_of_record

SF:/Users/corvus/Repos/opUSDC/node_modules/forge-std/src/interfaces/IERC721.sol
end_of_record

SF:/Users/corvus/Repos/opUSDC/node_modules/forge-std/src/interfaces/IMulticall3.sol
end_of_record

SF:/Users/corvus/Repos/opUSDC/node_modules/forge-std/src/mocks/MockERC20.sol
DA:8,0
DA:19,0
DA:20,0
DA:23,0
DA:24,0
DA:27,0
DA:28,0
DA:41,0
DA:42,0
DA:45,0
DA:46,0
DA:49,0
DA:50,0
DA:61,0
DA:72,0
DA:73,0
DA:75,0
DA:76,0
DA:77,0
DA:79,0
DA:80,0
DA:82,0
DA:89,0
DA:90,0
DA:92,0
DA:94,0
DA:97,0
DA:98,0
DA:99,0
DA:101,0
DA:106,0
DA:107,0
DA:109,0
DA:111,0
DA:112,0
DA:114,0
DA:116,0
DA:123,0
DA:126,0
DA:127,0
DA:129,0
DA:130,0
DA:131,0
DA:133,0
DA:134,0
DA:135,0
DA:136,0
DA:139,0
DA:140,0
DA:141,0
DA:142,0
DA:153,0
DA:155,0
DA:157,0
DA:160,0
DA:161,0
DA:164,0
DA:165,0
DA:166,0
DA:167,0
DA:168,0
DA:169,0
DA:170,0
DA:171,0
DA:180,0
DA:181,0
DA:182,0
DA:184,0
DA:187,0
DA:188,0
DA:189,0
DA:191,0
DA:198,0
DA:199,0
DA:200,0
DA:204,0
DA:205,0
DA:206,0
DA:217,0
DA:220,0
DA:226,0
DA:227,0
DA:232,0
end_of_record

SF:/Users/corvus/Repos/opUSDC/node_modules/forge-std/src/mocks/MockERC721.sol
DA:8,0
DA:17,0
DA:18,0
DA:21,0
DA:22,0
DA:25,0
DA:35,0
DA:36,0
DA:39,0
DA:40,0
DA:42,0
DA:53,0
DA:54,0
DA:57,0
DA:58,0
DA:70,0
DA:71,0
DA:73,0
DA:74,0
DA:76,0
DA:83,0
DA:84,0
DA:86,0
DA:88,0
DA:90,0
DA:93,0
DA:94,0
DA:96,0
DA:99,0
DA:100,0
DA:102,0
DA:104,0
DA:105,0
DA:111,0
DA:113,0
DA:115,0
DA:117,0
DA:119,0
DA:122,0
DA:123,0
DA:125,0
DA:126,0
DA:127,0
DA:128,0
DA:133,0
DA:139,0
DA:141,0
DA:142,0
DA:143,0
DA:144,0
DA:153,0
DA:154,0
DA:155,0
DA:156,0
DA:226,0
DA:229,0
end_of_record

SF:/Users/corvus/Repos/opUSDC/node_modules/forge-std/src/safeconsole.sol
DA:6,0
end_of_record

SF:/Users/corvus/Repos/opUSDC/node_modules/halmos-cheatcodes/src/SVM.sol
end_of_record

SF:/Users/corvus/Repos/opUSDC/node_modules/halmos-cheatcodes/src/SymTest.sol
end_of_record

SF:/Users/corvus/Repos/opUSDC/src/contracts/L1OpUSDCBridgeAdapter.sol
DA:18,296
DA:22,24
DA:25,30
DA:34,154
DA:35,26
DA:47,0
DA:51,0
DA:59,21
DA:60,5
DA:61,21
DA:62,16
DA:63,4
DA:78,22
DA:86,27
DA:89,37
DA:90,13
DA:93,9
DA:94,12
DA:96,46
DA:97,2
DA:98,28
DA:99,2
DA:102,14
DA:110,17
DA:111,29
DA:113,4
DA:114,8
DA:116,5
DA:123,12
DA:124,21
DA:127,29
DA:134,4
DA:135,59
DA:136,10
DA:139,5
DA:140,42
DA:144,3
DA:145,6
DA:146,5
DA:158,17
DA:161,37
DA:162,13
DA:165,8
DA:167,41
DA:168,27
DA:171,6
DA:180,19
DA:183,37
DA:184,13
DA:187,6
DA:189,41
DA:190,25
DA:193,13
DA:206,25
DA:207,18
DA:210,60
DA:213,29
DA:215,7
DA:228,35
DA:236,0
DA:237,18
DA:240,60
DA:243,29
DA:246,30
DA:249,7
DA:252,38
DA:254,52
DA:257,0
DA:259,0
DA:270,31
DA:272,46
DA:273,7
DA:275,0
DA:276,8
DA:284,3
DA:285,0
DA:286,0
DA:289,0
DA:291,8
DA:302,17
DA:303,6
DA:304,7
DA:317,1
DA:319,9
DA:322,46
DA:323,32
DA:326,7
end_of_record

SF:/Users/corvus/Repos/opUSDC/src/contracts/L1OpUSDCFactory.sol
DA:20,43
DA:22,1
DA:25,0
DA:28,0
DA:35,1
DA:38,8
DA:41,0
DA:47,0
DA:48,0
DA:78,26
DA:83,8
DA:86,38
DA:89,21
DA:92,8
DA:95,26
DA:96,175
DA:99,2
DA:101,29
DA:102,1
DA:103,8
DA:104,10
DA:105,1
DA:106,8
DA:110,69
DA:111,16
DA:115,7
DA:118,30
DA:119,54
DA:121,13
end_of_record

SF:/Users/corvus/Repos/opUSDC/src/contracts/L2OpUSDCBridgeAdapter.sol
DA:20,191
DA:36,0
DA:39,14
DA:48,308
DA:49,52
DA:62,0
DA:66,0
DA:75,0
DA:76,0
DA:77,0
DA:78,0
DA:79,0
DA:80,0
DA:93,17
DA:94,8
DA:95,16
DA:97,65
DA:100,59
DA:102,44
DA:103,34
DA:106,7
DA:114,19
DA:115,21
DA:118,45
DA:121,46
DA:131,13
DA:132,16
DA:134,8
DA:136,13
DA:142,12
DA:143,16
DA:145,6
DA:147,6
DA:160,17
DA:161,18
DA:163,80
DA:166,29
DA:168,7
DA:181,19
DA:189,0
DA:190,18
DA:192,80
DA:195,29
DA:198,30
DA:201,7
DA:204,38
DA:206,52
DA:209,0
DA:211,0
DA:221,25
DA:222,16
DA:223,0
DA:225,0
DA:226,0
DA:230,47
DA:231,14
DA:233,27
DA:234,14
DA:243,0
DA:244,0
DA:245,0
DA:252,0
DA:254,0
DA:269,22
DA:270,8
DA:271,1
DA:273,4
DA:274,14
DA:275,3
DA:277,0
DA:278,15
DA:279,0
DA:281,41
DA:284,4
DA:285,13
DA:288,12
DA:301,1
DA:302,9
DA:305,45
DA:308,46
DA:309,32
DA:312,7
end_of_record

SF:/Users/corvus/Repos/opUSDC/src/contracts/L2OpUSDCDeploy.sol
DA:19,6
DA:20,0
DA:32,0
DA:38,0
DA:40,0
DA:41,0
DA:42,0
DA:43,0
DA:46,0
DA:47,0
DA:48,0
DA:49,0
DA:52,0
DA:54,0
DA:57,0
DA:70,0
DA:77,0
DA:78,0
DA:79,0
DA:80,0
DA:81,0
DA:82,0
DA:83,0
DA:84,0
DA:85,0
DA:89,0
DA:91,0
DA:93,0
DA:96,0
DA:97,0
DA:98,0
DA:99,0
DA:109,0
DA:111,0
DA:113,0
DA:114,0
end_of_record

SF:/Users/corvus/Repos/opUSDC/src/contracts/universal/OpUSDCBridgeAdapter.sol
DA:16,0
DA:17,1
DA:20,12
DA:23,39
DA:26,12
DA:32,23
DA:35,45
DA:38,0
DA:47,0
DA:48,0
DA:49,0
DA:50,0
DA:51,0
DA:111,0
DA:112,0
DA:118,0
DA:126,1
DA:128,7
DA:130,22
DA:138,6
DA:139,8
DA:140,25
DA:141,20
end_of_record

SF:/Users/corvus/Repos/opUSDC/src/contracts/utils/FallbackProxyAdmin.sol
DA:15,67
DA:17,10
DA:23,0
DA:24,0
DA:33,11
DA:34,13
DA:41,4
DA:42,31
DA:50,0
DA:51,0
end_of_record

SF:/Users/corvus/Repos/opUSDC/src/contracts/utils/USDCInitTxs.sol
DA:10,34
DA:14,26
DA:19,27
DA:24,53
end_of_record

SF:/Users/corvus/Repos/opUSDC/src/contracts/utils/USDCProxyCreationCode.sol
end_of_record

SF:/Users/corvus/Repos/opUSDC/src/interfaces/IL1OpUSDCBridgeAdapter.sol
end_of_record

SF:/Users/corvus/Repos/opUSDC/src/interfaces/IL1OpUSDCFactory.sol
end_of_record

SF:/Users/corvus/Repos/opUSDC/src/interfaces/IL2OpUSDCBridgeAdapter.sol
end_of_record

SF:/Users/corvus/Repos/opUSDC/src/interfaces/IL2OpUSDCDeploy.sol
end_of_record

SF:/Users/corvus/Repos/opUSDC/src/interfaces/IOpUSDCBridgeAdapter.sol
end_of_record

SF:/Users/corvus/Repos/opUSDC/src/interfaces/external/ICreate2Deployer.sol
end_of_record

SF:/Users/corvus/Repos/opUSDC/src/interfaces/external/ICrossDomainMessenger.sol
end_of_record

SF:/Users/corvus/Repos/opUSDC/src/interfaces/external/IOptimismPortal.sol
end_of_record

SF:/Users/corvus/Repos/opUSDC/src/interfaces/external/IUSDC.sol
end_of_record

SF:/Users/corvus/Repos/opUSDC/src/libraries/CrossChainDeployments.sol
DA:13,24
DA:21,5
DA:32,35
DA:38,4
DA:39,51
DA:40,15
DA:42,41
DA:47,60
DA:48,1
DA:50,0
DA:53,46
DA:54,6
DA:65,3
DA:69,1
DA:71,2
DA:72,5
DA:73,5
DA:74,3
DA:75,5
DA:76,3
DA:77,5
DA:88,3
DA:91,1
DA:92,1
DA:97,7
DA:98,20
DA:105,0
DA:106,0
DA:107,0
DA:108,0
DA:109,0
DA:110,0
DA:111,0
DA:112,0
DA:113,0
DA:114,0
DA:115,0
DA:116,0
DA:117,1
DA:118,0
DA:120,0
DA:123,8
end_of_record

SF:/Users/corvus/Repos/opUSDC/test/invariants/AdvancedTestsUtils.sol
DA:54,0
DA:55,0
DA:56,0
DA:59,0
DA:60,0
DA:64,0
DA:70,8
DA:71,32
DA:72,676
DA:76,0
DA:77,0
DA:78,0
DA:82,6
DA:83,21
DA:86,19
DA:87,22
DA:95,0
DA:98,0
DA:100,0
DA:102,4
DA:103,19
DA:106,4
DA:107,12
DA:115,0
DA:117,0
end_of_record

SF:/Users/corvus/Repos/opUSDC/test/invariants/fuzz/Create2Deployer.sol
DA:5,28
DA:9,0
DA:10,0
DA:11,0
DA:12,0
DA:15,0
DA:17,0
DA:18,0
DA:19,0
end_of_record

SF:/Users/corvus/Repos/opUSDC/test/invariants/fuzz/MockBridge.sol
DA:7,75
DA:8,0
DA:13,25
DA:14,8
DA:15,10
DA:16,13
DA:18,40
DA:22,0
DA:29,0
DA:30,0
DA:31,0
DA:32,0
DA:34,0
DA:37,10
DA:38,7
DA:41,15
DA:42,14
DA:45,0
DA:46,0
DA:49,9
DA:50,3
DA:53,0
DA:57,18
DA:58,3
end_of_record

SF:/Users/corvus/Repos/opUSDC/test/invariants/fuzz/MockPortal.sol
DA:6,21
DA:7,16
end_of_record

SF:/Users/corvus/Repos/opUSDC/test/invariants/fuzz/OpUSDC.t.sol
DA:16,234
DA:34,5
DA:35,78
DA:36,78
DA:37,78
DA:39,78
DA:40,78
DA:41,76
DA:48,17
DA:50,35
DA:52,9
DA:54,8
DA:56,68
DA:57,63
DA:59,44
DA:61,61
DA:63,77
DA:64,73
DA:65,70
DA:68,77
DA:69,71
DA:77,11
DA:85,10
DA:86,35
DA:88,8
DA:91,63
DA:92,9
DA:93,3
DA:94,23
DA:96,6
DA:98,64
DA:99,63
DA:101,48
DA:104,73
DA:106,0
DA:107,0
DA:108,0
DA:111,151
DA:112,19
DA:120,11
DA:122,35
DA:124,9
DA:126,9
DA:128,69
DA:129,63
DA:131,44
DA:134,59
DA:136,77
DA:137,73
DA:138,31
DA:139,22
DA:142,77
DA:143,24
DA:151,17
DA:157,5
DA:159,10
DA:160,35
DA:162,8
DA:164,63
DA:165,9
DA:166,3
DA:167,23
DA:169,7
DA:171,61
DA:172,63
DA:174,48
DA:176,75
DA:178,0
DA:179,0
DA:180,0
DA:181,1
DA:184,151
DA:185,64
DA:191,5
DA:193,111
DA:194,72
DA:196,81
DA:198,68
DA:199,70
DA:200,17
DA:202,117
DA:204,57
DA:205,77
DA:206,65
DA:208,0
DA:214,11
DA:216,70
DA:218,44
DA:221,49
DA:223,78
DA:224,3
DA:225,14
DA:226,10
DA:228,3
DA:231,3
DA:239,14
DA:240,70
DA:242,44
DA:244,49
DA:245,78
DA:246,3
DA:247,14
DA:248,10
DA:250,79
DA:252,3
DA:253,86
DA:254,75
DA:261,9
DA:263,68
DA:264,78
DA:265,70
DA:267,113
DA:270,49
DA:272,13
DA:274,77
DA:275,70
DA:276,7
DA:278,37
DA:284,6
DA:286,89
DA:291,14
DA:294,7
DA:295,78
DA:296,74
DA:299,20
DA:303,49
DA:307,61
DA:308,77
DA:312,60
DA:314,1
DA:320,16
DA:322,39
DA:323,81
DA:325,8
DA:328,44
DA:329,62
DA:332,45
DA:335,63
DA:337,113
DA:339,61
DA:341,31
DA:342,70
DA:344,49
DA:350,11
DA:352,39
DA:353,81
DA:355,86
DA:358,0
DA:361,0
DA:363,0
DA:365,0
DA:367,0
DA:369,0
DA:375,5
DA:377,85
DA:379,2
DA:380,74
DA:382,8
DA:383,10
DA:389,11
DA:390,8
DA:391,117
DA:392,9
DA:393,75
DA:394,56
DA:396,0
DA:397,0
DA:398,0
DA:401,126
DA:403,0
DA:404,0
DA:411,11
DA:412,8
DA:414,117
DA:415,9
DA:416,58
DA:418,45
DA:419,62
DA:420,77
DA:422,9
DA:423,81
DA:424,49
DA:425,44
DA:427,7
DA:428,39
DA:432,0
DA:442,6
DA:443,34
DA:444,17
DA:445,21
DA:446,25
DA:449,35
DA:451,95
DA:456,19
DA:457,19
DA:459,27
DA:460,20
DA:463,0
DA:469,11
DA:470,67
DA:473,9
DA:475,7
DA:476,234
DA:479,41
DA:481,49
DA:484,81
DA:485,72
DA:491,5
DA:492,2
DA:493,86
DA:494,74
DA:495,74
DA:496,3
DA:506,20
DA:515,3
DA:516,8
DA:518,10
DA:519,61
DA:520,9
DA:521,3
DA:522,23
DA:524,48
DA:526,9
DA:528,11
DA:529,44
DA:530,62
DA:532,45
DA:533,73
DA:535,45
DA:536,58
DA:537,6
DA:538,41
DA:539,6
DA:540,24
DA:541,6
DA:542,26
DA:543,7
DA:544,46
DA:546,0
DA:548,6
DA:549,39
DA:550,6
DA:551,16
DA:553,45
DA:557,21
DA:566,3
DA:567,8
DA:569,10
DA:570,61
DA:571,9
DA:572,3
DA:573,23
DA:575,48
DA:577,9
DA:578,57
DA:579,6
DA:580,32
DA:581,6
DA:582,24
DA:583,6
DA:584,16
DA:585,6
DA:586,39
DA:587,6
DA:588,39
DA:589,7
DA:590,56
DA:593,31
DA:594,0
DA:598,50
DA:599,7
DA:605,23
DA:614,1
DA:615,8
DA:616,1
DA:618,8
DA:619,57
DA:620,8
DA:621,29
DA:623,36
DA:625,8
DA:626,57
DA:627,6
DA:628,24
DA:629,6
DA:630,14
DA:631,8
DA:632,21
DA:633,7
DA:634,14
DA:636,29
DA:639,45
DA:640,59
DA:643,20
DA:651,1
DA:652,8
DA:653,1
DA:655,8
DA:656,57
DA:657,8
DA:658,29
DA:660,36
DA:662,8
DA:663,57
DA:664,6
DA:665,14
DA:666,8
DA:667,21
DA:668,9
DA:669,21
DA:671,55
DA:674,45
DA:675,59
DA:681,19
DA:690,8
DA:692,8
DA:693,61
DA:694,6
DA:695,15
DA:696,6
DA:697,16
DA:698,6
DA:699,16
DA:700,6
DA:701,28
DA:702,8
DA:703,77
DA:704,6
DA:705,16
DA:706,6
DA:707,16
DA:708,6
DA:709,20
DA:711,6
DA:712,22
DA:713,6
DA:714,22
DA:715,6
DA:716,79
DA:721,11
DA:730,8
DA:732,6
DA:733,22
DA:734,6
DA:735,16
DA:736,6
DA:737,16
DA:738,6
DA:739,16
DA:740,6
DA:741,28
DA:742,6
DA:743,22
DA:744,6
DA:745,16
DA:746,6
DA:747,16
DA:748,6
DA:749,20
DA:751,6
DA:752,22
DA:753,6
DA:754,22
DA:755,5
DA:756,24
DA:760,12
DA:769,8
DA:771,1
DA:773,8
DA:774,55
DA:775,6
DA:776,14
DA:777,6
DA:778,14
DA:779,6
DA:780,14
DA:781,6
DA:783,26
DA:784,6
DA:785,20
DA:786,6
DA:787,14
DA:788,6
DA:789,14
DA:790,6
DA:791,18
DA:793,6
DA:794,20
DA:795,6
DA:796,20
DA:797,5
DA:798,51
DA:802,11
DA:811,8
DA:813,1
DA:815,6
DA:816,20
DA:817,6
DA:818,14
DA:819,6
DA:820,14
DA:821,6
DA:822,14
DA:823,6
DA:825,26
DA:826,6
DA:827,20
DA:828,6
DA:829,14
DA:830,6
DA:831,14
DA:832,6
DA:833,18
DA:835,6
DA:836,20
DA:837,6
DA:838,20
DA:839,5
DA:840,22
DA:845,11
DA:846,5
DA:847,133
DA:848,86
DA:851,10
DA:854,1
DA:856,45
DA:857,57
DA:860,41
DA:861,72
DA:867,5
DA:869,45
DA:870,57
DA:872,41
DA:873,73
DA:875,41
DA:876,59
DA:879,41
DA:880,73
DA:883,3
DA:892,1
DA:893,28
DA:895,40
DA:896,64
DA:897,19
end_of_record

SF:/Users/corvus/Repos/opUSDC/test/invariants/fuzz/SetupOpUSDC.sol
DA:19,0
DA:26,28
DA:31,0
DA:44,0
DA:50,0
DA:51,0
DA:52,0
DA:53,0
DA:56,0
DA:57,0
DA:58,0
DA:60,0
DA:61,0
DA:65,0
DA:66,0
DA:68,0
DA:69,0
DA:73,0
DA:76,0
DA:78,0
DA:79,0
DA:80,0
DA:81,0
DA:83,0
DA:87,0
DA:90,0
DA:92,0
DA:93,0
DA:94,0
DA:95,0
DA:96,0
DA:99,0
DA:102,0
DA:104,0
DA:105,0
DA:106,0
DA:110,0
DA:111,0
DA:112,0
DA:113,0
DA:114,0
DA:115,0
DA:118,0
DA:119,0
DA:120,0
DA:121,0
DA:123,0
DA:126,0
DA:129,0
DA:130,0
DA:131,0
DA:132,0
DA:133,0
DA:134,0
DA:135,0
DA:138,0
end_of_record

SF:/Users/corvus/Repos/opUSDC/test/utils/USDCImplementationCreationCode.sol
end_of_record

SF:/Users/corvus/Repos/opUSDC/test/utils/interfaces/ITestCrossDomainMessenger.sol
end_of_record

