TN:
SF:/Users/corvus/Repos/opUSDC/node_modules/@openzeppelin/contracts-upgradeable/access/OwnableUpgradeable.sol
DA:1,0
DA:32,3
DA:51,1
DA:52,4
DA:55,1
DA:66,16
DA:73,10
DA:75,5
DA:81,1
DA:82,6
DA:83,8
DA:94,1
DA:95,1
DA:102,19
DA:103,5
DA:104,0
DA:106,5
DA:113,5
DA:114,2
DA:115,7
DA:116,10
DA:117,5
end_of_record

SF:/Users/corvus/Repos/opUSDC/node_modules/@openzeppelin/contracts-upgradeable/proxy/utils/Initializable.sol
DA:104,5
DA:106,1
DA:109,8
DA:110,2
DA:117,11
DA:118,16
DA:120,14
DA:121,13
DA:123,7
DA:124,5
DA:125,6
DA:128,5
DA:129,5
DA:130,11
DA:171,15
DA:178,1
DA:179,2
DA:180,0
DA:192,0
DA:196,0
DA:197,0
DA:199,0
DA:200,0
DA:201,0
DA:216,5
DA:225,2
end_of_record

SF:/Users/corvus/Repos/opUSDC/node_modules/@openzeppelin/contracts-upgradeable/proxy/utils/UUPSUpgradeable.sol
DA:22,0
DA:32,0
DA:52,0
DA:61,0
DA:78,0
DA:92,4
DA:93,0
DA:94,1
DA:102,0
DA:103,0
DA:104,0
DA:105,0
DA:107,0
DA:115,0
DA:116,0
DA:118,0
DA:142,0
DA:143,0
DA:144,0
DA:145,0
DA:147,0
DA:150,0
end_of_record

SF:/Users/corvus/Repos/opUSDC/node_modules/@openzeppelin/contracts-upgradeable/utils/ContextUpgradeable.sol
DA:24,2
end_of_record

SF:/Users/corvus/Repos/opUSDC/node_modules/@openzeppelin/contracts-upgradeable/utils/cryptography/EIP712Upgradeable.sol
DA:34,1
DA:52,2
DA:68,1
DA:69,5
DA:72,2
DA:74,7
DA:75,9
DA:78,4
DA:79,5
DA:85,4
DA:86,6
DA:89,4
DA:90,36
DA:108,4
DA:109,8
DA:115,0
DA:120,0
DA:121,0
DA:129,0
DA:132,8
DA:134,0
DA:136,0
DA:137,0
DA:138,0
DA:139,0
DA:140,0
DA:141,0
DA:151,5
DA:153,74
DA:162,3
DA:164,7
DA:172,5
DA:174,6
DA:175,5
DA:176,8
DA:180,0
DA:181,0
DA:182,0
DA:184,0
DA:194,5
DA:196,6
DA:197,5
DA:198,8
DA:202,0
DA:203,0
DA:204,0
end_of_record

SF:/Users/corvus/Repos/opUSDC/node_modules/@openzeppelin/contracts/access/Ownable.sol
DA:39,0
DA:40,0
DA:42,0
DA:49,13
DA:56,5
DA:57,4
DA:63,1
DA:64,3
DA:65,8
DA:76,1
DA:77,1
DA:84,11
DA:85,0
DA:86,8
DA:88,0
DA:95,0
DA:96,0
DA:97,0
DA:98,0
end_of_record

SF:/Users/corvus/Repos/opUSDC/node_modules/@openzeppelin/contracts/interfaces/IERC1271.sol
end_of_record

SF:/Users/corvus/Repos/opUSDC/node_modules/@openzeppelin/contracts/interfaces/IERC5267.sol
end_of_record

SF:/Users/corvus/Repos/opUSDC/node_modules/@openzeppelin/contracts/interfaces/draft-IERC1822.sol
end_of_record

SF:/Users/corvus/Repos/opUSDC/node_modules/@openzeppelin/contracts/proxy/ERC1967/ERC1967Proxy.sol
DA:15,6
DA:26,12
DA:27,3
DA:37,6
DA:38,8
end_of_record

SF:/Users/corvus/Repos/opUSDC/node_modules/@openzeppelin/contracts/proxy/ERC1967/ERC1967Utils.sol
DA:14,0
DA:37,2
DA:62,2
DA:63,6
DA:69,0
DA:70,0
DA:71,0
DA:73,0
DA:83,0
DA:84,0
DA:85,0
DA:87,0
DA:88,0
DA:90,0
DA:188,0
DA:189,0
DA:190,0
end_of_record

SF:/Users/corvus/Repos/opUSDC/node_modules/@openzeppelin/contracts/proxy/Proxy.sol
DA:22,2
DA:27,8
DA:31,10
DA:34,5
DA:36,2
DA:38,9
DA:39,3
DA:42,6
DA:58,2
DA:59,10
DA:67,5
end_of_record

SF:/Users/corvus/Repos/opUSDC/node_modules/@openzeppelin/contracts/proxy/beacon/IBeacon.sol
end_of_record

SF:/Users/corvus/Repos/opUSDC/node_modules/@openzeppelin/contracts/token/ERC20/IERC20.sol
end_of_record

SF:/Users/corvus/Repos/opUSDC/node_modules/@openzeppelin/contracts/token/ERC20/extensions/IERC20Permit.sol
end_of_record

SF:/Users/corvus/Repos/opUSDC/node_modules/@openzeppelin/contracts/token/ERC20/utils/SafeERC20.sol
DA:19,0
DA:36,1
DA:37,49
DA:44,6
DA:45,16
DA:91,1
DA:96,10
DA:97,30
DA:98,0
end_of_record

SF:/Users/corvus/Repos/opUSDC/node_modules/@openzeppelin/contracts/utils/Address.sol
DA:9,0
DA:70,2
DA:71,6
DA:83,2
DA:84,7
DA:85,0
DA:87,67
DA:88,6
DA:104,0
DA:105,0
DA:106,0
DA:114,1
DA:118,1
DA:119,4
DA:120,4
DA:124,12
DA:125,0
DA:127,3
DA:146,1
DA:148,5
DA:152,2
DA:153,5
DA:156,0
end_of_record

SF:/Users/corvus/Repos/opUSDC/node_modules/@openzeppelin/contracts/utils/Context.sol
DA:18,2
end_of_record

SF:/Users/corvus/Repos/opUSDC/node_modules/@openzeppelin/contracts/utils/ShortStrings.sol
DA:40,0
DA:42,0
DA:52,0
DA:53,0
DA:54,0
DA:55,0
DA:57,0
DA:89,0
DA:90,0
DA:91,0
DA:93,0
end_of_record

SF:/Users/corvus/Repos/opUSDC/node_modules/@openzeppelin/contracts/utils/StorageSlot.sol
DA:31,0
end_of_record

SF:/Users/corvus/Repos/opUSDC/node_modules/@openzeppelin/contracts/utils/Strings.sol
DA:12,0
end_of_record

SF:/Users/corvus/Repos/opUSDC/node_modules/@openzeppelin/contracts/utils/cryptography/ECDSA.sol
DA:12,0
DA:56,10
DA:57,7
DA:58,1
DA:65,5
DA:66,5
DA:67,6
DA:69,16
DA:71,0
DA:122,11
DA:127,3
DA:137,7
DA:138,0
DA:142,40
DA:143,5
DA:144,0
DA:147,5
end_of_record

SF:/Users/corvus/Repos/opUSDC/node_modules/@openzeppelin/contracts/utils/cryptography/MessageHashUtils.sol
DA:15,0
DA:76,1
DA:79,2
DA:80,2
DA:81,7
DA:82,4
DA:83,4
end_of_record

SF:/Users/corvus/Repos/opUSDC/node_modules/@openzeppelin/contracts/utils/cryptography/SignatureChecker.sol
DA:14,0
DA:22,9
DA:23,11
DA:24,4
DA:25,24
DA:26,1
DA:36,0
DA:40,0
DA:41,0
DA:42,0
DA:44,0
DA:45,0
DA:46,0
end_of_record

SF:/Users/corvus/Repos/opUSDC/node_modules/@openzeppelin/contracts/utils/math/Math.sol
DA:9,0
end_of_record

SF:/Users/corvus/Repos/opUSDC/node_modules/@openzeppelin/contracts/utils/math/SignedMath.sol
DA:9,0
end_of_record

SF:/Users/corvus/Repos/opUSDC/node_modules/forge-std/src/Base.sol
end_of_record

SF:/Users/corvus/Repos/opUSDC/node_modules/forge-std/src/StdAssertions.sol
DA:38,0
DA:39,0
DA:40,0
DA:42,0
end_of_record

SF:/Users/corvus/Repos/opUSDC/node_modules/forge-std/src/StdChains.sol
DA:66,0
end_of_record

SF:/Users/corvus/Repos/opUSDC/node_modules/forge-std/src/StdCheats.sol
end_of_record

SF:/Users/corvus/Repos/opUSDC/node_modules/forge-std/src/StdError.sol
DA:5,0
DA:6,0
DA:7,0
DA:8,0
DA:9,0
DA:10,0
DA:11,0
DA:12,0
DA:13,0
DA:14,0
end_of_record

SF:/Users/corvus/Repos/opUSDC/node_modules/forge-std/src/StdInvariant.sol
DA:78,0
DA:79,0
DA:82,0
DA:83,0
DA:86,0
DA:87,0
DA:90,0
DA:91,0
DA:94,0
DA:95,0
DA:98,0
DA:99,0
DA:102,0
DA:103,0
DA:106,0
DA:107,0
DA:110,0
DA:111,0
end_of_record

SF:/Users/corvus/Repos/opUSDC/node_modules/forge-std/src/StdJson.sol
DA:25,0
end_of_record

SF:/Users/corvus/Repos/opUSDC/node_modules/forge-std/src/StdMath.sol
DA:4,0
end_of_record

SF:/Users/corvus/Repos/opUSDC/node_modules/forge-std/src/StdStorage.sol
DA:24,0
DA:334,0
end_of_record

SF:/Users/corvus/Repos/opUSDC/node_modules/forge-std/src/StdStyle.sol
DA:6,0
end_of_record

SF:/Users/corvus/Repos/opUSDC/node_modules/forge-std/src/StdToml.sol
DA:25,0
end_of_record

SF:/Users/corvus/Repos/opUSDC/node_modules/forge-std/src/StdUtils.sol
end_of_record

SF:/Users/corvus/Repos/opUSDC/node_modules/forge-std/src/Test.sol
DA:32,0
end_of_record

SF:/Users/corvus/Repos/opUSDC/node_modules/forge-std/src/Vm.sol
end_of_record

SF:/Users/corvus/Repos/opUSDC/node_modules/forge-std/src/console.sol
DA:4,0
end_of_record

SF:/Users/corvus/Repos/opUSDC/node_modules/forge-std/src/console2.sol
DA:9,0
end_of_record

SF:/Users/corvus/Repos/opUSDC/node_modules/forge-std/src/interfaces/IERC165.sol
end_of_record

SF:/Users/corvus/Repos/opUSDC/node_modules/forge-std/src/interfaces/IERC20.sol
end_of_record

SF:/Users/corvus/Repos/opUSDC/node_modules/forge-std/src/interfaces/IERC721.sol
end_of_record

SF:/Users/corvus/Repos/opUSDC/node_modules/forge-std/src/interfaces/IMulticall3.sol
end_of_record

SF:/Users/corvus/Repos/opUSDC/node_modules/forge-std/src/mocks/MockERC20.sol
DA:8,0
DA:19,0
DA:20,0
DA:23,0
DA:24,0
DA:27,0
DA:28,0
DA:41,0
DA:42,0
DA:45,0
DA:46,0
DA:49,0
DA:50,0
DA:61,0
DA:72,0
DA:73,0
DA:75,0
DA:76,0
DA:77,0
DA:79,0
DA:80,0
DA:82,0
DA:89,0
DA:90,0
DA:92,0
DA:94,0
DA:97,0
DA:98,0
DA:99,0
DA:101,0
DA:106,0
DA:107,0
DA:109,0
DA:111,0
DA:112,0
DA:114,0
DA:116,0
DA:123,0
DA:126,0
DA:127,0
DA:129,0
DA:130,0
DA:131,0
DA:133,0
DA:134,0
DA:135,0
DA:136,0
DA:139,0
DA:140,0
DA:141,0
DA:142,0
DA:153,0
DA:155,0
DA:157,0
DA:160,0
DA:161,0
DA:164,0
DA:165,0
DA:166,0
DA:167,0
DA:168,0
DA:169,0
DA:170,0
DA:171,0
DA:180,0
DA:181,0
DA:182,0
DA:184,0
DA:187,0
DA:188,0
DA:189,0
DA:191,0
DA:198,0
DA:199,0
DA:200,0
DA:204,0
DA:205,0
DA:206,0
DA:217,0
DA:220,0
DA:226,0
DA:227,0
DA:232,0
end_of_record

SF:/Users/corvus/Repos/opUSDC/node_modules/forge-std/src/mocks/MockERC721.sol
DA:8,0
DA:17,0
DA:18,0
DA:21,0
DA:22,0
DA:25,0
DA:35,0
DA:36,0
DA:39,0
DA:40,0
DA:42,0
DA:53,0
DA:54,0
DA:57,0
DA:58,0
DA:70,0
DA:71,0
DA:73,0
DA:74,0
DA:76,0
DA:83,0
DA:84,0
DA:86,0
DA:88,0
DA:90,0
DA:93,0
DA:94,0
DA:96,0
DA:99,0
DA:100,0
DA:102,0
DA:104,0
DA:105,0
DA:111,0
DA:113,0
DA:115,0
DA:117,0
DA:119,0
DA:122,0
DA:123,0
DA:125,0
DA:126,0
DA:127,0
DA:128,0
DA:133,0
DA:139,0
DA:141,0
DA:142,0
DA:143,0
DA:144,0
DA:153,0
DA:154,0
DA:155,0
DA:156,0
DA:226,0
DA:229,0
end_of_record

SF:/Users/corvus/Repos/opUSDC/node_modules/forge-std/src/safeconsole.sol
DA:6,0
end_of_record

SF:/Users/corvus/Repos/opUSDC/node_modules/halmos-cheatcodes/src/SVM.sol
end_of_record

SF:/Users/corvus/Repos/opUSDC/node_modules/halmos-cheatcodes/src/SymTest.sol
end_of_record

SF:/Users/corvus/Repos/opUSDC/src/contracts/L1OpUSDCBridgeAdapter.sol
DA:18,294
DA:22,29
DA:25,22
DA:34,154
DA:35,26
DA:47,0
DA:51,0
DA:59,21
DA:60,5
DA:61,21
DA:62,16
DA:63,4
DA:78,22
DA:86,27
DA:89,37
DA:90,13
DA:93,9
DA:94,12
DA:96,46
DA:97,2
DA:98,28
DA:99,2
DA:102,14
DA:110,17
DA:111,29
DA:113,4
DA:114,8
DA:116,5
DA:123,12
DA:124,21
DA:127,29
DA:134,4
DA:135,59
DA:136,10
DA:139,5
DA:140,42
DA:144,3
DA:145,6
DA:146,5
DA:158,17
DA:161,37
DA:162,13
DA:165,8
DA:167,41
DA:168,27
DA:171,6
DA:180,19
DA:183,37
DA:184,13
DA:187,6
DA:189,41
DA:190,25
DA:193,13
DA:206,36
DA:207,18
DA:210,60
DA:213,29
DA:215,7
DA:228,41
DA:236,1
DA:237,18
DA:240,60
DA:243,29
DA:246,43
DA:249,7
DA:252,38
DA:254,53
DA:257,31
DA:259,7
DA:270,23
DA:272,46
DA:273,7
DA:275,0
DA:276,8
DA:286,3
DA:287,0
DA:290,0
DA:292,8
DA:300,0
DA:301,0
DA:302,0
DA:305,0
DA:307,0
DA:318,17
DA:319,6
DA:320,7
DA:333,1
DA:335,9
DA:338,46
DA:339,32
DA:342,7
end_of_record

SF:/Users/corvus/Repos/opUSDC/src/contracts/L1OpUSDCFactory.sol
DA:20,53
DA:22,1
DA:25,0
DA:28,0
DA:35,1
DA:38,8
DA:41,0
DA:47,0
DA:48,0
DA:78,26
DA:83,8
DA:86,38
DA:89,21
DA:92,8
DA:95,26
DA:96,175
DA:99,2
DA:101,29
DA:102,1
DA:103,8
DA:104,10
DA:105,1
DA:106,8
DA:110,69
DA:111,16
DA:115,7
DA:118,30
DA:119,54
DA:121,13
end_of_record

SF:/Users/corvus/Repos/opUSDC/src/contracts/L2OpUSDCBridgeAdapter.sol
DA:20,156
DA:36,0
DA:39,14
DA:48,308
DA:49,52
DA:62,0
DA:66,0
DA:75,17
DA:76,0
DA:77,0
DA:78,0
DA:79,0
DA:80,0
DA:93,17
DA:94,8
DA:95,16
DA:97,65
DA:100,59
DA:102,44
DA:103,34
DA:106,7
DA:114,19
DA:115,21
DA:118,45
DA:121,46
DA:131,13
DA:132,16
DA:134,8
DA:136,13
DA:142,12
DA:143,16
DA:145,6
DA:147,6
DA:160,17
DA:161,18
DA:163,80
DA:166,29
DA:168,7
DA:181,28
DA:189,1
DA:190,18
DA:192,80
DA:195,29
DA:198,43
DA:201,7
DA:204,38
DA:206,53
DA:209,31
DA:211,7
DA:222,25
DA:223,16
DA:224,0
DA:226,0
DA:227,0
DA:231,47
DA:232,14
DA:234,42
DA:235,14
DA:246,4
DA:247,0
DA:248,0
DA:250,0
DA:252,0
DA:253,0
DA:254,1
DA:255,0
DA:257,0
DA:258,0
DA:259,0
DA:262,8
DA:278,17
DA:279,8
DA:280,1
DA:282,4
DA:283,14
DA:284,3
DA:286,0
DA:287,15
DA:288,0
DA:290,41
DA:293,4
DA:294,13
DA:297,5
DA:310,1
DA:311,9
DA:314,45
DA:317,46
DA:318,32
DA:321,7
end_of_record

SF:/Users/corvus/Repos/opUSDC/src/contracts/L2OpUSDCDeploy.sol
DA:19,6
DA:20,0
DA:32,0
DA:38,0
DA:40,0
DA:41,0
DA:42,0
DA:43,0
DA:46,0
DA:47,0
DA:48,0
DA:49,0
DA:52,0
DA:54,0
DA:57,0
DA:70,0
DA:77,0
DA:78,0
DA:79,0
DA:80,0
DA:81,0
DA:82,0
DA:83,0
DA:84,0
DA:85,0
DA:89,0
DA:91,0
DA:93,0
DA:96,0
DA:97,0
DA:98,0
DA:99,0
DA:109,0
DA:111,0
DA:113,0
DA:114,0
end_of_record

SF:/Users/corvus/Repos/opUSDC/src/contracts/universal/OpUSDCBridgeAdapter.sol
DA:16,0
DA:17,1
DA:20,12
DA:23,33
DA:26,12
DA:32,23
DA:35,44
DA:38,33
DA:47,0
DA:48,0
DA:49,0
DA:50,0
DA:51,0
DA:112,0
DA:113,0
DA:119,0
DA:127,1
DA:129,7
DA:131,9
DA:139,6
DA:140,8
DA:141,25
DA:142,20
end_of_record

SF:/Users/corvus/Repos/opUSDC/src/contracts/utils/FallbackProxyAdmin.sol
DA:15,67
DA:17,10
DA:23,0
DA:24,0
DA:33,11
DA:34,13
DA:41,15
DA:42,31
DA:50,11
DA:51,0
end_of_record

SF:/Users/corvus/Repos/opUSDC/src/contracts/utils/USDCInitTxs.sol
DA:10,34
DA:14,26
DA:19,27
DA:24,53
end_of_record

SF:/Users/corvus/Repos/opUSDC/src/contracts/utils/USDCProxyCreationCode.sol
end_of_record

SF:/Users/corvus/Repos/opUSDC/src/interfaces/IL1OpUSDCBridgeAdapter.sol
end_of_record

SF:/Users/corvus/Repos/opUSDC/src/interfaces/IL1OpUSDCFactory.sol
end_of_record

SF:/Users/corvus/Repos/opUSDC/src/interfaces/IL2OpUSDCBridgeAdapter.sol
end_of_record

SF:/Users/corvus/Repos/opUSDC/src/interfaces/IL2OpUSDCDeploy.sol
end_of_record

SF:/Users/corvus/Repos/opUSDC/src/interfaces/IOpUSDCBridgeAdapter.sol
end_of_record

SF:/Users/corvus/Repos/opUSDC/src/interfaces/external/ICreate2Deployer.sol
end_of_record

SF:/Users/corvus/Repos/opUSDC/src/interfaces/external/ICrossDomainMessenger.sol
end_of_record

SF:/Users/corvus/Repos/opUSDC/src/interfaces/external/IOptimismPortal.sol
end_of_record

SF:/Users/corvus/Repos/opUSDC/src/interfaces/external/IUSDC.sol
end_of_record

SF:/Users/corvus/Repos/opUSDC/src/libraries/CrossChainDeployments.sol
DA:13,24
DA:21,5
DA:32,35
DA:38,4
DA:39,51
DA:40,15
DA:42,41
DA:47,60
DA:48,1
DA:50,0
DA:53,46
DA:54,6
DA:65,3
DA:69,1
DA:71,2
DA:72,5
DA:73,5
DA:74,3
DA:75,5
DA:76,3
DA:77,5
DA:88,3
DA:91,1
DA:92,1
DA:97,7
DA:98,20
DA:105,0
DA:106,0
DA:107,0
DA:108,0
DA:109,0
DA:110,0
DA:111,0
DA:112,0
DA:113,0
DA:114,0
DA:115,0
DA:116,0
DA:117,1
DA:118,0
DA:120,0
DA:123,8
end_of_record

SF:/Users/corvus/Repos/opUSDC/test/invariants/AdvancedTestsUtils.sol
DA:54,0
DA:55,0
DA:56,0
DA:59,0
DA:60,0
DA:64,0
DA:70,8
DA:71,32
DA:72,676
DA:76,0
DA:77,0
DA:78,0
DA:82,6
DA:83,21
DA:86,19
DA:87,22
DA:95,0
DA:98,0
DA:100,0
DA:102,4
DA:103,19
DA:106,4
DA:107,12
DA:115,0
DA:117,0
end_of_record

SF:/Users/corvus/Repos/opUSDC/test/invariants/fuzz/Create2Deployer.sol
DA:5,28
DA:7,0
DA:8,0
DA:9,0
DA:10,0
DA:13,0
DA:15,0
DA:17,0
end_of_record

SF:/Users/corvus/Repos/opUSDC/test/invariants/fuzz/MockBridge.sol
DA:7,75
DA:8,0
DA:13,25
DA:14,8
DA:15,10
DA:16,13
DA:18,40
DA:22,0
DA:29,0
DA:30,0
DA:31,0
DA:32,0
DA:34,0
DA:37,10
DA:38,7
DA:41,15
DA:42,14
DA:45,0
DA:46,0
DA:49,9
DA:50,3
DA:53,18
DA:54,3
DA:61,0
end_of_record

SF:/Users/corvus/Repos/opUSDC/test/invariants/fuzz/MockPortal.sol
DA:6,21
DA:7,16
end_of_record

SF:/Users/corvus/Repos/opUSDC/test/invariants/fuzz/OpUSDC.t.sol
DA:15,255
DA:33,5
DA:34,78
DA:35,78
DA:36,78
DA:38,78
DA:39,78
DA:40,76
DA:47,17
DA:49,35
DA:51,9
DA:53,8
DA:55,68
DA:56,63
DA:58,44
DA:60,61
DA:62,77
DA:63,73
DA:64,70
DA:67,77
DA:68,71
DA:76,11
DA:84,10
DA:85,35
DA:87,8
DA:90,63
DA:91,9
DA:92,3
DA:93,23
DA:95,6
DA:97,64
DA:98,63
DA:100,48
DA:103,76
DA:105,77
DA:106,69
DA:107,22
DA:110,148
DA:111,19
DA:119,11
DA:121,35
DA:123,9
DA:125,9
DA:127,69
DA:128,63
DA:130,44
DA:133,59
DA:135,77
DA:136,73
DA:137,31
DA:138,22
DA:141,77
DA:142,24
DA:150,17
DA:156,5
DA:158,10
DA:159,35
DA:161,8
DA:163,63
DA:164,9
DA:165,3
DA:166,23
DA:168,7
DA:170,61
DA:171,63
DA:173,48
DA:175,78
DA:177,77
DA:178,69
DA:179,31
DA:180,70
DA:183,148
DA:184,64
DA:190,5
DA:192,111
DA:193,72
DA:195,81
DA:197,68
DA:198,70
DA:199,17
DA:201,117
DA:203,57
DA:204,77
DA:205,65
DA:207,0
DA:213,11
DA:215,70
DA:217,44
DA:220,49
DA:222,78
DA:223,3
DA:224,14
DA:225,10
DA:227,3
DA:230,3
DA:238,14
DA:239,70
DA:241,44
DA:243,49
DA:244,78
DA:245,3
DA:246,14
DA:247,10
DA:249,79
DA:251,3
DA:252,86
DA:253,75
DA:260,9
DA:262,68
DA:263,78
DA:264,70
DA:266,113
DA:269,49
DA:271,13
DA:273,77
DA:274,70
DA:275,7
DA:277,37
DA:283,6
DA:285,86
DA:290,14
DA:293,7
DA:294,78
DA:295,74
DA:298,20
DA:302,49
DA:306,61
DA:307,77
DA:311,60
DA:313,1
DA:319,16
DA:321,39
DA:322,81
DA:324,8
DA:327,44
DA:328,62
DA:331,45
DA:334,63
DA:336,113
DA:338,61
DA:340,31
DA:341,70
DA:343,49
DA:349,11
DA:351,39
DA:352,81
DA:354,86
DA:357,0
DA:360,0
DA:362,0
DA:364,0
DA:366,0
DA:368,0
DA:374,5
DA:376,85
DA:378,2
DA:379,74
DA:381,8
DA:382,10
DA:388,11
DA:389,8
DA:390,117
DA:391,9
DA:392,75
DA:393,56
DA:395,0
DA:396,0
DA:397,0
DA:400,126
DA:402,0
DA:403,0
DA:410,11
DA:411,8
DA:413,117
DA:414,9
DA:415,58
DA:417,45
DA:418,62
DA:419,77
DA:421,9
DA:422,81
DA:423,49
DA:424,44
DA:426,7
DA:427,39
DA:431,0
DA:441,6
DA:442,34
DA:443,17
DA:444,21
DA:445,25
DA:448,35
DA:450,95
DA:455,19
DA:456,19
DA:458,27
DA:459,20
DA:462,0
DA:468,11
DA:469,67
DA:472,9
DA:474,7
DA:475,234
DA:478,41
DA:480,49
DA:483,81
DA:484,72
DA:490,5
DA:491,3
DA:492,86
DA:493,74
DA:494,74
DA:495,74
DA:497,2
DA:498,82
DA:499,74
DA:500,37
DA:506,13
DA:508,47
DA:510,0
DA:512,71
DA:516,11
DA:518,16
DA:532,20
DA:541,3
DA:542,8
DA:544,10
DA:545,61
DA:546,9
DA:547,3
DA:548,23
DA:550,48
DA:552,9
DA:554,11
DA:555,44
DA:556,62
DA:558,45
DA:559,73
DA:561,45
DA:562,58
DA:563,6
DA:564,41
DA:565,6
DA:566,24
DA:567,6
DA:568,26
DA:569,7
DA:570,46
DA:572,0
DA:574,6
DA:575,39
DA:576,6
DA:577,16
DA:579,45
DA:583,21
DA:592,3
DA:593,8
DA:595,10
DA:596,61
DA:597,9
DA:598,3
DA:599,23
DA:601,48
DA:603,9
DA:604,57
DA:605,6
DA:606,32
DA:607,6
DA:608,24
DA:609,6
DA:610,16
DA:611,6
DA:612,39
DA:613,6
DA:614,39
DA:615,7
DA:616,56
DA:619,31
DA:620,0
DA:624,50
DA:625,7
DA:631,23
DA:640,1
DA:641,8
DA:642,1
DA:644,8
DA:645,57
DA:646,8
DA:647,29
DA:649,36
DA:651,8
DA:652,57
DA:653,6
DA:654,24
DA:655,6
DA:656,14
DA:657,8
DA:658,21
DA:659,7
DA:660,14
DA:662,29
DA:665,45
DA:666,59
DA:669,20
DA:677,1
DA:678,8
DA:679,1
DA:681,8
DA:682,57
DA:683,8
DA:684,29
DA:686,36
DA:688,8
DA:689,57
DA:690,6
DA:691,14
DA:692,8
DA:693,21
DA:694,9
DA:695,21
DA:697,55
DA:700,45
DA:701,59
DA:707,19
DA:716,8
DA:718,8
DA:719,61
DA:720,6
DA:721,15
DA:722,6
DA:723,16
DA:724,6
DA:725,16
DA:726,6
DA:727,28
DA:728,8
DA:729,77
DA:730,6
DA:731,16
DA:732,6
DA:733,16
DA:734,6
DA:735,20
DA:737,6
DA:738,22
DA:739,6
DA:740,22
DA:741,6
DA:742,79
DA:747,11
DA:756,8
DA:758,6
DA:759,22
DA:760,6
DA:761,16
DA:762,6
DA:763,16
DA:764,6
DA:765,16
DA:766,6
DA:767,28
DA:768,6
DA:769,22
DA:770,6
DA:771,16
DA:772,6
DA:773,16
DA:774,6
DA:775,20
DA:777,6
DA:778,22
DA:779,6
DA:780,22
DA:781,5
DA:782,24
DA:786,12
DA:795,8
DA:797,1
DA:799,8
DA:800,55
DA:801,6
DA:802,14
DA:803,6
DA:804,14
DA:805,6
DA:806,14
DA:807,6
DA:809,26
DA:810,6
DA:811,20
DA:812,6
DA:813,14
DA:814,6
DA:815,14
DA:816,6
DA:817,18
DA:819,6
DA:820,20
DA:821,6
DA:822,20
DA:823,5
DA:824,51
DA:828,11
DA:837,8
DA:839,1
DA:841,6
DA:842,20
DA:843,6
DA:844,14
DA:845,6
DA:846,14
DA:847,6
DA:848,14
DA:849,6
DA:851,26
DA:852,6
DA:853,20
DA:854,6
DA:855,14
DA:856,6
DA:857,14
DA:858,6
DA:859,18
DA:861,6
DA:862,20
DA:863,6
DA:864,20
DA:865,5
DA:866,22
DA:871,11
DA:872,5
DA:873,133
DA:874,86
DA:877,10
DA:880,1
DA:882,45
DA:883,57
DA:886,41
DA:887,72
DA:893,5
DA:895,45
DA:896,57
DA:898,41
DA:899,73
DA:901,41
DA:902,59
DA:905,41
DA:906,73
DA:909,3
DA:918,1
DA:919,33
DA:920,1
DA:921,1
DA:922,1
DA:923,1
DA:924,1
DA:927,66
DA:929,40
DA:930,62
DA:931,66
DA:932,19
end_of_record

SF:/Users/corvus/Repos/opUSDC/test/invariants/fuzz/SetupOpUSDC.sol
DA:18,0
DA:19,28
DA:26,0
DA:39,0
DA:45,0
DA:46,0
DA:47,0
DA:48,0
DA:51,0
DA:52,0
DA:53,0
DA:55,0
DA:56,0
DA:60,0
DA:61,0
DA:63,0
DA:64,0
DA:68,0
DA:71,0
DA:73,0
DA:74,0
DA:75,0
DA:76,0
DA:78,0
DA:82,0
DA:85,0
DA:87,0
DA:88,0
DA:89,0
DA:92,0
DA:95,0
DA:97,0
DA:98,0
DA:99,0
DA:103,0
DA:104,0
DA:105,0
DA:106,0
DA:107,0
DA:108,0
DA:111,0
DA:112,0
DA:113,0
DA:114,0
DA:116,0
DA:119,0
DA:122,0
DA:123,0
DA:124,0
DA:125,0
DA:126,0
DA:127,0
DA:128,0
DA:131,0
end_of_record

SF:/Users/corvus/Repos/opUSDC/test/utils/SigUtils.sol
DA:6,56
DA:10,1
DA:11,4
DA:12,3
DA:24,9
DA:25,2
DA:26,1
DA:28,6
DA:29,7
DA:31,6
DA:39,34
DA:42,2
DA:44,62
DA:53,6
DA:55,12
DA:56,25
end_of_record

SF:/Users/corvus/Repos/opUSDC/test/utils/USDCImplementationCreationCode.sol
end_of_record

SF:/Users/corvus/Repos/opUSDC/test/utils/interfaces/ITestCrossDomainMessenger.sol
end_of_record

