TN:
SF:/Users/corvus/Repos/opUSDC/node_modules/@openzeppelin/contracts-upgradeable/access/OwnableUpgradeable.sol
DA:1,0
DA:32,3
DA:51,1
DA:52,4
DA:55,1
DA:66,16
DA:73,10
DA:75,5
DA:81,1
DA:82,6
DA:83,8
DA:94,1
DA:95,1
DA:102,19
DA:103,5
DA:104,0
DA:106,5
DA:113,5
DA:114,2
DA:115,7
DA:116,10
DA:117,5
end_of_record

SF:/Users/corvus/Repos/opUSDC/node_modules/@openzeppelin/contracts-upgradeable/proxy/utils/Initializable.sol
DA:104,5
DA:106,1
DA:109,8
DA:110,2
DA:117,11
DA:118,16
DA:120,14
DA:121,13
DA:123,7
DA:124,5
DA:125,6
DA:128,5
DA:129,5
DA:130,11
DA:171,15
DA:178,1
DA:179,2
DA:180,0
DA:192,0
DA:196,0
DA:197,0
DA:199,0
DA:200,0
DA:201,0
DA:216,5
DA:225,2
end_of_record

SF:/Users/corvus/Repos/opUSDC/node_modules/@openzeppelin/contracts-upgradeable/proxy/utils/UUPSUpgradeable.sol
DA:22,0
DA:32,0
DA:52,0
DA:61,0
DA:78,0
DA:92,4
DA:93,0
DA:94,1
DA:102,0
DA:103,0
DA:104,0
DA:105,0
DA:107,0
DA:115,0
DA:116,0
DA:118,0
DA:142,0
DA:143,0
DA:144,0
DA:145,0
DA:147,0
DA:150,0
end_of_record

SF:/Users/corvus/Repos/opUSDC/node_modules/@openzeppelin/contracts-upgradeable/utils/ContextUpgradeable.sol
DA:24,2
end_of_record

SF:/Users/corvus/Repos/opUSDC/node_modules/@openzeppelin/contracts-upgradeable/utils/cryptography/EIP712Upgradeable.sol
DA:34,1
DA:52,2
DA:68,1
DA:69,5
DA:72,2
DA:74,7
DA:75,9
DA:78,4
DA:79,5
DA:85,4
DA:86,6
DA:89,4
DA:90,36
DA:108,4
DA:109,8
DA:115,0
DA:120,0
DA:121,0
DA:129,0
DA:132,8
DA:134,0
DA:136,0
DA:137,0
DA:138,0
DA:139,0
DA:140,0
DA:141,0
DA:151,5
DA:153,74
DA:162,3
DA:164,7
DA:172,5
DA:174,6
DA:175,5
DA:176,8
DA:180,0
DA:181,0
DA:182,0
DA:184,0
DA:194,5
DA:196,6
DA:197,5
DA:198,8
DA:202,0
DA:203,0
DA:204,0
end_of_record

SF:/Users/corvus/Repos/opUSDC/node_modules/@openzeppelin/contracts/access/Ownable.sol
DA:39,0
DA:40,0
DA:42,0
DA:49,4
DA:56,1
DA:57,2
DA:63,1
DA:64,3
DA:65,0
DA:76,1
DA:77,1
DA:84,0
DA:85,0
DA:86,0
DA:88,0
DA:95,0
DA:96,0
DA:97,0
DA:98,0
end_of_record

SF:/Users/corvus/Repos/opUSDC/node_modules/@openzeppelin/contracts/interfaces/IERC1271.sol
end_of_record

SF:/Users/corvus/Repos/opUSDC/node_modules/@openzeppelin/contracts/interfaces/IERC5267.sol
end_of_record

SF:/Users/corvus/Repos/opUSDC/node_modules/@openzeppelin/contracts/interfaces/draft-IERC1822.sol
end_of_record

SF:/Users/corvus/Repos/opUSDC/node_modules/@openzeppelin/contracts/proxy/ERC1967/ERC1967Proxy.sol
DA:15,6
DA:26,12
DA:27,3
DA:37,6
DA:38,8
end_of_record

SF:/Users/corvus/Repos/opUSDC/node_modules/@openzeppelin/contracts/proxy/ERC1967/ERC1967Utils.sol
DA:14,0
DA:37,2
DA:62,2
DA:63,6
DA:69,0
DA:70,0
DA:71,0
DA:73,0
DA:83,0
DA:84,0
DA:85,0
DA:87,0
DA:88,0
DA:90,0
DA:188,0
DA:189,0
DA:190,0
end_of_record

SF:/Users/corvus/Repos/opUSDC/node_modules/@openzeppelin/contracts/proxy/Proxy.sol
DA:22,2
DA:27,8
DA:31,10
DA:34,5
DA:36,2
DA:38,9
DA:39,3
DA:42,6
DA:58,2
DA:59,10
DA:67,5
end_of_record

SF:/Users/corvus/Repos/opUSDC/node_modules/@openzeppelin/contracts/proxy/beacon/IBeacon.sol
end_of_record

SF:/Users/corvus/Repos/opUSDC/node_modules/@openzeppelin/contracts/token/ERC20/IERC20.sol
end_of_record

SF:/Users/corvus/Repos/opUSDC/node_modules/@openzeppelin/contracts/token/ERC20/extensions/IERC20Permit.sol
end_of_record

SF:/Users/corvus/Repos/opUSDC/node_modules/@openzeppelin/contracts/token/ERC20/utils/SafeERC20.sol
DA:19,0
DA:36,1
DA:37,49
DA:44,6
DA:45,16
DA:91,1
DA:96,10
DA:97,30
DA:98,0
end_of_record

SF:/Users/corvus/Repos/opUSDC/node_modules/@openzeppelin/contracts/utils/Address.sol
DA:9,0
DA:70,2
DA:71,6
DA:83,2
DA:84,7
DA:85,0
DA:87,67
DA:88,6
DA:104,0
DA:105,0
DA:106,0
DA:114,1
DA:118,1
DA:119,4
DA:120,4
DA:124,12
DA:125,0
DA:127,3
DA:146,1
DA:148,5
DA:152,2
DA:153,5
DA:156,0
end_of_record

SF:/Users/corvus/Repos/opUSDC/node_modules/@openzeppelin/contracts/utils/Context.sol
DA:18,1
end_of_record

SF:/Users/corvus/Repos/opUSDC/node_modules/@openzeppelin/contracts/utils/ShortStrings.sol
DA:40,0
DA:42,0
DA:52,0
DA:53,0
DA:54,0
DA:55,0
DA:57,0
DA:89,0
DA:90,0
DA:91,0
DA:93,0
end_of_record

SF:/Users/corvus/Repos/opUSDC/node_modules/@openzeppelin/contracts/utils/StorageSlot.sol
DA:31,0
end_of_record

SF:/Users/corvus/Repos/opUSDC/node_modules/@openzeppelin/contracts/utils/Strings.sol
DA:12,0
end_of_record

SF:/Users/corvus/Repos/opUSDC/node_modules/@openzeppelin/contracts/utils/cryptography/ECDSA.sol
DA:12,0
DA:56,10
DA:57,7
DA:58,1
DA:65,5
DA:66,5
DA:67,6
DA:69,16
DA:71,0
DA:122,11
DA:127,3
DA:137,7
DA:138,0
DA:142,40
DA:143,5
DA:144,0
DA:147,5
end_of_record

SF:/Users/corvus/Repos/opUSDC/node_modules/@openzeppelin/contracts/utils/cryptography/MessageHashUtils.sol
DA:15,0
DA:76,1
DA:79,2
DA:80,2
DA:81,7
DA:82,4
DA:83,4
end_of_record

SF:/Users/corvus/Repos/opUSDC/node_modules/@openzeppelin/contracts/utils/cryptography/SignatureChecker.sol
DA:14,0
DA:22,9
DA:23,11
DA:24,4
DA:25,24
DA:26,1
DA:36,0
DA:40,0
DA:41,0
DA:42,0
DA:44,0
DA:45,0
DA:46,0
end_of_record

SF:/Users/corvus/Repos/opUSDC/node_modules/@openzeppelin/contracts/utils/math/Math.sol
DA:9,0
end_of_record

SF:/Users/corvus/Repos/opUSDC/node_modules/@openzeppelin/contracts/utils/math/SignedMath.sol
DA:9,0
end_of_record

SF:/Users/corvus/Repos/opUSDC/node_modules/forge-std/src/Base.sol
end_of_record

SF:/Users/corvus/Repos/opUSDC/node_modules/forge-std/src/StdAssertions.sol
DA:38,0
DA:39,0
DA:40,0
DA:42,0
end_of_record

SF:/Users/corvus/Repos/opUSDC/node_modules/forge-std/src/StdChains.sol
DA:66,0
end_of_record

SF:/Users/corvus/Repos/opUSDC/node_modules/forge-std/src/StdCheats.sol
end_of_record

SF:/Users/corvus/Repos/opUSDC/node_modules/forge-std/src/StdError.sol
DA:5,0
DA:6,0
DA:7,0
DA:8,0
DA:9,0
DA:10,0
DA:11,0
DA:12,0
DA:13,0
DA:14,0
end_of_record

SF:/Users/corvus/Repos/opUSDC/node_modules/forge-std/src/StdInvariant.sol
DA:78,0
DA:79,0
DA:82,0
DA:83,0
DA:86,0
DA:87,0
DA:90,0
DA:91,0
DA:94,0
DA:95,0
DA:98,0
DA:99,0
DA:102,0
DA:103,0
DA:106,0
DA:107,0
DA:110,0
DA:111,0
end_of_record

SF:/Users/corvus/Repos/opUSDC/node_modules/forge-std/src/StdJson.sol
DA:25,0
end_of_record

SF:/Users/corvus/Repos/opUSDC/node_modules/forge-std/src/StdMath.sol
DA:4,0
end_of_record

SF:/Users/corvus/Repos/opUSDC/node_modules/forge-std/src/StdStorage.sol
DA:24,0
DA:334,0
end_of_record

SF:/Users/corvus/Repos/opUSDC/node_modules/forge-std/src/StdStyle.sol
DA:6,0
end_of_record

SF:/Users/corvus/Repos/opUSDC/node_modules/forge-std/src/StdToml.sol
DA:25,0
end_of_record

SF:/Users/corvus/Repos/opUSDC/node_modules/forge-std/src/StdUtils.sol
end_of_record

SF:/Users/corvus/Repos/opUSDC/node_modules/forge-std/src/Test.sol
DA:32,0
end_of_record

SF:/Users/corvus/Repos/opUSDC/node_modules/forge-std/src/Vm.sol
end_of_record

SF:/Users/corvus/Repos/opUSDC/node_modules/forge-std/src/console.sol
DA:4,0
end_of_record

SF:/Users/corvus/Repos/opUSDC/node_modules/forge-std/src/console2.sol
DA:9,0
end_of_record

SF:/Users/corvus/Repos/opUSDC/node_modules/forge-std/src/interfaces/IERC165.sol
end_of_record

SF:/Users/corvus/Repos/opUSDC/node_modules/forge-std/src/interfaces/IERC20.sol
end_of_record

SF:/Users/corvus/Repos/opUSDC/node_modules/forge-std/src/interfaces/IERC721.sol
end_of_record

SF:/Users/corvus/Repos/opUSDC/node_modules/forge-std/src/interfaces/IMulticall3.sol
end_of_record

SF:/Users/corvus/Repos/opUSDC/node_modules/forge-std/src/mocks/MockERC20.sol
DA:8,0
DA:19,0
DA:20,0
DA:23,0
DA:24,0
DA:27,0
DA:28,0
DA:41,0
DA:42,0
DA:45,0
DA:46,0
DA:49,0
DA:50,0
DA:61,0
DA:72,0
DA:73,0
DA:75,0
DA:76,0
DA:77,0
DA:79,0
DA:80,0
DA:82,0
DA:89,0
DA:90,0
DA:92,0
DA:94,0
DA:97,0
DA:98,0
DA:99,0
DA:101,0
DA:106,0
DA:107,0
DA:109,0
DA:111,0
DA:112,0
DA:114,0
DA:116,0
DA:123,0
DA:126,0
DA:127,0
DA:129,0
DA:130,0
DA:131,0
DA:133,0
DA:134,0
DA:135,0
DA:136,0
DA:139,0
DA:140,0
DA:141,0
DA:142,0
DA:153,0
DA:155,0
DA:157,0
DA:160,0
DA:161,0
DA:164,0
DA:165,0
DA:166,0
DA:167,0
DA:168,0
DA:169,0
DA:170,0
DA:171,0
DA:180,0
DA:181,0
DA:182,0
DA:184,0
DA:187,0
DA:188,0
DA:189,0
DA:191,0
DA:198,0
DA:199,0
DA:200,0
DA:204,0
DA:205,0
DA:206,0
DA:217,0
DA:220,0
DA:226,0
DA:227,0
DA:232,0
end_of_record

SF:/Users/corvus/Repos/opUSDC/node_modules/forge-std/src/mocks/MockERC721.sol
DA:8,0
DA:17,0
DA:18,0
DA:21,0
DA:22,0
DA:25,0
DA:35,0
DA:36,0
DA:39,0
DA:40,0
DA:42,0
DA:53,0
DA:54,0
DA:57,0
DA:58,0
DA:70,0
DA:71,0
DA:73,0
DA:74,0
DA:76,0
DA:83,0
DA:84,0
DA:86,0
DA:88,0
DA:90,0
DA:93,0
DA:94,0
DA:96,0
DA:99,0
DA:100,0
DA:102,0
DA:104,0
DA:105,0
DA:111,0
DA:113,0
DA:115,0
DA:117,0
DA:119,0
DA:122,0
DA:123,0
DA:125,0
DA:126,0
DA:127,0
DA:128,0
DA:133,0
DA:139,0
DA:141,0
DA:142,0
DA:143,0
DA:144,0
DA:153,0
DA:154,0
DA:155,0
DA:156,0
DA:226,0
DA:229,0
end_of_record

SF:/Users/corvus/Repos/opUSDC/node_modules/forge-std/src/safeconsole.sol
DA:6,0
end_of_record

SF:/Users/corvus/Repos/opUSDC/node_modules/halmos-cheatcodes/src/SVM.sol
end_of_record

SF:/Users/corvus/Repos/opUSDC/node_modules/halmos-cheatcodes/src/SymTest.sol
end_of_record

SF:/Users/corvus/Repos/opUSDC/src/contracts/L1OpUSDCBridgeAdapter.sol
DA:18,294
DA:22,29
DA:25,22
DA:37,0
DA:41,0
DA:49,21
DA:50,5
DA:51,21
DA:52,16
DA:53,4
DA:68,22
DA:76,27
DA:79,37
DA:80,13
DA:83,9
DA:84,12
DA:86,46
DA:87,2
DA:88,28
DA:89,2
DA:92,14
DA:100,17
DA:101,29
DA:103,4
DA:104,8
DA:106,5
DA:113,12
DA:114,21
DA:117,16
DA:124,4
DA:125,59
DA:126,10
DA:129,5
DA:130,42
DA:134,3
DA:135,6
DA:136,5
DA:148,17
DA:151,37
DA:152,13
DA:155,8
DA:157,41
DA:158,27
DA:161,6
DA:170,19
DA:173,37
DA:174,13
DA:177,6
DA:179,41
DA:180,25
DA:183,13
DA:196,29
DA:197,18
DA:200,60
DA:203,29
DA:205,7
DA:218,41
DA:226,1
DA:227,18
DA:230,73
DA:233,29
DA:236,30
DA:239,7
DA:242,38
DA:244,53
DA:247,31
DA:249,7
DA:260,35
DA:262,46
DA:263,7
DA:265,42
DA:266,14
DA:276,3
DA:277,0
DA:280,0
DA:282,8
DA:290,0
DA:291,0
DA:292,0
DA:295,0
DA:297,0
DA:308,17
DA:309,6
DA:310,7
DA:323,1
DA:325,9
DA:328,46
DA:329,32
DA:332,7
end_of_record

SF:/Users/corvus/Repos/opUSDC/src/contracts/L1OpUSDCFactory.sol
DA:20,53
DA:22,1
DA:25,0
DA:28,0
DA:35,1
DA:38,8
DA:41,0
DA:47,0
DA:48,0
DA:78,26
DA:83,8
DA:86,38
DA:89,21
DA:92,8
DA:95,26
DA:96,175
DA:99,2
DA:101,29
DA:102,1
DA:103,8
DA:104,10
DA:105,1
DA:106,8
DA:110,69
DA:111,16
DA:115,7
DA:118,30
DA:119,54
DA:121,13
end_of_record

SF:/Users/corvus/Repos/opUSDC/src/contracts/L2OpUSDCBridgeAdapter.sol
DA:20,152
DA:36,0
DA:39,14
DA:52,0
DA:56,0
DA:65,17
DA:66,0
DA:67,0
DA:68,0
DA:69,0
DA:70,0
DA:83,17
DA:84,8
DA:85,16
DA:87,65
DA:90,59
DA:92,44
DA:93,34
DA:96,7
DA:104,19
DA:105,21
DA:108,45
DA:111,46
DA:121,13
DA:122,16
DA:124,8
DA:126,13
DA:132,12
DA:133,16
DA:135,6
DA:137,6
DA:150,17
DA:151,5
DA:153,67
DA:156,29
DA:158,7
DA:171,28
DA:179,1
DA:180,5
DA:182,67
DA:185,29
DA:188,30
DA:191,7
DA:194,38
DA:196,53
DA:199,31
DA:201,7
DA:212,25
DA:213,16
DA:214,0
DA:216,0
DA:217,0
DA:221,47
DA:222,14
DA:224,0
DA:225,8
DA:236,4
DA:237,0
DA:238,0
DA:240,0
DA:242,0
DA:243,0
DA:244,1
DA:245,0
DA:247,0
DA:248,0
DA:249,0
DA:252,8
DA:268,17
DA:269,8
DA:270,1
DA:272,4
DA:273,14
DA:274,3
DA:276,0
DA:277,15
DA:278,0
DA:280,41
DA:283,3
DA:284,13
DA:287,0
DA:300,1
DA:301,9
DA:304,38
DA:307,46
DA:308,32
DA:311,7
end_of_record

SF:/Users/corvus/Repos/opUSDC/src/contracts/L2OpUSDCDeploy.sol
DA:19,0
DA:20,0
DA:32,0
DA:38,0
DA:40,0
DA:41,0
DA:42,0
DA:43,0
DA:46,0
DA:47,0
DA:48,0
DA:49,0
DA:52,0
DA:54,0
DA:57,0
DA:70,0
DA:77,0
DA:78,0
DA:79,0
DA:80,0
DA:81,0
DA:82,0
DA:83,0
DA:84,0
DA:85,0
DA:89,0
DA:91,0
DA:93,0
DA:96,0
DA:97,0
DA:98,0
DA:99,0
DA:109,0
DA:111,0
DA:113,0
DA:114,0
end_of_record

SF:/Users/corvus/Repos/opUSDC/src/contracts/universal/OpUSDCBridgeAdapter.sol
DA:17,0
DA:18,1
DA:21,12
DA:24,31
DA:27,12
DA:33,23
DA:36,0
DA:39,62
DA:45,154
DA:46,26
DA:58,0
DA:59,0
DA:60,0
DA:61,0
DA:62,0
DA:123,0
DA:124,0
DA:130,0
DA:138,1
DA:140,7
DA:142,9
DA:150,6
DA:151,8
DA:152,25
DA:153,20
end_of_record

SF:/Users/corvus/Repos/opUSDC/src/contracts/utils/FallbackProxyAdmin.sol
DA:15,39
DA:17,0
DA:23,0
DA:24,0
DA:33,11
DA:34,13
DA:41,4
DA:42,31
DA:50,0
DA:51,0
end_of_record

SF:/Users/corvus/Repos/opUSDC/src/contracts/utils/USDCInitTxs.sol
DA:10,34
DA:14,26
DA:19,27
DA:24,53
end_of_record

SF:/Users/corvus/Repos/opUSDC/src/contracts/utils/USDCProxyCreationCode.sol
end_of_record

SF:/Users/corvus/Repos/opUSDC/src/interfaces/IL1OpUSDCBridgeAdapter.sol
end_of_record

SF:/Users/corvus/Repos/opUSDC/src/interfaces/IL1OpUSDCFactory.sol
end_of_record

SF:/Users/corvus/Repos/opUSDC/src/interfaces/IL2OpUSDCBridgeAdapter.sol
end_of_record

SF:/Users/corvus/Repos/opUSDC/src/interfaces/IL2OpUSDCDeploy.sol
end_of_record

SF:/Users/corvus/Repos/opUSDC/src/interfaces/IOpUSDCBridgeAdapter.sol
end_of_record

SF:/Users/corvus/Repos/opUSDC/src/interfaces/external/ICreate2Deployer.sol
end_of_record

SF:/Users/corvus/Repos/opUSDC/src/interfaces/external/ICrossDomainMessenger.sol
end_of_record

SF:/Users/corvus/Repos/opUSDC/src/interfaces/external/IOptimismPortal.sol
end_of_record

SF:/Users/corvus/Repos/opUSDC/src/interfaces/external/IUSDC.sol
end_of_record

SF:/Users/corvus/Repos/opUSDC/src/libraries/CrossChainDeployments.sol
DA:13,24
DA:21,5
DA:32,35
DA:38,4
DA:39,51
DA:40,15
DA:42,41
DA:47,60
DA:48,1
DA:50,0
DA:53,46
DA:54,6
DA:65,3
DA:69,1
DA:71,2
DA:72,5
DA:73,5
DA:74,3
DA:75,5
DA:76,3
DA:77,5
DA:88,3
DA:91,1
DA:92,1
DA:97,7
DA:98,20
DA:105,0
DA:106,0
DA:107,0
DA:108,0
DA:109,0
DA:110,0
DA:111,0
DA:112,0
DA:113,0
DA:114,0
DA:115,0
DA:116,0
DA:117,1
DA:118,0
DA:120,0
DA:123,8
end_of_record

SF:/Users/corvus/Repos/opUSDC/test/invariants/AdvancedTestsUtils.sol
DA:54,0
DA:55,0
DA:56,0
DA:59,0
DA:60,0
DA:64,0
DA:70,8
DA:71,32
DA:72,676
DA:76,0
DA:77,0
DA:78,0
DA:82,6
DA:83,21
DA:86,19
DA:87,22
DA:95,0
DA:98,0
DA:100,0
DA:102,4
DA:103,19
DA:106,4
DA:107,12
DA:115,0
DA:117,0
end_of_record

SF:/Users/corvus/Repos/opUSDC/test/invariants/fuzz/Create2Deployer.sol
DA:5,0
DA:7,0
DA:8,0
DA:9,0
DA:10,0
DA:13,0
DA:15,0
DA:17,0
end_of_record

SF:/Users/corvus/Repos/opUSDC/test/invariants/fuzz/MockBridge.sol
DA:7,58
DA:8,0
DA:13,25
DA:14,8
DA:15,10
DA:16,13
DA:18,40
DA:22,0
DA:29,0
DA:30,0
DA:31,0
DA:32,0
DA:34,0
DA:37,10
DA:38,7
DA:41,15
DA:42,14
DA:45,0
DA:46,0
DA:49,9
DA:50,3
DA:53,18
DA:54,3
DA:61,0
end_of_record

SF:/Users/corvus/Repos/opUSDC/test/invariants/fuzz/MockPortal.sol
DA:6,21
DA:7,16
end_of_record

SF:/Users/corvus/Repos/opUSDC/test/invariants/fuzz/OpUSDC.t.sol
DA:15,255
DA:33,5
DA:34,78
DA:35,78
DA:36,78
DA:38,78
DA:39,78
DA:40,76
DA:47,11
DA:49,35
DA:51,67
DA:52,71
DA:53,67
DA:55,9
DA:57,8
DA:59,68
DA:60,63
DA:62,44
DA:64,59
DA:66,77
DA:67,73
DA:68,22
DA:71,77
DA:72,23
DA:80,11
DA:88,10
DA:89,35
DA:90,67
DA:91,71
DA:93,8
DA:96,64
DA:97,62
DA:98,9
DA:99,3
DA:100,23
DA:102,6
DA:104,64
DA:105,63
DA:107,48
DA:110,76
DA:112,77
DA:113,69
DA:114,22
DA:117,82
DA:118,19
DA:126,11
DA:128,35
DA:129,67
DA:130,67
DA:132,9
DA:134,9
DA:136,69
DA:137,63
DA:139,44
DA:142,59
DA:144,77
DA:145,73
DA:146,31
DA:147,5
DA:150,77
DA:151,24
DA:159,17
DA:165,5
DA:167,10
DA:168,35
DA:169,67
DA:171,8
DA:173,64
DA:174,62
DA:175,9
DA:176,3
DA:177,23
DA:179,7
DA:181,61
DA:182,63
DA:184,48
DA:186,78
DA:188,77
DA:189,69
DA:190,12
DA:191,70
DA:194,82
DA:195,64
DA:201,5
DA:203,111
DA:204,72
DA:206,81
DA:207,71
DA:209,68
DA:210,70
DA:211,17
DA:213,117
DA:215,57
DA:216,77
DA:217,65
DA:219,0
DA:225,11
DA:227,70
DA:229,44
DA:232,49
DA:234,78
DA:235,3
DA:236,14
DA:237,10
DA:239,3
DA:242,3
DA:250,14
DA:251,70
DA:253,44
DA:255,49
DA:256,78
DA:257,3
DA:258,14
DA:259,10
DA:261,79
DA:263,3
DA:264,86
DA:265,75
DA:272,9
DA:274,68
DA:275,78
DA:276,70
DA:278,113
DA:281,49
DA:283,13
DA:285,77
DA:286,70
DA:287,7
DA:289,37
DA:295,6
DA:297,86
DA:302,14
DA:305,7
DA:306,78
DA:307,74
DA:310,20
DA:314,49
DA:318,61
DA:319,77
DA:323,60
DA:325,1
DA:331,17
DA:333,39
DA:334,81
DA:335,67
DA:337,8
DA:340,44
DA:341,62
DA:344,45
DA:347,63
DA:348,63
DA:350,113
DA:352,61
DA:355,63
DA:356,22
DA:358,31
DA:359,70
DA:362,0
DA:363,49
DA:369,11
DA:371,39
DA:372,81
DA:374,86
DA:377,0
DA:380,0
DA:382,0
DA:384,0
DA:386,0
DA:388,0
DA:394,5
DA:396,85
DA:398,2
DA:399,74
DA:401,8
DA:402,10
DA:408,11
DA:409,8
DA:410,117
DA:411,9
DA:412,75
DA:413,56
DA:415,0
DA:416,0
DA:417,0
DA:420,126
DA:422,0
DA:423,0
DA:430,11
DA:431,8
DA:433,117
DA:434,9
DA:435,58
DA:437,45
DA:438,54
DA:439,77
DA:441,9
DA:442,81
DA:443,49
DA:444,44
DA:446,7
DA:447,39
DA:451,0
DA:461,6
DA:462,34
DA:463,17
DA:464,21
DA:465,25
DA:468,35
DA:470,95
DA:475,19
DA:476,19
DA:478,27
DA:479,20
DA:482,0
DA:488,11
DA:489,67
DA:492,9
DA:494,7
DA:495,234
DA:498,41
DA:500,49
DA:503,81
DA:504,72
DA:510,5
DA:511,3
DA:512,86
DA:513,74
DA:514,74
DA:515,74
DA:517,2
DA:518,82
DA:519,74
DA:520,37
DA:526,13
DA:528,47
DA:530,0
DA:532,71
DA:536,11
DA:538,16
DA:552,20
DA:561,3
DA:562,8
DA:564,10
DA:565,61
DA:566,9
DA:567,3
DA:568,23
DA:570,48
DA:572,9
DA:574,11
DA:575,44
DA:576,62
DA:578,45
DA:579,73
DA:581,45
DA:582,58
DA:583,6
DA:584,41
DA:585,6
DA:586,24
DA:587,6
DA:588,26
DA:589,7
DA:590,46
DA:592,0
DA:594,6
DA:595,39
DA:596,6
DA:597,16
DA:599,45
DA:603,21
DA:612,3
DA:613,8
DA:615,10
DA:616,61
DA:617,9
DA:618,3
DA:619,23
DA:621,48
DA:623,7
DA:624,56
DA:625,6
DA:626,32
DA:627,6
DA:628,24
DA:629,6
DA:630,16
DA:631,6
DA:632,39
DA:633,6
DA:634,39
DA:635,7
DA:636,54
DA:639,0
DA:640,0
DA:644,50
DA:645,7
DA:651,23
DA:660,1
DA:661,8
DA:662,1
DA:664,8
DA:665,57
DA:666,8
DA:667,29
DA:669,36
DA:671,8
DA:672,57
DA:673,6
DA:674,24
DA:675,6
DA:676,14
DA:677,8
DA:678,21
DA:679,6
DA:680,14
DA:681,6
DA:682,14
DA:684,0
DA:687,45
DA:688,59
DA:691,20
DA:699,1
DA:700,8
DA:701,1
DA:703,8
DA:704,57
DA:705,8
DA:706,29
DA:708,36
DA:710,8
DA:711,57
DA:712,6
DA:713,14
DA:714,8
DA:715,21
DA:716,9
DA:717,21
DA:719,55
DA:722,45
DA:723,59
DA:729,19
DA:738,8
DA:740,8
DA:741,61
DA:742,6
DA:743,15
DA:744,6
DA:745,16
DA:746,6
DA:747,16
DA:748,6
DA:749,28
DA:750,8
DA:751,77
DA:752,6
DA:753,16
DA:754,6
DA:755,16
DA:756,6
DA:757,20
DA:759,6
DA:760,22
DA:761,6
DA:762,22
DA:763,6
DA:764,24
DA:765,6
DA:766,16
DA:767,6
DA:768,49
DA:773,11
DA:782,8
DA:784,6
DA:785,22
DA:786,6
DA:787,16
DA:788,6
DA:789,16
DA:790,6
DA:791,16
DA:792,6
DA:793,28
DA:794,6
DA:795,22
DA:796,6
DA:797,16
DA:798,6
DA:799,16
DA:800,6
DA:801,20
DA:803,6
DA:804,22
DA:805,6
DA:806,22
DA:807,6
DA:808,24
DA:809,6
DA:810,16
DA:811,5
DA:812,16
DA:816,19
DA:824,1
DA:825,8
DA:827,1
DA:829,8
DA:830,55
DA:831,6
DA:832,14
DA:833,6
DA:834,14
DA:835,6
DA:836,14
DA:837,6
DA:839,26
DA:840,6
DA:841,20
DA:842,6
DA:843,14
DA:844,6
DA:845,14
DA:846,6
DA:847,18
DA:849,6
DA:850,20
DA:851,6
DA:852,20
DA:853,6
DA:854,57
DA:858,11
DA:867,8
DA:869,1
DA:871,6
DA:872,20
DA:873,6
DA:874,14
DA:875,6
DA:876,14
DA:877,6
DA:878,14
DA:879,6
DA:881,26
DA:882,6
DA:883,20
DA:884,6
DA:885,14
DA:886,6
DA:887,14
DA:888,6
DA:889,18
DA:891,6
DA:892,20
DA:893,6
DA:894,20
DA:895,5
DA:896,22
DA:901,11
DA:902,5
DA:903,133
DA:904,86
DA:907,10
DA:910,1
DA:912,45
DA:913,57
DA:916,41
DA:917,72
DA:923,5
DA:925,45
DA:926,57
DA:928,41
DA:929,73
DA:931,41
DA:932,59
DA:935,41
DA:936,73
DA:939,3
DA:948,1
DA:949,33
DA:950,1
DA:951,1
DA:952,1
DA:953,1
DA:954,1
DA:957,66
DA:959,40
DA:960,62
DA:961,66
DA:962,19
end_of_record

SF:/Users/corvus/Repos/opUSDC/test/invariants/fuzz/SetupOpUSDC.sol
DA:18,0
DA:19,28
DA:26,0
DA:39,0
DA:45,0
DA:46,0
DA:47,0
DA:48,0
DA:51,0
DA:52,0
DA:53,0
DA:55,0
DA:56,0
DA:60,0
DA:61,0
DA:63,0
DA:64,0
DA:68,0
DA:71,0
DA:73,0
DA:74,0
DA:75,0
DA:76,0
DA:78,0
DA:82,0
DA:85,0
DA:87,0
DA:88,0
DA:89,0
DA:92,0
DA:95,0
DA:97,0
DA:98,0
DA:99,0
DA:103,0
DA:104,0
DA:105,0
DA:106,0
DA:107,0
DA:108,0
DA:111,0
DA:112,0
DA:113,0
DA:114,0
DA:116,0
DA:119,0
DA:122,0
DA:123,0
DA:124,0
DA:125,0
DA:126,0
DA:127,0
DA:128,0
DA:131,0
end_of_record

SF:/Users/corvus/Repos/opUSDC/test/utils/SigUtils.sol
DA:6,56
DA:10,1
DA:11,4
DA:12,3
DA:24,9
DA:25,2
DA:26,1
DA:28,6
DA:29,7
DA:31,6
DA:39,34
DA:42,2
DA:44,62
DA:53,6
DA:55,12
DA:56,25
end_of_record

SF:/Users/corvus/Repos/opUSDC/test/utils/USDCImplementationCreationCode.sol
end_of_record

SF:/Users/corvus/Repos/opUSDC/test/utils/interfaces/ITestCrossDomainMessenger.sol
end_of_record

